2022-03-24 02:58:03,645 
--------------------------------------------------------------------------------Getting urls for addiction recovery from general-conference
Pages 1-1000
--------------------------------------------------------------------------------
2022-03-24 02:58:03,771 
Success in getting page: 1
Response code: 200
Encoding: utf-8

2022-03-24 02:58:03,865 
Success in getting page: 2
Response code: 200
Encoding: utf-8

2022-03-24 02:58:03,963 
Success in getting page: 3
Response code: 200
Encoding: utf-8

2022-03-24 02:58:04,064 
Success in getting page: 4
Response code: 200
Encoding: utf-8

2022-03-24 02:58:04,169 
Success in getting page: 5
Response code: 200
Encoding: utf-8

2022-03-24 02:58:04,287 
Success in getting page: 6
Response code: 200
Encoding: utf-8

2022-03-24 02:58:04,382 
Success in getting page: 7
Response code: 200
Encoding: utf-8

2022-03-24 02:58:04,488 
Success in getting page: 8
Response code: 200
Encoding: utf-8

2022-03-24 02:58:04,583 
Success in getting page: 9
Response code: 200
Encoding: utf-8

2022-03-24 02:58:04,699 
Success in getting page: 10
Response code: 200
Encoding: utf-8

2022-03-24 02:58:04,797 
Success in getting page: 11
Response code: 200
Encoding: utf-8

2022-03-24 02:58:04,917 
Success in getting page: 12
Response code: 200
Encoding: utf-8

2022-03-24 02:58:05,034 
Success in getting page: 13
Response code: 200
Encoding: utf-8

2022-03-24 02:58:05,131 
Success in getting page: 14
Response code: 200
Encoding: utf-8

2022-03-24 02:58:05,225 
Success in getting page: 15
Response code: 200
Encoding: utf-8

2022-03-24 02:58:05,328 
Success in getting page: 16
Response code: 200
Encoding: utf-8

2022-03-24 02:58:05,428 
Success in getting page: 17
Response code: 200
Encoding: utf-8

2022-03-24 02:58:05,528 
Success in getting page: 18
Response code: 200
Encoding: utf-8

2022-03-24 02:58:05,633 
Success in getting page: 19
Response code: 200
Encoding: utf-8

2022-03-24 02:58:05,730 
Success in getting page: 20
Response code: 200
Encoding: utf-8

2022-03-24 02:58:05,849 
Success in getting page: 21
Response code: 200
Encoding: utf-8

2022-03-24 02:58:05,944 
Success in getting page: 22
Response code: 200
Encoding: utf-8

2022-03-24 02:58:06,048 
Success in getting page: 23
Response code: 200
Encoding: utf-8

2022-03-24 02:58:06,140 
Success in getting page: 24
Response code: 200
Encoding: utf-8

2022-03-24 02:58:06,236 
Success in getting page: 25
Response code: 200
Encoding: utf-8

2022-03-24 02:58:06,333 
Success in getting page: 26
Response code: 200
Encoding: utf-8

2022-03-24 02:58:06,450 
Success in getting page: 27
Response code: 200
Encoding: utf-8

2022-03-24 02:58:06,545 
Success in getting page: 28
Response code: 200
Encoding: utf-8

2022-03-24 02:58:06,660 
Success in getting page: 29
Response code: 200
Encoding: utf-8

2022-03-24 02:58:06,757 
Success in getting page: 30
Response code: 200
Encoding: utf-8

2022-03-24 02:58:06,854 
Success in getting page: 31
Response code: 200
Encoding: utf-8

2022-03-24 02:58:06,949 
Success in getting page: 32
Response code: 200
Encoding: utf-8

2022-03-24 02:58:07,064 
Success in getting page: 33
Response code: 200
Encoding: utf-8

2022-03-24 02:58:07,160 
Success in getting page: 34
Response code: 200
Encoding: utf-8

2022-03-24 02:58:07,259 
Success in getting page: 35
Response code: 200
Encoding: utf-8

2022-03-24 02:58:07,355 
Success in getting page: 36
Response code: 200
Encoding: utf-8

2022-03-24 02:58:07,452 
Success in getting page: 37
Response code: 200
Encoding: utf-8

2022-03-24 02:58:07,575 
Success in getting page: 38
Response code: 200
Encoding: utf-8

2022-03-24 02:58:07,693 
Success in getting page: 39
Response code: 200
Encoding: utf-8

2022-03-24 02:58:07,800 
Success in getting page: 40
Response code: 200
Encoding: utf-8

2022-03-24 02:58:07,896 
Success in getting page: 41
Response code: 200
Encoding: utf-8

2022-03-24 02:58:08,015 
Success in getting page: 42
Response code: 200
Encoding: utf-8

2022-03-24 02:58:09,609 
Success in getting page: 43
Response code: 200
Encoding: utf-8

2022-03-24 02:58:10,432 
Success in getting page: 44
Response code: 200
Encoding: utf-8

2022-03-24 02:58:10,806 
Success in getting page: 45
Response code: 200
Encoding: utf-8

2022-03-24 02:58:11,949 
Success in getting page: 46
Response code: 200
Encoding: utf-8

2022-03-24 02:58:12,046 
Success in getting page: 47
Response code: 200
Encoding: utf-8

2022-03-24 02:58:12,144 
Success in getting page: 48
Response code: 200
Encoding: utf-8

2022-03-24 02:58:12,246 
Success in getting page: 49
Response code: 200
Encoding: utf-8

2022-03-24 02:58:12,340 
Success in getting page: 50
Response code: 200
Encoding: utf-8

2022-03-24 02:58:12,438 
Success in getting page: 51
Response code: 200
Encoding: utf-8

2022-03-24 02:58:12,540 
Success in getting page: 52
Response code: 200
Encoding: utf-8

2022-03-24 02:58:12,656 
Success in getting page: 53
Response code: 200
Encoding: utf-8

2022-03-24 02:58:12,755 
Success in getting page: 54
Response code: 200
Encoding: utf-8

2022-03-24 02:58:12,859 
Success in getting page: 55
Response code: 200
Encoding: utf-8

2022-03-24 02:58:12,959 
Success in getting page: 56
Response code: 200
Encoding: utf-8

2022-03-24 02:58:13,053 
Success in getting page: 57
Response code: 200
Encoding: utf-8

2022-03-24 02:58:13,153 
Success in getting page: 58
Response code: 200
Encoding: utf-8

2022-03-24 02:58:13,248 
Success in getting page: 59
Response code: 200
Encoding: utf-8

2022-03-24 02:58:13,378 
Success in getting page: 60
Response code: 200
Encoding: utf-8

2022-03-24 02:58:13,475 
Success in getting page: 61
Response code: 200
Encoding: utf-8

2022-03-24 02:58:13,577 
Success in getting page: 62
Response code: 200
Encoding: utf-8

2022-03-24 02:58:13,672 
Success in getting page: 63
Response code: 200
Encoding: utf-8

2022-03-24 02:58:13,772 
Success in getting page: 64
Response code: 200
Encoding: utf-8

2022-03-24 02:58:13,867 
Success in getting page: 65
Response code: 200
Encoding: utf-8

2022-03-24 02:58:13,955 
Success in getting page: 66
Response code: 200
Encoding: utf-8

2022-03-24 02:58:14,045 
Success in getting page: 67
Response code: 200
Encoding: utf-8

2022-03-24 02:58:14,140 
Success in getting page: 68
Response code: 200
Encoding: utf-8

2022-03-24 02:58:14,233 
Success in getting page: 69
Response code: 200
Encoding: utf-8

2022-03-24 02:58:14,328 
Success in getting page: 70
Response code: 200
Encoding: utf-8

2022-03-24 02:58:14,423 
Success in getting page: 71
Response code: 200
Encoding: utf-8

2022-03-24 02:58:14,520 
Success in getting page: 72
Response code: 200
Encoding: utf-8

2022-03-24 02:58:14,630 
Success in getting page: 73
Response code: 200
Encoding: utf-8

2022-03-24 02:58:14,731 
Success in getting page: 74
Response code: 200
Encoding: utf-8

2022-03-24 02:58:14,837 
Success in getting page: 75
Response code: 200
Encoding: utf-8

2022-03-24 02:58:14,962 
Success in getting page: 76
Response code: 200
Encoding: utf-8

2022-03-24 02:58:15,052 
Success in getting page: 77
Response code: 200
Encoding: utf-8

2022-03-24 02:58:15,148 
Success in getting page: 78
Response code: 200
Encoding: utf-8

2022-03-24 02:58:15,244 
Success in getting page: 79
Response code: 200
Encoding: utf-8

2022-03-24 02:58:15,337 
Success in getting page: 80
Response code: 200
Encoding: utf-8

2022-03-24 02:58:15,433 
Success in getting page: 81
Response code: 200
Encoding: utf-8

2022-03-24 02:58:15,531 
Success in getting page: 82
Response code: 200
Encoding: utf-8

2022-03-24 02:58:15,634 
Success in getting page: 83
Response code: 200
Encoding: utf-8

2022-03-24 02:58:15,727 
Success in getting page: 84
Response code: 200
Encoding: utf-8

2022-03-24 02:58:15,823 
Success in getting page: 85
Response code: 200
Encoding: utf-8

2022-03-24 02:58:15,918 
Success in getting page: 86
Response code: 200
Encoding: utf-8

2022-03-24 02:58:16,023 
Success in getting page: 87
Response code: 200
Encoding: utf-8

2022-03-24 02:58:16,142 
Success in getting page: 88
Response code: 200
Encoding: utf-8

2022-03-24 02:58:16,235 
Success in getting page: 89
Response code: 200
Encoding: utf-8

2022-03-24 02:58:16,339 
Success in getting page: 90
Response code: 200
Encoding: utf-8

2022-03-24 02:58:16,437 
Success in getting page: 91
Response code: 200
Encoding: utf-8

2022-03-24 02:58:16,529 
Success in getting page: 92
Response code: 200
Encoding: utf-8

2022-03-24 02:58:16,649 
Success in getting page: 93
Response code: 200
Encoding: utf-8

2022-03-24 02:58:16,746 
Success in getting page: 94
Response code: 200
Encoding: utf-8

2022-03-24 02:58:16,861 
Success in getting page: 95
Response code: 200
Encoding: utf-8

2022-03-24 02:58:16,960 
Success in getting page: 96
Response code: 200
Encoding: utf-8

2022-03-24 02:58:17,055 
Success in getting page: 97
Response code: 200
Encoding: utf-8

2022-03-24 02:58:17,155 
Success in getting page: 98
Response code: 200
Encoding: utf-8

2022-03-24 02:58:17,260 
Success in getting page: 99
Response code: 200
Encoding: utf-8

2022-03-24 02:58:17,354 
Success in getting page: 100
Response code: 200
Encoding: utf-8

2022-03-24 02:58:18,642 
Success in getting page: 101
Response code: 200
Encoding: utf-8

2022-03-24 02:58:19,450 
Success in getting page: 102
Response code: 200
Encoding: utf-8

2022-03-24 02:58:20,181 
Success in getting page: 103
Response code: 200
Encoding: utf-8

2022-03-24 02:58:20,937 
Success in getting page: 104
Response code: 200
Encoding: utf-8

2022-03-24 02:58:21,720 
Success in getting page: 105
Response code: 200
Encoding: utf-8

2022-03-24 02:58:22,505 
Success in getting page: 106
Response code: 200
Encoding: utf-8

2022-03-24 02:58:23,366 
Success in getting page: 107
Response code: 200
Encoding: utf-8

2022-03-24 02:58:24,172 
Success in getting page: 108
Response code: 200
Encoding: utf-8

2022-03-24 02:58:25,700 
Success in getting page: 109
Response code: 200
Encoding: utf-8

2022-03-24 02:58:26,961 
Success in getting page: 110
Response code: 200
Encoding: utf-8

2022-03-24 02:58:27,809 
Success in getting page: 111
Response code: 200
Encoding: utf-8

2022-03-24 02:58:28,574 
Success in getting page: 112
Response code: 200
Encoding: utf-8

2022-03-24 02:58:29,332 
Success in getting page: 113
Response code: 200
Encoding: utf-8

2022-03-24 02:58:30,169 
Success in getting page: 114
Response code: 200
Encoding: utf-8

2022-03-24 02:58:31,103 
Success in getting page: 115
Response code: 200
Encoding: utf-8

2022-03-24 02:58:32,120 
Success in getting page: 116
Response code: 200
Encoding: utf-8

2022-03-24 02:58:34,094 
Success in getting page: 117
Response code: 200
Encoding: utf-8

2022-03-24 02:58:34,921 
Success in getting page: 118
Response code: 200
Encoding: utf-8

2022-03-24 02:58:35,694 
Success in getting page: 119
Response code: 200
Encoding: utf-8

2022-03-24 02:58:36,609 
Success in getting page: 120
Response code: 200
Encoding: utf-8

2022-03-24 02:58:40,415 
Success in getting page: 121
Response code: 200
Encoding: utf-8

2022-03-24 02:58:41,250 
Success in getting page: 122
Response code: 200
Encoding: utf-8

2022-03-24 02:58:42,152 
Success in getting page: 123
Response code: 200
Encoding: utf-8

2022-03-24 02:58:42,972 
Success in getting page: 124
Response code: 200
Encoding: utf-8

2022-03-24 02:58:43,907 
Success in getting page: 125
Response code: 200
Encoding: utf-8

2022-03-24 02:58:44,643 
Success in getting page: 126
Response code: 200
Encoding: utf-8

2022-03-24 02:58:45,448 
Success in getting page: 127
Response code: 200
Encoding: utf-8

2022-03-24 02:58:46,167 
Success in getting page: 128
Response code: 200
Encoding: utf-8

2022-03-24 02:58:46,986 
Success in getting page: 129
Response code: 200
Encoding: utf-8

2022-03-24 02:58:47,756 
Success in getting page: 130
Response code: 200
Encoding: utf-8

2022-03-24 02:58:48,579 
Success in getting page: 131
Response code: 200
Encoding: utf-8

2022-03-24 02:58:49,553 
Success in getting page: 132
Response code: 200
Encoding: utf-8

2022-03-24 02:58:50,320 
Success in getting page: 133
Response code: 200
Encoding: utf-8

2022-03-24 02:58:51,145 
Success in getting page: 134
Response code: 200
Encoding: utf-8

2022-03-24 02:58:51,938 
Success in getting page: 135
Response code: 200
Encoding: utf-8

2022-03-24 02:58:52,741 
Success in getting page: 136
Response code: 200
Encoding: utf-8

2022-03-24 02:58:54,358 
Success in getting page: 137
Response code: 200
Encoding: utf-8

2022-03-24 02:58:55,168 
Success in getting page: 138
Response code: 200
Encoding: utf-8

2022-03-24 02:58:56,241 
Success in getting page: 139
Response code: 200
Encoding: utf-8

2022-03-24 02:58:57,132 
Success in getting page: 140
Response code: 200
Encoding: utf-8

2022-03-24 02:58:57,912 
Success in getting page: 141
Response code: 200
Encoding: utf-8

2022-03-24 02:58:58,881 
Success in getting page: 142
Response code: 200
Encoding: utf-8

2022-03-24 02:58:59,648 
Success in getting page: 143
Response code: 200
Encoding: utf-8

2022-03-24 02:59:00,850 
Success in getting page: 144
Response code: 200
Encoding: utf-8

2022-03-24 02:59:01,587 
Success in getting page: 145
Response code: 200
Encoding: utf-8

2022-03-24 02:59:02,412 
Success in getting page: 146
Response code: 200
Encoding: utf-8

2022-03-24 02:59:03,287 
Success in getting page: 147
Response code: 200
Encoding: utf-8

2022-03-24 02:59:04,601 
Success in getting page: 148
Response code: 200
Encoding: utf-8

2022-03-24 02:59:05,394 
Success in getting page: 149
Response code: 200
Encoding: utf-8

2022-03-24 02:59:06,155 
Success in getting page: 150
Response code: 200
Encoding: utf-8

2022-03-24 02:59:07,004 
Success in getting page: 151
Response code: 200
Encoding: utf-8

2022-03-24 02:59:08,165 
Success in getting page: 152
Response code: 200
Encoding: utf-8

2022-03-24 02:59:08,952 
Success in getting page: 153
Response code: 200
Encoding: utf-8

2022-03-24 02:59:10,077 
Success in getting page: 154
Response code: 200
Encoding: utf-8

2022-03-24 02:59:10,876 
Success in getting page: 155
Response code: 200
Encoding: utf-8

2022-03-24 02:59:11,677 
Success in getting page: 156
Response code: 200
Encoding: utf-8

2022-03-24 02:59:12,717 
Success in getting page: 157
Response code: 200
Encoding: utf-8

2022-03-24 02:59:13,556 
Success in getting page: 158
Response code: 200
Encoding: utf-8

2022-03-24 02:59:14,471 
Success in getting page: 159
Response code: 200
Encoding: utf-8

2022-03-24 02:59:15,261 
Success in getting page: 160
Response code: 200
Encoding: utf-8

2022-03-24 02:59:16,079 
Success in getting page: 161
Response code: 200
Encoding: utf-8

2022-03-24 02:59:17,400 
Success in getting page: 162
Response code: 200
Encoding: utf-8

2022-03-24 02:59:18,176 
Success in getting page: 163
Response code: 200
Encoding: utf-8

2022-03-24 02:59:19,093 
Success in getting page: 164
Response code: 200
Encoding: utf-8

2022-03-24 02:59:19,984 
Success in getting page: 165
Response code: 200
Encoding: utf-8

2022-03-24 02:59:20,730 
Success in getting page: 166
Response code: 200
Encoding: utf-8

2022-03-24 02:59:21,530 
Success in getting page: 167
Response code: 200
Encoding: utf-8

2022-03-24 02:59:22,261 
Success in getting page: 168
Response code: 200
Encoding: utf-8

2022-03-24 02:59:23,074 
Success in getting page: 169
Response code: 200
Encoding: utf-8

2022-03-24 02:59:23,986 
Success in getting page: 170
Response code: 200
Encoding: utf-8

2022-03-24 02:59:24,788 
Success in getting page: 171
Response code: 200
Encoding: utf-8

2022-03-24 02:59:25,616 
Success in getting page: 172
Response code: 200
Encoding: utf-8

2022-03-24 02:59:26,441 
Success in getting page: 173
Response code: 200
Encoding: utf-8

2022-03-24 02:59:27,308 
Success in getting page: 174
Response code: 200
Encoding: utf-8

2022-03-24 02:59:28,095 
Success in getting page: 175
Response code: 200
Encoding: utf-8

2022-03-24 02:59:28,817 
Success in getting page: 176
Response code: 200
Encoding: utf-8

2022-03-24 02:59:29,681 
Success in getting page: 177
Response code: 200
Encoding: utf-8

2022-03-24 02:59:30,497 
Success in getting page: 178
Response code: 200
Encoding: utf-8

2022-03-24 02:59:31,362 
Success in getting page: 179
Response code: 200
Encoding: utf-8

2022-03-24 02:59:32,265 
Success in getting page: 180
Response code: 200
Encoding: utf-8

2022-03-24 02:59:33,053 
Success in getting page: 181
Response code: 200
Encoding: utf-8

2022-03-24 02:59:34,104 
Success in getting page: 182
Response code: 200
Encoding: utf-8

2022-03-24 02:59:35,535 
Success in getting page: 183
Response code: 200
Encoding: utf-8

2022-03-24 02:59:36,289 
Success in getting page: 184
Response code: 200
Encoding: utf-8

2022-03-24 02:59:37,181 
Success in getting page: 185
Response code: 200
Encoding: utf-8

2022-03-24 02:59:38,243 
Success in getting page: 186
Response code: 200
Encoding: utf-8

2022-03-24 02:59:39,446 
Success in getting page: 187
Response code: 200
Encoding: utf-8

2022-03-24 02:59:40,185 
Success in getting page: 188
Response code: 200
Encoding: utf-8

2022-03-24 02:59:41,230 
Success in getting page: 189
Response code: 200
Encoding: utf-8

2022-03-24 02:59:42,282 
Success in getting page: 190
Response code: 200
Encoding: utf-8

2022-03-24 02:59:43,099 
Success in getting page: 191
Response code: 200
Encoding: utf-8

2022-03-24 02:59:44,003 
Success in getting page: 192
Response code: 200
Encoding: utf-8

2022-03-24 02:59:44,751 
Success in getting page: 193
Response code: 200
Encoding: utf-8

2022-03-24 02:59:45,608 
Success in getting page: 194
Response code: 200
Encoding: utf-8

2022-03-24 02:59:46,584 
Success in getting page: 195
Response code: 200
Encoding: utf-8

2022-03-24 02:59:47,691 
Success in getting page: 196
Response code: 200
Encoding: utf-8

2022-03-24 02:59:48,554 
Success in getting page: 197
Response code: 200
Encoding: utf-8

2022-03-24 02:59:49,505 
Success in getting page: 198
Response code: 200
Encoding: utf-8

2022-03-24 02:59:50,273 
Success in getting page: 199
Response code: 200
Encoding: utf-8

2022-03-24 02:59:51,177 
Success in getting page: 200
Response code: 200
Encoding: utf-8

2022-03-24 02:59:52,076 
Success in getting page: 201
Response code: 200
Encoding: utf-8

2022-03-24 02:59:52,985 
Success in getting page: 202
Response code: 200
Encoding: utf-8

2022-03-24 02:59:53,937 
Success in getting page: 203
Response code: 200
Encoding: utf-8

2022-03-24 02:59:55,345 
Success in getting page: 204
Response code: 200
Encoding: utf-8

2022-03-24 02:59:56,268 
Success in getting page: 205
Response code: 200
Encoding: utf-8

2022-03-24 02:59:57,042 
Success in getting page: 206
Response code: 200
Encoding: utf-8

2022-03-24 02:59:57,800 
Success in getting page: 207
Response code: 200
Encoding: utf-8

2022-03-24 02:59:58,759 
Success in getting page: 208
Response code: 200
Encoding: utf-8

2022-03-24 02:59:59,579 
Success in getting page: 209
Response code: 200
Encoding: utf-8

2022-03-24 03:00:00,397 
Success in getting page: 210
Response code: 200
Encoding: utf-8

2022-03-24 03:00:01,337 
Success in getting page: 211
Response code: 200
Encoding: utf-8

2022-03-24 03:00:02,748 
Success in getting page: 212
Response code: 200
Encoding: utf-8

2022-03-24 03:00:03,559 
Success in getting page: 213
Response code: 200
Encoding: utf-8

2022-03-24 03:00:04,548 
Success in getting page: 214
Response code: 200
Encoding: utf-8

2022-03-24 03:00:05,248 
Success in getting page: 215
Response code: 200
Encoding: utf-8

2022-03-24 03:00:06,269 
Success in getting page: 216
Response code: 200
Encoding: utf-8

2022-03-24 03:00:07,011 
Success in getting page: 217
Response code: 200
Encoding: utf-8

2022-03-24 03:00:07,866 
Success in getting page: 218
Response code: 200
Encoding: utf-8

2022-03-24 03:00:09,111 
Success in getting page: 219
Response code: 200
Encoding: utf-8

2022-03-24 03:00:10,045 
Success in getting page: 220
Response code: 200
Encoding: utf-8

2022-03-24 03:00:11,643 
Success in getting page: 221
Response code: 200
Encoding: utf-8

2022-03-24 03:00:12,425 
Success in getting page: 222
Response code: 200
Encoding: utf-8

2022-03-24 03:00:13,285 
Success in getting page: 223
Response code: 200
Encoding: utf-8

2022-03-24 03:00:14,395 
Success in getting page: 224
Response code: 200
Encoding: utf-8

2022-03-24 03:00:15,397 
Success in getting page: 225
Response code: 200
Encoding: utf-8

2022-03-24 03:00:16,130 
Success in getting page: 226
Response code: 200
Encoding: utf-8

2022-03-24 03:00:17,369 
Success in getting page: 227
Response code: 200
Encoding: utf-8

2022-03-24 03:00:18,199 
Success in getting page: 228
Response code: 200
Encoding: utf-8

2022-03-24 03:00:19,005 
Success in getting page: 229
Response code: 200
Encoding: utf-8

2022-03-24 03:00:19,914 
Success in getting page: 230
Response code: 200
Encoding: utf-8

2022-03-24 03:00:20,939 
Success in getting page: 231
Response code: 200
Encoding: utf-8

2022-03-24 03:00:21,816 
Success in getting page: 232
Response code: 200
Encoding: utf-8

2022-03-24 03:00:22,812 
Success in getting page: 233
Response code: 200
Encoding: utf-8

2022-03-24 03:00:23,745 
Success in getting page: 234
Response code: 200
Encoding: utf-8

2022-03-24 03:00:24,540 
Success in getting page: 235
Response code: 200
Encoding: utf-8

2022-03-24 03:00:25,450 
Success in getting page: 236
Response code: 200
Encoding: utf-8

2022-03-24 03:00:26,287 
Success in getting page: 237
Response code: 200
Encoding: utf-8

2022-03-24 03:00:27,024 
Success in getting page: 238
Response code: 200
Encoding: utf-8

2022-03-24 03:00:27,833 
Success in getting page: 239
Response code: 200
Encoding: utf-8

2022-03-24 03:00:28,666 
Success in getting page: 240
Response code: 200
Encoding: utf-8

2022-03-24 03:00:29,645 
Success in getting page: 241
Response code: 200
Encoding: utf-8

2022-03-24 03:00:30,559 
Success in getting page: 242
Response code: 200
Encoding: utf-8

2022-03-24 03:00:31,733 
Success in getting page: 243
Response code: 200
Encoding: utf-8

2022-03-24 03:00:32,882 
Success in getting page: 244
Response code: 200
Encoding: utf-8

2022-03-24 03:00:34,026 
Success in getting page: 245
Response code: 200
Encoding: utf-8

2022-03-24 03:00:34,923 
Success in getting page: 246
Response code: 200
Encoding: utf-8

2022-03-24 03:00:35,679 
Success in getting page: 247
Response code: 200
Encoding: utf-8

2022-03-24 03:00:36,668 
Success in getting page: 248
Response code: 200
Encoding: utf-8

2022-03-24 03:00:38,287 
Success in getting page: 249
Response code: 200
Encoding: utf-8

2022-03-24 03:00:38,994 
Success in getting page: 250
Response code: 200
Encoding: utf-8

2022-03-24 03:00:39,796 
Success in getting page: 251
Response code: 200
Encoding: utf-8

2022-03-24 03:00:40,611 
Success in getting page: 252
Response code: 200
Encoding: utf-8

2022-03-24 03:00:41,347 
Success in getting page: 253
Response code: 200
Encoding: utf-8

2022-03-24 03:00:42,200 
Success in getting page: 254
Response code: 200
Encoding: utf-8

2022-03-24 03:00:42,991 
Success in getting page: 255
Response code: 200
Encoding: utf-8

2022-03-24 03:00:43,977 
Success in getting page: 256
Response code: 200
Encoding: utf-8

2022-03-24 03:00:44,703 
Success in getting page: 257
Response code: 200
Encoding: utf-8

2022-03-24 03:00:45,632 
Success in getting page: 258
Response code: 200
Encoding: utf-8

2022-03-24 03:00:46,385 
Success in getting page: 259
Response code: 200
Encoding: utf-8

2022-03-24 03:00:47,107 
Success in getting page: 260
Response code: 200
Encoding: utf-8

2022-03-24 03:00:48,007 
Success in getting page: 261
Response code: 200
Encoding: utf-8

2022-03-24 03:00:48,956 
Success in getting page: 262
Response code: 200
Encoding: utf-8

2022-03-24 03:00:49,874 
Success in getting page: 263
Response code: 200
Encoding: utf-8

2022-03-24 03:00:51,003 
Success in getting page: 264
Response code: 200
Encoding: utf-8

2022-03-24 03:00:51,924 
Success in getting page: 265
Response code: 200
Encoding: utf-8

2022-03-24 03:00:53,063 
Success in getting page: 266
Response code: 200
Encoding: utf-8

2022-03-24 03:00:53,952 
Success in getting page: 267
Response code: 200
Encoding: utf-8

2022-03-24 03:00:54,899 
Success in getting page: 268
Response code: 200
Encoding: utf-8

2022-03-24 03:00:55,695 
Success in getting page: 269
Response code: 200
Encoding: utf-8

2022-03-24 03:00:56,660 
Success in getting page: 270
Response code: 200
Encoding: utf-8

2022-03-24 03:00:57,379 
Success in getting page: 271
Response code: 200
Encoding: utf-8

2022-03-24 03:00:58,283 
Success in getting page: 272
Response code: 200
Encoding: utf-8

2022-03-24 03:00:59,332 
Success in getting page: 273
Response code: 200
Encoding: utf-8

2022-03-24 03:01:00,258 
Success in getting page: 274
Response code: 200
Encoding: utf-8

2022-03-24 03:01:01,007 
Success in getting page: 275
Response code: 200
Encoding: utf-8

2022-03-24 03:01:02,596 
Success in getting page: 276
Response code: 200
Encoding: utf-8

2022-03-24 03:01:03,483 
Success in getting page: 277
Response code: 200
Encoding: utf-8

2022-03-24 03:01:04,228 
Success in getting page: 278
Response code: 200
Encoding: utf-8

2022-03-24 03:01:04,892 
Success in getting page: 279
Response code: 200
Encoding: utf-8

2022-03-24 03:01:05,922 
Success in getting page: 280
Response code: 200
Encoding: utf-8

2022-03-24 03:01:06,867 
Success in getting page: 281
Response code: 200
Encoding: utf-8

2022-03-24 03:01:07,756 
Success in getting page: 282
Response code: 200
Encoding: utf-8

2022-03-24 03:01:08,688 
Success in getting page: 283
Response code: 200
Encoding: utf-8

2022-03-24 03:01:09,382 
Success in getting page: 284
Response code: 200
Encoding: utf-8

2022-03-24 03:01:10,183 
Success in getting page: 285
Response code: 200
Encoding: utf-8

2022-03-24 03:01:13,472 
Success in getting page: 286
Response code: 200
Encoding: utf-8

2022-03-24 03:01:14,397 
Success in getting page: 287
Response code: 200
Encoding: utf-8

2022-03-24 03:01:15,406 
Success in getting page: 288
Response code: 200
Encoding: utf-8

2022-03-24 03:01:16,427 
Success in getting page: 289
Response code: 200
Encoding: utf-8

2022-03-24 03:01:17,333 
Success in getting page: 290
Response code: 200
Encoding: utf-8

2022-03-24 03:01:18,149 
Success in getting page: 291
Response code: 200
Encoding: utf-8

2022-03-24 03:01:18,858 
Success in getting page: 292
Response code: 200
Encoding: utf-8

2022-03-24 03:01:19,715 
Success in getting page: 293
Response code: 200
Encoding: utf-8

2022-03-24 03:01:20,642 
Success in getting page: 294
Response code: 200
Encoding: utf-8

2022-03-24 03:01:21,390 
Success in getting page: 295
Response code: 200
Encoding: utf-8

2022-03-24 03:01:22,345 
Success in getting page: 296
Response code: 200
Encoding: utf-8

2022-03-24 03:01:23,157 
Success in getting page: 297
Response code: 200
Encoding: utf-8

2022-03-24 03:01:23,909 
Success in getting page: 298
Response code: 200
Encoding: utf-8

2022-03-24 03:01:24,900 
Success in getting page: 299
Response code: 200
Encoding: utf-8

2022-03-24 03:01:25,762 
Success in getting page: 300
Response code: 200
Encoding: utf-8

2022-03-24 03:01:26,566 
Success in getting page: 301
Response code: 200
Encoding: utf-8

2022-03-24 03:01:27,464 
Success in getting page: 302
Response code: 200
Encoding: utf-8

2022-03-24 03:01:28,304 
Success in getting page: 303
Response code: 200
Encoding: utf-8

2022-03-24 03:01:29,146 
Success in getting page: 304
Response code: 200
Encoding: utf-8

2022-03-24 03:01:29,947 
Success in getting page: 305
Response code: 200
Encoding: utf-8

2022-03-24 03:01:30,767 
Success in getting page: 306
Response code: 200
Encoding: utf-8

2022-03-24 03:01:31,628 
Success in getting page: 307
Response code: 200
Encoding: utf-8

2022-03-24 03:01:32,580 
Success in getting page: 308
Response code: 200
Encoding: utf-8

2022-03-24 03:01:33,584 
Success in getting page: 309
Response code: 200
Encoding: utf-8

2022-03-24 03:01:34,455 
Success in getting page: 310
Response code: 200
Encoding: utf-8

2022-03-24 03:01:35,404 
Success in getting page: 311
Response code: 200
Encoding: utf-8

2022-03-24 03:01:36,261 
Success in getting page: 312
Response code: 200
Encoding: utf-8

2022-03-24 03:01:37,114 
Success in getting page: 313
Response code: 200
Encoding: utf-8

2022-03-24 03:01:38,214 
Success in getting page: 314
Response code: 200
Encoding: utf-8

2022-03-24 03:01:39,196 
Success in getting page: 315
Response code: 200
Encoding: utf-8

2022-03-24 03:01:40,041 
Success in getting page: 316
Response code: 200
Encoding: utf-8

2022-03-24 03:01:41,052 
Success in getting page: 317
Response code: 200
Encoding: utf-8

2022-03-24 03:01:41,867 
Success in getting page: 318
Response code: 200
Encoding: utf-8

2022-03-24 03:01:42,867 
Success in getting page: 319
Response code: 200
Encoding: utf-8

2022-03-24 03:01:43,896 
Success in getting page: 320
Response code: 200
Encoding: utf-8

2022-03-24 03:01:44,679 
Success in getting page: 321
Response code: 200
Encoding: utf-8

2022-03-24 03:01:45,718 
Success in getting page: 322
Response code: 200
Encoding: utf-8

2022-03-24 03:01:46,455 
Success in getting page: 323
Response code: 200
Encoding: utf-8

2022-03-24 03:01:47,331 
Success in getting page: 324
Response code: 200
Encoding: utf-8

2022-03-24 03:01:48,208 
Success in getting page: 325
Response code: 200
Encoding: utf-8

2022-03-24 03:01:48,953 
Success in getting page: 326
Response code: 200
Encoding: utf-8

2022-03-24 03:01:49,877 
Success in getting page: 327
Response code: 200
Encoding: utf-8

2022-03-24 03:01:50,787 
Success in getting page: 328
Response code: 200
Encoding: utf-8

2022-03-24 03:01:51,595 
Success in getting page: 329
Response code: 200
Encoding: utf-8

2022-03-24 03:01:52,658 
Success in getting page: 330
Response code: 200
Encoding: utf-8

2022-03-24 03:01:53,676 
Success in getting page: 331
Response code: 200
Encoding: utf-8

2022-03-24 03:01:54,608 
Success in getting page: 332
Response code: 200
Encoding: utf-8

2022-03-24 03:01:55,693 
Success in getting page: 333
Response code: 200
Encoding: utf-8

2022-03-24 03:01:56,477 
Success in getting page: 334
Response code: 200
Encoding: utf-8

2022-03-24 03:01:57,143 
Success in getting page: 335
Response code: 200
Encoding: utf-8

2022-03-24 03:01:58,073 
Success in getting page: 336
Response code: 200
Encoding: utf-8

2022-03-24 03:01:58,973 
Success in getting page: 337
Response code: 200
Encoding: utf-8

2022-03-24 03:01:59,826 
Success in getting page: 338
Response code: 200
Encoding: utf-8

2022-03-24 03:02:00,622 
Success in getting page: 339
Response code: 200
Encoding: utf-8

2022-03-24 03:02:01,594 
Success in getting page: 340
Response code: 200
Encoding: utf-8

2022-03-24 03:02:03,002 
Success in getting page: 341
Response code: 200
Encoding: utf-8

2022-03-24 03:02:03,774 
Success in getting page: 342
Response code: 200
Encoding: utf-8

2022-03-24 03:02:04,697 
Success in getting page: 343
Response code: 200
Encoding: utf-8

2022-03-24 03:02:05,586 
Success in getting page: 344
Response code: 200
Encoding: utf-8

2022-03-24 03:02:06,824 
Success in getting page: 345
Response code: 200
Encoding: utf-8

2022-03-24 03:02:07,522 
Success in getting page: 346
Response code: 200
Encoding: utf-8

2022-03-24 03:02:08,289 
Success in getting page: 347
Response code: 200
Encoding: utf-8

2022-03-24 03:02:09,057 
Success in getting page: 348
Response code: 200
Encoding: utf-8

2022-03-24 03:02:09,737 
Success in getting page: 349
Response code: 200
Encoding: utf-8

2022-03-24 03:02:10,499 
Success in getting page: 350
Response code: 200
Encoding: utf-8

2022-03-24 03:02:11,458 
Success in getting page: 351
Response code: 200
Encoding: utf-8

2022-03-24 03:02:12,311 
Success in getting page: 352
Response code: 200
Encoding: utf-8

2022-03-24 03:02:13,038 
Success in getting page: 353
Response code: 200
Encoding: utf-8

2022-03-24 03:02:13,863 
Success in getting page: 354
Response code: 200
Encoding: utf-8

2022-03-24 03:02:14,656 
Success in getting page: 355
Response code: 200
Encoding: utf-8

2022-03-24 03:02:15,399 
Success in getting page: 356
Response code: 200
Encoding: utf-8

2022-03-24 03:02:16,548 
Success in getting page: 357
Response code: 200
Encoding: utf-8

2022-03-24 03:02:17,312 
Success in getting page: 358
Response code: 200
Encoding: utf-8

2022-03-24 03:02:18,720 
Success in getting page: 359
Response code: 200
Encoding: utf-8

2022-03-24 03:02:19,522 
Success in getting page: 360
Response code: 200
Encoding: utf-8

2022-03-24 03:02:20,493 
Success in getting page: 361
Response code: 200
Encoding: utf-8

2022-03-24 03:02:21,438 
Success in getting page: 362
Response code: 200
Encoding: utf-8

2022-03-24 03:02:22,189 
Success in getting page: 363
Response code: 200
Encoding: utf-8

2022-03-24 03:02:22,944 
Success in getting page: 364
Response code: 200
Encoding: utf-8

2022-03-24 03:02:23,666 
Success in getting page: 365
Response code: 200
Encoding: utf-8

2022-03-24 03:02:24,437 
Success in getting page: 366
Response code: 200
Encoding: utf-8

2022-03-24 03:02:25,198 
Success in getting page: 367
Response code: 200
Encoding: utf-8

2022-03-24 03:02:26,100 
Success in getting page: 368
Response code: 200
Encoding: utf-8

2022-03-24 03:02:27,198 
Success in getting page: 369
Response code: 200
Encoding: utf-8

2022-03-24 03:02:27,999 
Success in getting page: 370
Response code: 200
Encoding: utf-8

2022-03-24 03:02:28,775 
Success in getting page: 371
Response code: 200
Encoding: utf-8

2022-03-24 03:02:29,533 
Success in getting page: 372
Response code: 200
Encoding: utf-8

2022-03-24 03:02:30,287 
Success in getting page: 373
Response code: 200
Encoding: utf-8

2022-03-24 03:02:31,006 
Success in getting page: 374
Response code: 200
Encoding: utf-8

2022-03-24 03:02:32,592 
Success in getting page: 375
Response code: 200
Encoding: utf-8

2022-03-24 03:02:33,426 
Success in getting page: 376
Response code: 200
Encoding: utf-8

2022-03-24 03:02:34,496 
Success in getting page: 377
Response code: 200
Encoding: utf-8

2022-03-24 03:02:35,372 
Success in getting page: 378
Response code: 200
Encoding: utf-8

2022-03-24 03:02:36,180 
Success in getting page: 379
Response code: 200
Encoding: utf-8

2022-03-24 03:02:36,888 
Success in getting page: 380
Response code: 200
Encoding: utf-8

2022-03-24 03:02:37,696 
Success in getting page: 381
Response code: 200
Encoding: utf-8

2022-03-24 03:02:38,476 
Success in getting page: 382
Response code: 200
Encoding: utf-8

2022-03-24 03:02:39,350 
Success in getting page: 383
Response code: 200
Encoding: utf-8

2022-03-24 03:02:40,135 
Success in getting page: 384
Response code: 200
Encoding: utf-8

2022-03-24 03:02:40,933 
Success in getting page: 385
Response code: 200
Encoding: utf-8

2022-03-24 03:02:41,757 
Success in getting page: 386
Response code: 200
Encoding: utf-8

2022-03-24 03:02:42,649 
Success in getting page: 387
Response code: 200
Encoding: utf-8

2022-03-24 03:02:43,489 
Success in getting page: 388
Response code: 200
Encoding: utf-8

2022-03-24 03:02:44,249 
Success in getting page: 389
Response code: 200
Encoding: utf-8

2022-03-24 03:02:44,970 
Success in getting page: 390
Response code: 200
Encoding: utf-8

2022-03-24 03:02:45,822 
Success in getting page: 391
Response code: 200
Encoding: utf-8

2022-03-24 03:02:46,638 
Success in getting page: 392
Response code: 200
Encoding: utf-8

2022-03-24 03:02:47,513 
Success in getting page: 393
Response code: 200
Encoding: utf-8

2022-03-24 03:02:48,333 
Success in getting page: 394
Response code: 200
Encoding: utf-8

2022-03-24 03:02:49,137 
Success in getting page: 395
Response code: 200
Encoding: utf-8

2022-03-24 03:02:50,288 
Success in getting page: 396
Response code: 200
Encoding: utf-8

2022-03-24 03:02:51,147 
Success in getting page: 397
Response code: 200
Encoding: utf-8

2022-03-24 03:02:51,939 
Success in getting page: 398
Response code: 200
Encoding: utf-8

2022-03-24 03:02:52,724 
Success in getting page: 399
Response code: 200
Encoding: utf-8

2022-03-24 03:02:53,555 
Success in getting page: 400
Response code: 200
Encoding: utf-8

2022-03-24 03:02:54,330 
Success in getting page: 401
Response code: 200
Encoding: utf-8

2022-03-24 03:02:55,302 
Success in getting page: 402
Response code: 200
Encoding: utf-8

2022-03-24 03:02:56,043 
Success in getting page: 403
Response code: 200
Encoding: utf-8

2022-03-24 03:02:56,782 
Success in getting page: 404
Response code: 200
Encoding: utf-8

2022-03-24 03:02:57,587 
Success in getting page: 405
Response code: 200
Encoding: utf-8

2022-03-24 03:02:58,449 
Success in getting page: 406
Response code: 200
Encoding: utf-8

2022-03-24 03:02:59,329 
Success in getting page: 407
Response code: 200
Encoding: utf-8

2022-03-24 03:03:00,177 
Success in getting page: 408
Response code: 200
Encoding: utf-8

2022-03-24 03:03:01,125 
Success in getting page: 409
Response code: 200
Encoding: utf-8

2022-03-24 03:03:01,828 
Success in getting page: 410
Response code: 200
Encoding: utf-8

2022-03-24 03:03:02,671 
Success in getting page: 411
Response code: 200
Encoding: utf-8

2022-03-24 03:03:03,515 
Success in getting page: 412
Response code: 200
Encoding: utf-8

2022-03-24 03:03:04,663 
Success in getting page: 413
Response code: 200
Encoding: utf-8

2022-03-24 03:03:05,510 
Success in getting page: 414
Response code: 200
Encoding: utf-8

2022-03-24 03:03:06,321 
Success in getting page: 415
Response code: 200
Encoding: utf-8

2022-03-24 03:03:07,245 
Success in getting page: 416
Response code: 200
Encoding: utf-8

2022-03-24 03:03:08,375 
Success in getting page: 417
Response code: 200
Encoding: utf-8

2022-03-24 03:03:09,248 
Success in getting page: 418
Response code: 200
Encoding: utf-8

2022-03-24 03:03:10,208 
Success in getting page: 419
Response code: 200
Encoding: utf-8

2022-03-24 03:03:11,152 
Success in getting page: 420
Response code: 200
Encoding: utf-8

2022-03-24 03:03:12,112 
Success in getting page: 421
Response code: 200
Encoding: utf-8

2022-03-24 03:03:13,071 
Success in getting page: 422
Response code: 200
Encoding: utf-8

2022-03-24 03:03:13,924 
Success in getting page: 423
Response code: 200
Encoding: utf-8

2022-03-24 03:03:14,799 
Success in getting page: 424
Response code: 200
Encoding: utf-8

2022-03-24 03:03:15,450 
Success in getting page: 425
Response code: 200
Encoding: utf-8

2022-03-24 03:03:16,369 
Success in getting page: 426
Response code: 200
Encoding: utf-8

2022-03-24 03:03:17,194 
Success in getting page: 427
Response code: 200
Encoding: utf-8

2022-03-24 03:03:18,078 
Success in getting page: 428
Response code: 200
Encoding: utf-8

2022-03-24 03:03:19,016 
Success in getting page: 429
Response code: 200
Encoding: utf-8

2022-03-24 03:03:19,875 
Success in getting page: 430
Response code: 200
Encoding: utf-8

2022-03-24 03:03:20,745 
Success in getting page: 431
Response code: 200
Encoding: utf-8

2022-03-24 03:03:22,482 
Success in getting page: 432
Response code: 200
Encoding: utf-8

2022-03-24 03:03:23,165 
Success in getting page: 433
Response code: 200
Encoding: utf-8

2022-03-24 03:03:23,844 
Success in getting page: 434
Response code: 200
Encoding: utf-8

2022-03-24 03:03:24,502 
Success in getting page: 435
Response code: 200
Encoding: utf-8

2022-03-24 03:03:25,460 
Success in getting page: 436
Response code: 200
Encoding: utf-8

2022-03-24 03:03:26,433 
Success in getting page: 437
Response code: 200
Encoding: utf-8

2022-03-24 03:03:27,199 
Success in getting page: 438
Response code: 200
Encoding: utf-8

2022-03-24 03:03:28,160 
Success in getting page: 439
Response code: 200
Encoding: utf-8

2022-03-24 03:03:29,365 
Success in getting page: 440
Response code: 200
Encoding: utf-8

2022-03-24 03:03:30,342 
Success in getting page: 441
Response code: 200
Encoding: utf-8

2022-03-24 03:03:31,139 
Success in getting page: 442
Response code: 200
Encoding: utf-8

2022-03-24 03:03:32,079 
Success in getting page: 443
Response code: 200
Encoding: utf-8

2022-03-24 03:03:32,862 
Success in getting page: 444
Response code: 200
Encoding: utf-8

2022-03-24 03:03:33,737 
Success in getting page: 445
Response code: 200
Encoding: utf-8

2022-03-24 03:03:34,510 
Success in getting page: 446
Response code: 200
Encoding: utf-8

2022-03-24 03:03:35,217 
Success in getting page: 447
Response code: 200
Encoding: utf-8

2022-03-24 03:03:36,190 
Success in getting page: 448
Response code: 200
Encoding: utf-8

2022-03-24 03:03:36,997 
Success in getting page: 449
Response code: 200
Encoding: utf-8

2022-03-24 03:03:37,818 
Success in getting page: 450
Response code: 200
Encoding: utf-8

2022-03-24 03:03:38,565 
Success in getting page: 451
Response code: 200
Encoding: utf-8

2022-03-24 03:03:39,383 
Success in getting page: 452
Response code: 200
Encoding: utf-8

2022-03-24 03:03:40,395 
Success in getting page: 453
Response code: 200
Encoding: utf-8

2022-03-24 03:03:41,116 
Success in getting page: 454
Response code: 200
Encoding: utf-8

2022-03-24 03:03:41,980 
Success in getting page: 455
Response code: 200
Encoding: utf-8

2022-03-24 03:03:42,711 
Success in getting page: 456
Response code: 200
Encoding: utf-8

2022-03-24 03:03:43,371 
Success in getting page: 457
Response code: 200
Encoding: utf-8

2022-03-24 03:03:44,162 
Success in getting page: 458
Response code: 200
Encoding: utf-8

2022-03-24 03:03:44,979 
Success in getting page: 459
Response code: 200
Encoding: utf-8

2022-03-24 03:03:45,809 
Success in getting page: 460
Response code: 200
Encoding: utf-8

2022-03-24 03:03:46,648 
Success in getting page: 461
Response code: 200
Encoding: utf-8

2022-03-24 03:03:47,599 
Success in getting page: 462
Response code: 200
Encoding: utf-8

2022-03-24 03:03:48,389 
Success in getting page: 463
Response code: 200
Encoding: utf-8

2022-03-24 03:03:49,241 
Success in getting page: 464
Response code: 200
Encoding: utf-8

2022-03-24 03:03:50,191 
Success in getting page: 465
Response code: 200
Encoding: utf-8

2022-03-24 03:03:51,131 
Success in getting page: 466
Response code: 200
Encoding: utf-8

2022-03-24 03:03:52,414 
Success in getting page: 467
Response code: 200
Encoding: utf-8

2022-03-24 03:03:53,238 
Success in getting page: 468
Response code: 200
Encoding: utf-8

2022-03-24 03:03:54,063 
Success in getting page: 469
Response code: 200
Encoding: utf-8

2022-03-24 03:03:54,907 
Success in getting page: 470
Response code: 200
Encoding: utf-8

2022-03-24 03:03:55,732 
Success in getting page: 471
Response code: 200
Encoding: utf-8

2022-03-24 03:03:56,660 
Success in getting page: 472
Response code: 200
Encoding: utf-8

2022-03-24 03:03:57,304 
Success in getting page: 473
Response code: 200
Encoding: utf-8

2022-03-24 03:03:58,249 
Success in getting page: 474
Response code: 200
Encoding: utf-8

2022-03-24 03:03:59,174 
Success in getting page: 475
Response code: 200
Encoding: utf-8

2022-03-24 03:04:00,106 
Success in getting page: 476
Response code: 200
Encoding: utf-8

2022-03-24 03:04:00,953 
Success in getting page: 477
Response code: 200
Encoding: utf-8

2022-03-24 03:04:01,997 
Success in getting page: 478
Response code: 200
Encoding: utf-8

2022-03-24 03:04:02,900 
Success in getting page: 479
Response code: 200
Encoding: utf-8

2022-03-24 03:04:03,913 
Success in getting page: 480
Response code: 200
Encoding: utf-8

2022-03-24 03:04:05,350 
Success in getting page: 481
Response code: 200
Encoding: utf-8

2022-03-24 03:04:06,119 
Success in getting page: 482
Response code: 200
Encoding: utf-8

2022-03-24 03:04:07,132 
Success in getting page: 483
Response code: 200
Encoding: utf-8

2022-03-24 03:04:08,120 
Success in getting page: 484
Response code: 200
Encoding: utf-8

2022-03-24 03:04:09,042 
Success in getting page: 485
Response code: 200
Encoding: utf-8

2022-03-24 03:04:09,961 
Success in getting page: 486
Response code: 200
Encoding: utf-8

2022-03-24 03:04:10,767 
Success in getting page: 487
Response code: 200
Encoding: utf-8

2022-03-24 03:04:11,708 
Success in getting page: 488
Response code: 200
Encoding: utf-8

2022-03-24 03:04:12,415 
Success in getting page: 489
Response code: 200
Encoding: utf-8

2022-03-24 03:04:13,383 
Success in getting page: 490
Response code: 200
Encoding: utf-8

2022-03-24 03:04:14,344 
Success in getting page: 491
Response code: 200
Encoding: utf-8

2022-03-24 03:04:15,175 
Success in getting page: 492
Response code: 200
Encoding: utf-8

2022-03-24 03:04:15,988 
Success in getting page: 493
Response code: 200
Encoding: utf-8

2022-03-24 03:04:16,915 
Success in getting page: 494
Response code: 200
Encoding: utf-8

2022-03-24 03:04:17,676 
Success in getting page: 495
Response code: 200
Encoding: utf-8

2022-03-24 03:04:18,488 
Success in getting page: 496
Response code: 200
Encoding: utf-8

2022-03-24 03:04:19,357 
Success in getting page: 497
Response code: 200
Encoding: utf-8

2022-03-24 03:04:20,690 
Success in getting page: 498
Response code: 200
Encoding: utf-8

2022-03-24 03:04:21,362 
Success in getting page: 499
Response code: 200
Encoding: utf-8

2022-03-24 03:04:22,163 
Success in getting page: 500
Response code: 200
Encoding: utf-8

2022-03-24 03:04:22,945 
Success in getting page: 501
Response code: 200
Encoding: utf-8

2022-03-24 03:04:23,719 
Success in getting page: 502
Response code: 200
Encoding: utf-8

2022-03-24 03:04:24,587 
Success in getting page: 503
Response code: 200
Encoding: utf-8

2022-03-24 03:04:25,503 
Success in getting page: 504
Response code: 200
Encoding: utf-8

2022-03-24 03:04:26,310 
Success in getting page: 505
Response code: 200
Encoding: utf-8

2022-03-24 03:04:27,093 
Success in getting page: 506
Response code: 200
Encoding: utf-8

2022-03-24 03:04:27,820 
Success in getting page: 507
Response code: 200
Encoding: utf-8

2022-03-24 03:04:28,658 
Success in getting page: 508
Response code: 200
Encoding: utf-8

2022-03-24 03:04:29,984 
Success in getting page: 509
Response code: 200
Encoding: utf-8

2022-03-24 03:04:30,767 
Success in getting page: 510
Response code: 200
Encoding: utf-8

2022-03-24 03:04:31,549 
Success in getting page: 511
Response code: 200
Encoding: utf-8

2022-03-24 03:04:32,381 
Success in getting page: 512
Response code: 200
Encoding: utf-8

2022-03-24 03:04:33,213 
Success in getting page: 513
Response code: 200
Encoding: utf-8

2022-03-24 03:04:34,065 
Success in getting page: 514
Response code: 200
Encoding: utf-8

2022-03-24 03:04:34,960 
Success in getting page: 515
Response code: 200
Encoding: utf-8

2022-03-24 03:04:35,757 
Success in getting page: 516
Response code: 200
Encoding: utf-8

2022-03-24 03:04:36,538 
Success in getting page: 517
Response code: 200
Encoding: utf-8

2022-03-24 03:04:37,322 
Success in getting page: 518
Response code: 200
Encoding: utf-8

2022-03-24 03:04:38,208 
Success in getting page: 519
Response code: 200
Encoding: utf-8

2022-03-24 03:04:38,954 
Success in getting page: 520
Response code: 200
Encoding: utf-8

2022-03-24 03:04:39,853 
Success in getting page: 521
Response code: 200
Encoding: utf-8

2022-03-24 03:04:40,572 
Success in getting page: 522
Response code: 200
Encoding: utf-8

2022-03-24 03:04:41,417 
Success in getting page: 523
Response code: 200
Encoding: utf-8

2022-03-24 03:04:42,160 
Success in getting page: 524
Response code: 200
Encoding: utf-8

2022-03-24 03:04:43,010 
Success in getting page: 525
Response code: 200
Encoding: utf-8

2022-03-24 03:04:43,875 
Success in getting page: 526
Response code: 200
Encoding: utf-8

2022-03-24 03:04:44,685 
Success in getting page: 527
Response code: 200
Encoding: utf-8

2022-03-24 03:04:45,531 
Success in getting page: 528
Response code: 200
Encoding: utf-8

2022-03-24 03:04:46,247 
Success in getting page: 529
Response code: 200
Encoding: utf-8

2022-03-24 03:04:47,221 
Success in getting page: 530
Response code: 200
Encoding: utf-8

2022-03-24 03:04:48,071 
Success in getting page: 531
Response code: 200
Encoding: utf-8

2022-03-24 03:04:48,983 
Success in getting page: 532
Response code: 200
Encoding: utf-8

2022-03-24 03:04:49,994 
Success in getting page: 533
Response code: 200
Encoding: utf-8

2022-03-24 03:04:50,853 
Success in getting page: 534
Response code: 200
Encoding: utf-8

2022-03-24 03:04:51,714 
Success in getting page: 535
Response code: 200
Encoding: utf-8

2022-03-24 03:04:52,456 
Success in getting page: 536
Response code: 200
Encoding: utf-8

2022-03-24 03:04:53,262 
Success in getting page: 537
Response code: 200
Encoding: utf-8

2022-03-24 03:04:54,104 
Success in getting page: 538
Response code: 200
Encoding: utf-8

2022-03-24 03:04:54,996 
Success in getting page: 539
Response code: 200
Encoding: utf-8

2022-03-24 03:04:55,717 
Success in getting page: 540
Response code: 200
Encoding: utf-8

2022-03-24 03:04:56,490 
Success in getting page: 541
Response code: 200
Encoding: utf-8

2022-03-24 03:04:57,263 
Success in getting page: 542
Response code: 200
Encoding: utf-8

2022-03-24 03:04:58,303 
Success in getting page: 543
Response code: 200
Encoding: utf-8

2022-03-24 03:04:59,013 
Success in getting page: 544
Response code: 200
Encoding: utf-8

2022-03-24 03:04:59,846 
Success in getting page: 545
Response code: 200
Encoding: utf-8

2022-03-24 03:05:00,774 
Success in getting page: 546
Response code: 200
Encoding: utf-8

2022-03-24 03:05:01,646 
Success in getting page: 547
Response code: 200
Encoding: utf-8

2022-03-24 03:05:02,655 
Success in getting page: 548
Response code: 200
Encoding: utf-8

2022-03-24 03:05:03,603 
Success in getting page: 549
Response code: 200
Encoding: utf-8

2022-03-24 03:05:04,372 
Success in getting page: 550
Response code: 200
Encoding: utf-8

2022-03-24 03:05:05,254 
Success in getting page: 551
Response code: 200
Encoding: utf-8

2022-03-24 03:05:06,521 
Success in getting page: 552
Response code: 200
Encoding: utf-8

2022-03-24 03:05:07,267 
Success in getting page: 553
Response code: 200
Encoding: utf-8

2022-03-24 03:05:08,213 
Success in getting page: 554
Response code: 200
Encoding: utf-8

2022-03-24 03:05:08,945 
Success in getting page: 555
Response code: 200
Encoding: utf-8

2022-03-24 03:05:09,777 
Success in getting page: 556
Response code: 200
Encoding: utf-8

2022-03-24 03:05:10,885 
Success in getting page: 557
Response code: 200
Encoding: utf-8

2022-03-24 03:05:11,924 
Success in getting page: 558
Response code: 200
Encoding: utf-8

2022-03-24 03:05:12,680 
Success in getting page: 559
Response code: 200
Encoding: utf-8

2022-03-24 03:05:13,653 
Success in getting page: 560
Response code: 200
Encoding: utf-8

2022-03-24 03:05:14,719 
Success in getting page: 561
Response code: 200
Encoding: utf-8

2022-03-24 03:05:15,624 
Success in getting page: 562
Response code: 200
Encoding: utf-8

2022-03-24 03:05:16,584 
Success in getting page: 563
Response code: 200
Encoding: utf-8

2022-03-24 03:05:17,393 
Success in getting page: 564
Response code: 200
Encoding: utf-8

2022-03-24 03:05:18,914 
Success in getting page: 565
Response code: 200
Encoding: utf-8

2022-03-24 03:05:19,924 
Success in getting page: 566
Response code: 200
Encoding: utf-8

2022-03-24 03:05:20,961 
Success in getting page: 567
Response code: 200
Encoding: utf-8

2022-03-24 03:05:21,829 
Success in getting page: 568
Response code: 200
Encoding: utf-8

2022-03-24 03:05:22,650 
Success in getting page: 569
Response code: 200
Encoding: utf-8

2022-03-24 03:05:23,430 
Success in getting page: 570
Response code: 200
Encoding: utf-8

2022-03-24 03:05:24,774 
Success in getting page: 571
Response code: 200
Encoding: utf-8

2022-03-24 03:05:25,502 
Success in getting page: 572
Response code: 200
Encoding: utf-8

2022-03-24 03:05:26,405 
Success in getting page: 573
Response code: 200
Encoding: utf-8

2022-03-24 03:05:27,155 
Success in getting page: 574
Response code: 200
Encoding: utf-8

2022-03-24 03:05:28,055 
Success in getting page: 575
Response code: 200
Encoding: utf-8

2022-03-24 03:05:28,728 
Success in getting page: 576
Response code: 200
Encoding: utf-8

2022-03-24 03:05:29,617 
Success in getting page: 577
Response code: 200
Encoding: utf-8

2022-03-24 03:05:30,590 
Success in getting page: 578
Response code: 200
Encoding: utf-8

2022-03-24 03:05:31,433 
Success in getting page: 579
Response code: 200
Encoding: utf-8

2022-03-24 03:05:32,256 
Success in getting page: 580
Response code: 200
Encoding: utf-8

2022-03-24 03:05:33,062 
Success in getting page: 581
Response code: 200
Encoding: utf-8

2022-03-24 03:05:33,896 
Success in getting page: 582
Response code: 200
Encoding: utf-8

2022-03-24 03:05:34,608 
Success in getting page: 583
Response code: 200
Encoding: utf-8

2022-03-24 03:05:35,340 
Success in getting page: 584
Response code: 200
Encoding: utf-8

2022-03-24 03:05:36,164 
Success in getting page: 585
Response code: 200
Encoding: utf-8

2022-03-24 03:05:37,011 
Success in getting page: 586
Response code: 200
Encoding: utf-8

2022-03-24 03:05:38,029 
Success in getting page: 587
Response code: 200
Encoding: utf-8

2022-03-24 03:05:38,746 
Success in getting page: 588
Response code: 200
Encoding: utf-8

2022-03-24 03:05:39,503 
Success in getting page: 589
Response code: 200
Encoding: utf-8

2022-03-24 03:05:40,267 
Success in getting page: 590
Response code: 200
Encoding: utf-8

2022-03-24 03:05:41,085 
Success in getting page: 591
Response code: 200
Encoding: utf-8

2022-03-24 03:05:41,909 
Success in getting page: 592
Response code: 200
Encoding: utf-8

2022-03-24 03:05:42,845 
Success in getting page: 593
Response code: 200
Encoding: utf-8

2022-03-24 03:05:43,608 
Success in getting page: 594
Response code: 200
Encoding: utf-8

2022-03-24 03:05:44,404 
Success in getting page: 595
Response code: 200
Encoding: utf-8

2022-03-24 03:05:45,338 
Success in getting page: 596
Response code: 200
Encoding: utf-8

2022-03-24 03:05:46,313 
Success in getting page: 597
Response code: 200
Encoding: utf-8

2022-03-24 03:05:47,125 
Success in getting page: 598
Response code: 200
Encoding: utf-8

2022-03-24 03:05:47,899 
Success in getting page: 599
Response code: 200
Encoding: utf-8

2022-03-24 03:05:48,790 
Success in getting page: 600
Response code: 200
Encoding: utf-8

2022-03-24 03:05:49,573 
Success in getting page: 601
Response code: 200
Encoding: utf-8

2022-03-24 03:05:50,418 
Success in getting page: 602
Response code: 200
Encoding: utf-8

2022-03-24 03:05:51,231 
Success in getting page: 603
Response code: 200
Encoding: utf-8

2022-03-24 03:05:52,167 
Success in getting page: 604
Response code: 200
Encoding: utf-8

2022-03-24 03:05:53,142 
Success in getting page: 605
Response code: 200
Encoding: utf-8

2022-03-24 03:05:53,847 
Success in getting page: 606
Response code: 200
Encoding: utf-8

2022-03-24 03:05:54,606 
Success in getting page: 607
Response code: 200
Encoding: utf-8

2022-03-24 03:05:55,550 
Success in getting page: 608
Response code: 200
Encoding: utf-8

2022-03-24 03:05:56,356 
Success in getting page: 609
Response code: 200
Encoding: utf-8

2022-03-24 03:05:57,069 
Success in getting page: 610
Response code: 200
Encoding: utf-8

2022-03-24 03:05:57,806 
Success in getting page: 611
Response code: 200
Encoding: utf-8

2022-03-24 03:05:58,602 
Success in getting page: 612
Response code: 200
Encoding: utf-8

2022-03-24 03:05:59,404 
Success in getting page: 613
Response code: 200
Encoding: utf-8

2022-03-24 03:06:00,224 
Success in getting page: 614
Response code: 200
Encoding: utf-8

2022-03-24 03:06:01,001 
Success in getting page: 615
Response code: 200
Encoding: utf-8

2022-03-24 03:06:01,778 
Success in getting page: 616
Response code: 200
Encoding: utf-8

2022-03-24 03:06:02,641 
Success in getting page: 617
Response code: 200
Encoding: utf-8

2022-03-24 03:06:03,341 
Success in getting page: 618
Response code: 200
Encoding: utf-8

2022-03-24 03:06:04,160 
Success in getting page: 619
Response code: 200
Encoding: utf-8

2022-03-24 03:06:04,992 
Success in getting page: 620
Response code: 200
Encoding: utf-8

2022-03-24 03:06:05,756 
Success in getting page: 621
Response code: 200
Encoding: utf-8

2022-03-24 03:06:06,559 
Success in getting page: 622
Response code: 200
Encoding: utf-8

2022-03-24 03:06:07,396 
Success in getting page: 623
Response code: 200
Encoding: utf-8

2022-03-24 03:06:08,208 
Success in getting page: 624
Response code: 200
Encoding: utf-8

2022-03-24 03:06:08,931 
Success in getting page: 625
Response code: 200
Encoding: utf-8

2022-03-24 03:06:09,727 
Success in getting page: 626
Response code: 200
Encoding: utf-8

2022-03-24 03:06:10,588 
Success in getting page: 627
Response code: 200
Encoding: utf-8

2022-03-24 03:06:11,533 
Success in getting page: 628
Response code: 200
Encoding: utf-8

2022-03-24 03:06:12,363 
Success in getting page: 629
Response code: 200
Encoding: utf-8

2022-03-24 03:06:13,411 
Success in getting page: 630
Response code: 200
Encoding: utf-8

2022-03-24 03:06:14,305 
Success in getting page: 631
Response code: 200
Encoding: utf-8

2022-03-24 03:06:15,088 
Success in getting page: 632
Response code: 200
Encoding: utf-8

2022-03-24 03:06:15,913 
Success in getting page: 633
Response code: 200
Encoding: utf-8

2022-03-24 03:06:16,816 
Success in getting page: 634
Response code: 200
Encoding: utf-8

2022-03-24 03:06:17,631 
Success in getting page: 635
Response code: 200
Encoding: utf-8

2022-03-24 03:06:18,630 
Success in getting page: 636
Response code: 200
Encoding: utf-8

2022-03-24 03:06:19,594 
Success in getting page: 637
Response code: 200
Encoding: utf-8

2022-03-24 03:06:20,537 
Success in getting page: 638
Response code: 200
Encoding: utf-8

2022-03-24 03:06:21,334 
Success in getting page: 639
Response code: 200
Encoding: utf-8

2022-03-24 03:06:22,285 
Success in getting page: 640
Response code: 200
Encoding: utf-8

2022-03-24 03:06:23,192 
Success in getting page: 641
Response code: 200
Encoding: utf-8

2022-03-24 03:06:24,030 
Success in getting page: 642
Response code: 200
Encoding: utf-8

2022-03-24 03:06:25,369 
Success in getting page: 643
Response code: 200
Encoding: utf-8

2022-03-24 03:06:26,366 
Success in getting page: 644
Response code: 200
Encoding: utf-8

2022-03-24 03:06:27,278 
Success in getting page: 645
Response code: 200
Encoding: utf-8

2022-03-24 03:06:28,314 
Success in getting page: 646
Response code: 200
Encoding: utf-8

2022-03-24 03:06:29,227 
Success in getting page: 647
Response code: 200
Encoding: utf-8

2022-03-24 03:06:30,068 
Success in getting page: 648
Response code: 200
Encoding: utf-8

2022-03-24 03:06:30,882 
Success in getting page: 649
Response code: 200
Encoding: utf-8

2022-03-24 03:06:31,778 
Success in getting page: 650
Response code: 200
Encoding: utf-8

2022-03-24 03:06:32,498 
Success in getting page: 651
Response code: 200
Encoding: utf-8

2022-03-24 03:06:33,235 
Success in getting page: 652
Response code: 200
Encoding: utf-8

2022-03-24 03:06:33,986 
Success in getting page: 653
Response code: 200
Encoding: utf-8

2022-03-24 03:06:34,689 
Success in getting page: 654
Response code: 200
Encoding: utf-8

2022-03-24 03:06:35,597 
Success in getting page: 655
Response code: 200
Encoding: utf-8

2022-03-24 03:06:36,333 
Success in getting page: 656
Response code: 200
Encoding: utf-8

2022-03-24 03:06:37,133 
Success in getting page: 657
Response code: 200
Encoding: utf-8

2022-03-24 03:06:37,938 
Success in getting page: 658
Response code: 200
Encoding: utf-8

2022-03-24 03:06:38,728 
Success in getting page: 659
Response code: 200
Encoding: utf-8

2022-03-24 03:06:39,549 
Success in getting page: 660
Response code: 200
Encoding: utf-8

2022-03-24 03:06:40,292 
Success in getting page: 661
Response code: 200
Encoding: utf-8

2022-03-24 03:06:40,993 
Success in getting page: 662
Response code: 200
Encoding: utf-8

2022-03-24 03:06:42,023 
Success in getting page: 663
Response code: 200
Encoding: utf-8

2022-03-24 03:06:42,846 
Success in getting page: 664
Response code: 200
Encoding: utf-8

2022-03-24 03:06:43,632 
Success in getting page: 665
Response code: 200
Encoding: utf-8

2022-03-24 03:06:44,483 
Success in getting page: 666
Response code: 200
Encoding: utf-8

2022-03-24 03:06:45,338 
Success in getting page: 667
Response code: 200
Encoding: utf-8

2022-03-24 03:06:46,129 
Success in getting page: 668
Response code: 200
Encoding: utf-8

2022-03-24 03:06:47,057 
Success in getting page: 669
Response code: 200
Encoding: utf-8

2022-03-24 03:06:47,965 
Success in getting page: 670
Response code: 200
Encoding: utf-8

2022-03-24 03:06:48,849 
Success in getting page: 671
Response code: 200
Encoding: utf-8

2022-03-24 03:06:49,655 
Success in getting page: 672
Response code: 200
Encoding: utf-8

2022-03-24 03:06:50,408 
Success in getting page: 673
Response code: 200
Encoding: utf-8

2022-03-24 03:06:51,269 
Success in getting page: 674
Response code: 200
Encoding: utf-8

2022-03-24 03:06:52,131 
Success in getting page: 675
Response code: 200
Encoding: utf-8

2022-03-24 03:06:52,822 
Success in getting page: 676
Response code: 200
Encoding: utf-8

2022-03-24 03:06:53,673 
Success in getting page: 677
Response code: 200
Encoding: utf-8

2022-03-24 03:06:54,506 
Success in getting page: 678
Response code: 200
Encoding: utf-8

2022-03-24 03:06:55,323 
Success in getting page: 679
Response code: 200
Encoding: utf-8

2022-03-24 03:06:56,101 
Success in getting page: 680
Response code: 200
Encoding: utf-8

2022-03-24 03:06:56,929 
Success in getting page: 681
Response code: 200
Encoding: utf-8

2022-03-24 03:06:57,652 
Success in getting page: 682
Response code: 200
Encoding: utf-8

2022-03-24 03:06:58,501 
Success in getting page: 683
Response code: 200
Encoding: utf-8

2022-03-24 03:06:59,275 
Success in getting page: 684
Response code: 200
Encoding: utf-8

2022-03-24 03:07:00,181 
Success in getting page: 685
Response code: 200
Encoding: utf-8

2022-03-24 03:07:01,473 
Success in getting page: 686
Response code: 200
Encoding: utf-8

2022-03-24 03:07:02,263 
Success in getting page: 687
Response code: 200
Encoding: utf-8

2022-03-24 03:07:03,064 
Success in getting page: 688
Response code: 200
Encoding: utf-8

2022-03-24 03:07:03,784 
Success in getting page: 689
Response code: 200
Encoding: utf-8

2022-03-24 03:07:04,737 
Success in getting page: 690
Response code: 200
Encoding: utf-8

2022-03-24 03:07:05,592 
Success in getting page: 691
Response code: 200
Encoding: utf-8

2022-03-24 03:07:06,595 
Success in getting page: 692
Response code: 200
Encoding: utf-8

2022-03-24 03:07:07,360 
Success in getting page: 693
Response code: 200
Encoding: utf-8

2022-03-24 03:07:08,221 
Success in getting page: 694
Response code: 200
Encoding: utf-8

2022-03-24 03:07:09,511 
Success in getting page: 695
Response code: 200
Encoding: utf-8

2022-03-24 03:07:10,663 
Success in getting page: 696
Response code: 200
Encoding: utf-8

2022-03-24 03:07:11,412 
Success in getting page: 697
Response code: 200
Encoding: utf-8

2022-03-24 03:07:12,402 
Success in getting page: 698
Response code: 200
Encoding: utf-8

2022-03-24 03:07:13,519 
Success in getting page: 699
Response code: 200
Encoding: utf-8

2022-03-24 03:07:14,272 
Success in getting page: 700
Response code: 200
Encoding: utf-8

2022-03-24 03:07:15,082 
Success in getting page: 701
Response code: 200
Encoding: utf-8

2022-03-24 03:07:15,882 
Success in getting page: 702
Response code: 200
Encoding: utf-8

2022-03-24 03:07:16,957 
Success in getting page: 703
Response code: 200
Encoding: utf-8

2022-03-24 03:07:17,894 
Success in getting page: 704
Response code: 200
Encoding: utf-8

2022-03-24 03:07:18,649 
Success in getting page: 705
Response code: 200
Encoding: utf-8

2022-03-24 03:07:19,398 
Success in getting page: 706
Response code: 200
Encoding: utf-8

2022-03-24 03:07:20,129 
Success in getting page: 707
Response code: 200
Encoding: utf-8

2022-03-24 03:07:21,265 
Success in getting page: 708
Response code: 200
Encoding: utf-8

2022-03-24 03:07:22,041 
Success in getting page: 709
Response code: 200
Encoding: utf-8

2022-03-24 03:07:23,024 
Success in getting page: 710
Response code: 200
Encoding: utf-8

2022-03-24 03:07:23,841 
Success in getting page: 711
Response code: 200
Encoding: utf-8

2022-03-24 03:07:24,677 
Success in getting page: 712
Response code: 200
Encoding: utf-8

2022-03-24 03:07:25,552 
Success in getting page: 713
Response code: 200
Encoding: utf-8

2022-03-24 03:07:26,447 
Success in getting page: 714
Response code: 200
Encoding: utf-8

2022-03-24 03:07:27,608 
Success in getting page: 715
Response code: 200
Encoding: utf-8

2022-03-24 03:07:28,470 
Success in getting page: 716
Response code: 200
Encoding: utf-8

2022-03-24 03:07:29,302 
Success in getting page: 717
Response code: 200
Encoding: utf-8

2022-03-24 03:07:30,130 
Success in getting page: 718
Response code: 200
Encoding: utf-8

2022-03-24 03:07:30,826 
Success in getting page: 719
Response code: 200
Encoding: utf-8

2022-03-24 03:07:31,576 
Success in getting page: 720
Response code: 200
Encoding: utf-8

2022-03-24 03:07:32,585 
Success in getting page: 721
Response code: 200
Encoding: utf-8

2022-03-24 03:07:33,319 
Success in getting page: 722
Response code: 200
Encoding: utf-8

2022-03-24 03:07:34,416 
Success in getting page: 723
Response code: 200
Encoding: utf-8

2022-03-24 03:07:35,255 
Success in getting page: 724
Response code: 200
Encoding: utf-8

2022-03-24 03:07:36,069 
Success in getting page: 725
Response code: 200
Encoding: utf-8

2022-03-24 03:07:36,871 
Success in getting page: 726
Response code: 200
Encoding: utf-8

2022-03-24 03:07:37,782 
Success in getting page: 727
Response code: 200
Encoding: utf-8

2022-03-24 03:07:38,666 
Success in getting page: 728
Response code: 200
Encoding: utf-8

2022-03-24 03:07:39,462 
Success in getting page: 729
Response code: 200
Encoding: utf-8

2022-03-24 03:07:40,236 
Success in getting page: 730
Response code: 200
Encoding: utf-8

2022-03-24 03:07:41,059 
Success in getting page: 731
Response code: 200
Encoding: utf-8

2022-03-24 03:07:41,875 
Success in getting page: 732
Response code: 200
Encoding: utf-8

2022-03-24 03:07:42,839 
Success in getting page: 733
Response code: 200
Encoding: utf-8

2022-03-24 03:07:43,686 
Success in getting page: 734
Response code: 200
Encoding: utf-8

2022-03-24 03:07:44,388 
Success in getting page: 735
Response code: 200
Encoding: utf-8

2022-03-24 03:07:45,276 
Success in getting page: 736
Response code: 200
Encoding: utf-8

2022-03-24 03:07:46,113 
Success in getting page: 737
Response code: 200
Encoding: utf-8

2022-03-24 03:07:46,837 
Success in getting page: 738
Response code: 200
Encoding: utf-8

2022-03-24 03:07:47,665 
Success in getting page: 739
Response code: 200
Encoding: utf-8

2022-03-24 03:07:48,542 
Success in getting page: 740
Response code: 200
Encoding: utf-8

2022-03-24 03:07:49,456 
Success in getting page: 741
Response code: 200
Encoding: utf-8

2022-03-24 03:07:50,496 
Success in getting page: 742
Response code: 200
Encoding: utf-8

2022-03-24 03:07:51,258 
Success in getting page: 743
Response code: 200
Encoding: utf-8

2022-03-24 03:07:52,126 
Success in getting page: 744
Response code: 200
Encoding: utf-8

2022-03-24 03:07:53,287 
Success in getting page: 745
Response code: 200
Encoding: utf-8

2022-03-24 03:07:54,060 
Success in getting page: 746
Response code: 200
Encoding: utf-8

2022-03-24 03:07:54,834 
Success in getting page: 747
Response code: 200
Encoding: utf-8

2022-03-24 03:07:55,791 
Success in getting page: 748
Response code: 200
Encoding: utf-8

2022-03-24 03:07:56,580 
Success in getting page: 749
Response code: 200
Encoding: utf-8

2022-03-24 03:07:57,347 
Success in getting page: 750
Response code: 200
Encoding: utf-8

2022-03-24 03:07:58,187 
Success in getting page: 751
Response code: 200
Encoding: utf-8

2022-03-24 03:07:59,097 
Success in getting page: 752
Response code: 200
Encoding: utf-8

2022-03-24 03:08:00,128 
Success in getting page: 753
Response code: 200
Encoding: utf-8

2022-03-24 03:08:00,852 
Success in getting page: 754
Response code: 200
Encoding: utf-8

2022-03-24 03:08:01,551 
Success in getting page: 755
Response code: 200
Encoding: utf-8

2022-03-24 03:08:02,335 
Success in getting page: 756
Response code: 200
Encoding: utf-8

2022-03-24 03:08:03,119 
Success in getting page: 757
Response code: 200
Encoding: utf-8

2022-03-24 03:08:03,970 
Success in getting page: 758
Response code: 200
Encoding: utf-8

2022-03-24 03:08:04,813 
Success in getting page: 759
Response code: 200
Encoding: utf-8

2022-03-24 03:08:05,537 
Success in getting page: 760
Response code: 200
Encoding: utf-8

2022-03-24 03:08:06,276 
Success in getting page: 761
Response code: 200
Encoding: utf-8

2022-03-24 03:08:07,255 
Success in getting page: 762
Response code: 200
Encoding: utf-8

2022-03-24 03:08:08,055 
Success in getting page: 763
Response code: 200
Encoding: utf-8

2022-03-24 03:08:08,893 
Success in getting page: 764
Response code: 200
Encoding: utf-8

2022-03-24 03:08:10,166 
Success in getting page: 765
Response code: 200
Encoding: utf-8

2022-03-24 03:08:10,960 
Success in getting page: 766
Response code: 200
Encoding: utf-8

2022-03-24 03:08:12,029 
Success in getting page: 767
Response code: 200
Encoding: utf-8

2022-03-24 03:08:12,956 
Success in getting page: 768
Response code: 200
Encoding: utf-8

2022-03-24 03:08:14,124 
Success in getting page: 769
Response code: 200
Encoding: utf-8

2022-03-24 03:08:14,829 
Success in getting page: 770
Response code: 200
Encoding: utf-8

2022-03-24 03:08:15,662 
Success in getting page: 771
Response code: 200
Encoding: utf-8

2022-03-24 03:08:16,501 
Success in getting page: 772
Response code: 200
Encoding: utf-8

2022-03-24 03:08:17,291 
Success in getting page: 773
Response code: 200
Encoding: utf-8

2022-03-24 03:08:18,117 
Success in getting page: 774
Response code: 200
Encoding: utf-8

2022-03-24 03:08:18,836 
Success in getting page: 775
Response code: 200
Encoding: utf-8

2022-03-24 03:08:19,631 
Success in getting page: 776
Response code: 200
Encoding: utf-8

2022-03-24 03:08:20,437 
Success in getting page: 777
Response code: 200
Encoding: utf-8

2022-03-24 03:08:21,738 
Success in getting page: 778
Response code: 200
Encoding: utf-8

2022-03-24 03:08:22,561 
Success in getting page: 779
Response code: 200
Encoding: utf-8

2022-03-24 03:08:23,311 
Success in getting page: 780
Response code: 200
Encoding: utf-8

2022-03-24 03:08:24,202 
Success in getting page: 781
Response code: 200
Encoding: utf-8

2022-03-24 03:08:24,964 
Success in getting page: 782
Response code: 200
Encoding: utf-8

2022-03-24 03:08:26,400 
Success in getting page: 783
Response code: 200
Encoding: utf-8

2022-03-24 03:08:27,314 
Success in getting page: 784
Response code: 200
Encoding: utf-8

2022-03-24 03:08:28,118 
Success in getting page: 785
Response code: 200
Encoding: utf-8

2022-03-24 03:08:28,884 
Success in getting page: 786
Response code: 200
Encoding: utf-8

2022-03-24 03:08:29,796 
Success in getting page: 787
Response code: 200
Encoding: utf-8

2022-03-24 03:08:30,526 
Success in getting page: 788
Response code: 200
Encoding: utf-8

2022-03-24 03:08:31,309 
Success in getting page: 789
Response code: 200
Encoding: utf-8

2022-03-24 03:08:31,985 
Success in getting page: 790
Response code: 200
Encoding: utf-8

2022-03-24 03:08:32,867 
Success in getting page: 791
Response code: 200
Encoding: utf-8

2022-03-24 03:08:33,567 
Success in getting page: 792
Response code: 200
Encoding: utf-8

2022-03-24 03:08:34,566 
Success in getting page: 793
Response code: 200
Encoding: utf-8

2022-03-24 03:08:35,384 
Success in getting page: 794
Response code: 200
Encoding: utf-8

2022-03-24 03:08:36,362 
Success in getting page: 795
Response code: 200
Encoding: utf-8

2022-03-24 03:08:37,159 
Success in getting page: 796
Response code: 200
Encoding: utf-8

2022-03-24 03:08:38,026 
Success in getting page: 797
Response code: 200
Encoding: utf-8

2022-03-24 03:08:39,232 
Success in getting page: 798
Response code: 200
Encoding: utf-8

2022-03-24 03:08:39,998 
Success in getting page: 799
Response code: 200
Encoding: utf-8

2022-03-24 03:08:40,741 
Success in getting page: 800
Response code: 200
Encoding: utf-8

2022-03-24 03:08:41,415 
Success in getting page: 801
Response code: 200
Encoding: utf-8

2022-03-24 03:08:42,342 
Success in getting page: 802
Response code: 200
Encoding: utf-8

2022-03-24 03:08:43,241 
Success in getting page: 803
Response code: 200
Encoding: utf-8

2022-03-24 03:08:44,038 
Success in getting page: 804
Response code: 200
Encoding: utf-8

2022-03-24 03:08:44,789 
Success in getting page: 805
Response code: 200
Encoding: utf-8

2022-03-24 03:08:45,636 
Success in getting page: 806
Response code: 200
Encoding: utf-8

2022-03-24 03:08:46,427 
Success in getting page: 807
Response code: 200
Encoding: utf-8

2022-03-24 03:08:47,314 
Success in getting page: 808
Response code: 200
Encoding: utf-8

2022-03-24 03:08:48,080 
Success in getting page: 809
Response code: 200
Encoding: utf-8

2022-03-24 03:08:48,946 
Success in getting page: 810
Response code: 200
Encoding: utf-8

2022-03-24 03:08:49,678 
Success in getting page: 811
Response code: 200
Encoding: utf-8

2022-03-24 03:08:50,402 
Success in getting page: 812
Response code: 200
Encoding: utf-8

2022-03-24 03:08:51,352 
Success in getting page: 813
Response code: 200
Encoding: utf-8

2022-03-24 03:08:52,061 
Success in getting page: 814
Response code: 200
Encoding: utf-8

2022-03-24 03:08:53,192 
Success in getting page: 815
Response code: 200
Encoding: utf-8

2022-03-24 03:08:54,035 
Success in getting page: 816
Response code: 200
Encoding: utf-8

2022-03-24 03:08:54,838 
Success in getting page: 817
Response code: 200
Encoding: utf-8

2022-03-24 03:08:55,648 
Success in getting page: 818
Response code: 200
Encoding: utf-8

2022-03-24 03:08:56,487 
Success in getting page: 819
Response code: 200
Encoding: utf-8

2022-03-24 03:08:57,278 
Success in getting page: 820
Response code: 200
Encoding: utf-8

2022-03-24 03:08:57,981 
Success in getting page: 821
Response code: 200
Encoding: utf-8

2022-03-24 03:08:58,835 
Success in getting page: 822
Response code: 200
Encoding: utf-8

2022-03-24 03:08:59,609 
Success in getting page: 823
Response code: 200
Encoding: utf-8

2022-03-24 03:09:00,418 
Success in getting page: 824
Response code: 200
Encoding: utf-8

2022-03-24 03:09:01,221 
Success in getting page: 825
Response code: 200
Encoding: utf-8

2022-03-24 03:09:02,079 
Success in getting page: 826
Response code: 200
Encoding: utf-8

2022-03-24 03:09:02,896 
Success in getting page: 827
Response code: 200
Encoding: utf-8

2022-03-24 03:09:03,948 
Success in getting page: 828
Response code: 200
Encoding: utf-8

2022-03-24 03:09:04,793 
Success in getting page: 829
Response code: 200
Encoding: utf-8

2022-03-24 03:09:05,608 
Success in getting page: 830
Response code: 200
Encoding: utf-8

2022-03-24 03:09:06,368 
Success in getting page: 831
Response code: 200
Encoding: utf-8

2022-03-24 03:09:07,159 
Success in getting page: 832
Response code: 200
Encoding: utf-8

2022-03-24 03:09:07,984 
Success in getting page: 833
Response code: 200
Encoding: utf-8

2022-03-24 03:09:08,745 
Success in getting page: 834
Response code: 200
Encoding: utf-8

2022-03-24 03:09:09,533 
Success in getting page: 835
Response code: 200
Encoding: utf-8

2022-03-24 03:09:10,361 
Success in getting page: 836
Response code: 200
Encoding: utf-8

2022-03-24 03:09:11,178 
Success in getting page: 837
Response code: 200
Encoding: utf-8

2022-03-24 03:09:12,229 
Success in getting page: 838
Response code: 200
Encoding: utf-8

2022-03-24 03:09:13,685 
Success in getting page: 839
Response code: 200
Encoding: utf-8

2022-03-24 03:09:14,405 
Success in getting page: 840
Response code: 200
Encoding: utf-8

2022-03-24 03:09:15,336 
Success in getting page: 841
Response code: 200
Encoding: utf-8

2022-03-24 03:09:16,235 
Success in getting page: 842
Response code: 200
Encoding: utf-8

2022-03-24 03:09:16,911 
Success in getting page: 843
Response code: 200
Encoding: utf-8

2022-03-24 03:09:17,816 
Success in getting page: 844
Response code: 200
Encoding: utf-8

2022-03-24 03:09:18,633 
Success in getting page: 845
Response code: 200
Encoding: utf-8

2022-03-24 03:09:19,345 
Success in getting page: 846
Response code: 200
Encoding: utf-8

2022-03-24 03:09:20,125 
Success in getting page: 847
Response code: 200
Encoding: utf-8

2022-03-24 03:09:21,076 
Success in getting page: 848
Response code: 200
Encoding: utf-8

2022-03-24 03:09:21,999 
Success in getting page: 849
Response code: 200
Encoding: utf-8

2022-03-24 03:09:22,923 
Success in getting page: 850
Response code: 200
Encoding: utf-8

2022-03-24 03:09:23,625 
Success in getting page: 851
Response code: 200
Encoding: utf-8

2022-03-24 03:09:24,294 
Success in getting page: 852
Response code: 200
Encoding: utf-8

2022-03-24 03:09:25,064 
Success in getting page: 853
Response code: 200
Encoding: utf-8

2022-03-24 03:09:25,970 
Success in getting page: 854
Response code: 200
Encoding: utf-8

2022-03-24 03:09:27,043 
Success in getting page: 855
Response code: 200
Encoding: utf-8

2022-03-24 03:09:27,985 
Success in getting page: 856
Response code: 200
Encoding: utf-8

2022-03-24 03:09:28,839 
Success in getting page: 857
Response code: 200
Encoding: utf-8

2022-03-24 03:09:29,855 
Success in getting page: 858
Response code: 200
Encoding: utf-8

2022-03-24 03:09:30,543 
Success in getting page: 859
Response code: 200
Encoding: utf-8

2022-03-24 03:09:31,263 
Success in getting page: 860
Response code: 200
Encoding: utf-8

2022-03-24 03:09:31,958 
Success in getting page: 861
Response code: 200
Encoding: utf-8

2022-03-24 03:09:32,886 
Success in getting page: 862
Response code: 200
Encoding: utf-8

2022-03-24 03:09:34,100 
Success in getting page: 863
Response code: 200
Encoding: utf-8

2022-03-24 03:09:34,861 
Success in getting page: 864
Response code: 200
Encoding: utf-8

2022-03-24 03:09:35,661 
Success in getting page: 865
Response code: 200
Encoding: utf-8

2022-03-24 03:09:36,480 
Success in getting page: 866
Response code: 200
Encoding: utf-8

2022-03-24 03:09:37,279 
Success in getting page: 867
Response code: 200
Encoding: utf-8

2022-03-24 03:09:38,146 
Success in getting page: 868
Response code: 200
Encoding: utf-8

2022-03-24 03:09:38,899 
Success in getting page: 869
Response code: 200
Encoding: utf-8

2022-03-24 03:09:39,673 
Success in getting page: 870
Response code: 200
Encoding: utf-8

2022-03-24 03:09:40,479 
Success in getting page: 871
Response code: 200
Encoding: utf-8

2022-03-24 03:09:41,286 
Success in getting page: 872
Response code: 200
Encoding: utf-8

2022-03-24 03:09:42,116 
Success in getting page: 873
Response code: 200
Encoding: utf-8

2022-03-24 03:09:42,985 
Success in getting page: 874
Response code: 200
Encoding: utf-8

2022-03-24 03:09:43,784 
Success in getting page: 875
Response code: 200
Encoding: utf-8

2022-03-24 03:09:44,558 
Success in getting page: 876
Response code: 200
Encoding: utf-8

2022-03-24 03:09:45,346 
Success in getting page: 877
Response code: 200
Encoding: utf-8

2022-03-24 03:09:46,820 
Success in getting page: 878
Response code: 200
Encoding: utf-8

2022-03-24 03:09:47,626 
Success in getting page: 879
Response code: 200
Encoding: utf-8

2022-03-24 03:09:48,461 
Success in getting page: 880
Response code: 200
Encoding: utf-8

2022-03-24 03:09:49,325 
Success in getting page: 881
Response code: 200
Encoding: utf-8

2022-03-24 03:09:50,183 
Success in getting page: 882
Response code: 200
Encoding: utf-8

2022-03-24 03:09:51,111 
Success in getting page: 883
Response code: 200
Encoding: utf-8

2022-03-24 03:09:51,944 
Success in getting page: 884
Response code: 200
Encoding: utf-8

2022-03-24 03:09:52,688 
Success in getting page: 885
Response code: 200
Encoding: utf-8

2022-03-24 03:09:53,501 
Success in getting page: 886
Response code: 200
Encoding: utf-8

2022-03-24 03:09:54,553 
Success in getting page: 887
Response code: 200
Encoding: utf-8

2022-03-24 03:09:55,350 
Success in getting page: 888
Response code: 200
Encoding: utf-8

2022-03-24 03:09:56,071 
Success in getting page: 889
Response code: 200
Encoding: utf-8

2022-03-24 03:09:56,743 
Success in getting page: 890
Response code: 200
Encoding: utf-8

2022-03-24 03:09:57,465 
Success in getting page: 891
Response code: 200
Encoding: utf-8

2022-03-24 03:09:58,379 
Success in getting page: 892
Response code: 200
Encoding: utf-8

2022-03-24 03:09:59,242 
Success in getting page: 893
Response code: 200
Encoding: utf-8

2022-03-24 03:10:00,079 
Success in getting page: 894
Response code: 200
Encoding: utf-8

2022-03-24 03:10:00,834 
Success in getting page: 895
Response code: 200
Encoding: utf-8

2022-03-24 03:10:01,650 
Success in getting page: 896
Response code: 200
Encoding: utf-8

2022-03-24 03:10:02,625 
Success in getting page: 897
Response code: 200
Encoding: utf-8

2022-03-24 03:10:03,467 
Success in getting page: 898
Response code: 200
Encoding: utf-8

2022-03-24 03:10:04,137 
Success in getting page: 899
Response code: 200
Encoding: utf-8

2022-03-24 03:10:04,996 
Success in getting page: 900
Response code: 200
Encoding: utf-8

2022-03-24 03:10:05,732 
Success in getting page: 901
Response code: 200
Encoding: utf-8

2022-03-24 03:10:06,843 
Success in getting page: 902
Response code: 200
Encoding: utf-8

2022-03-24 03:10:07,687 
Success in getting page: 903
Response code: 200
Encoding: utf-8

2022-03-24 03:10:08,398 
Success in getting page: 904
Response code: 200
Encoding: utf-8

2022-03-24 03:10:09,094 
Success in getting page: 905
Response code: 200
Encoding: utf-8

2022-03-24 03:10:09,814 
Success in getting page: 906
Response code: 200
Encoding: utf-8

2022-03-24 03:10:11,432 
Success in getting page: 907
Response code: 200
Encoding: utf-8

2022-03-24 03:10:12,377 
Success in getting page: 908
Response code: 200
Encoding: utf-8

2022-03-24 03:10:13,297 
Success in getting page: 909
Response code: 200
Encoding: utf-8

2022-03-24 03:10:14,200 
Success in getting page: 910
Response code: 200
Encoding: utf-8

2022-03-24 03:10:15,375 
Success in getting page: 911
Response code: 200
Encoding: utf-8

2022-03-24 03:10:16,231 
Success in getting page: 912
Response code: 200
Encoding: utf-8

2022-03-24 03:10:16,917 
Success in getting page: 913
Response code: 200
Encoding: utf-8

2022-03-24 03:10:17,719 
Success in getting page: 914
Response code: 200
Encoding: utf-8

2022-03-24 03:10:18,601 
Success in getting page: 915
Response code: 200
Encoding: utf-8

2022-03-24 03:10:19,456 
Success in getting page: 916
Response code: 200
Encoding: utf-8

2022-03-24 03:10:20,296 
Success in getting page: 917
Response code: 200
Encoding: utf-8

2022-03-24 03:10:21,250 
Success in getting page: 918
Response code: 200
Encoding: utf-8

2022-03-24 03:10:21,913 
Success in getting page: 919
Response code: 200
Encoding: utf-8

2022-03-24 03:10:22,731 
Success in getting page: 920
Response code: 200
Encoding: utf-8

2022-03-24 03:10:23,552 
Success in getting page: 921
Response code: 200
Encoding: utf-8

2022-03-24 03:10:24,939 
Success in getting page: 922
Response code: 200
Encoding: utf-8

2022-03-24 03:10:25,730 
Success in getting page: 923
Response code: 200
Encoding: utf-8

2022-03-24 03:10:26,495 
Success in getting page: 924
Response code: 200
Encoding: utf-8

2022-03-24 03:10:27,252 
Success in getting page: 925
Response code: 200
Encoding: utf-8

2022-03-24 03:10:27,986 
Success in getting page: 926
Response code: 200
Encoding: utf-8

2022-03-24 03:10:29,483 
Success in getting page: 927
Response code: 200
Encoding: utf-8

2022-03-24 03:10:30,302 
Success in getting page: 928
Response code: 200
Encoding: utf-8

2022-03-24 03:10:31,140 
Success in getting page: 929
Response code: 200
Encoding: utf-8

2022-03-24 03:10:32,334 
Success in getting page: 930
Response code: 200
Encoding: utf-8

2022-03-24 03:10:33,216 
Success in getting page: 931
Response code: 200
Encoding: utf-8

2022-03-24 03:10:34,033 
Success in getting page: 932
Response code: 200
Encoding: utf-8

2022-03-24 03:10:34,870 
Success in getting page: 933
Response code: 200
Encoding: utf-8

2022-03-24 03:10:35,679 
Success in getting page: 934
Response code: 200
Encoding: utf-8

2022-03-24 03:10:36,331 
Success in getting page: 935
Response code: 200
Encoding: utf-8

2022-03-24 03:10:37,121 
Success in getting page: 936
Response code: 200
Encoding: utf-8

2022-03-24 03:10:37,996 
Success in getting page: 937
Response code: 200
Encoding: utf-8

2022-03-24 03:10:38,900 
Success in getting page: 938
Response code: 200
Encoding: utf-8

2022-03-24 03:10:39,589 
Success in getting page: 939
Response code: 200
Encoding: utf-8

2022-03-24 03:10:40,291 
Success in getting page: 940
Response code: 200
Encoding: utf-8

2022-03-24 03:10:41,066 
Success in getting page: 941
Response code: 200
Encoding: utf-8

2022-03-24 03:10:42,203 
Success in getting page: 942
Response code: 200
Encoding: utf-8

2022-03-24 03:10:42,999 
Success in getting page: 943
Response code: 200
Encoding: utf-8

2022-03-24 03:10:43,730 
Success in getting page: 944
Response code: 200
Encoding: utf-8

2022-03-24 03:10:44,471 
Success in getting page: 945
Response code: 200
Encoding: utf-8

2022-03-24 03:10:45,206 
Success in getting page: 946
Response code: 200
Encoding: utf-8

2022-03-24 03:10:46,178 
Success in getting page: 947
Response code: 200
Encoding: utf-8

2022-03-24 03:10:47,066 
Success in getting page: 948
Response code: 200
Encoding: utf-8

2022-03-24 03:10:48,756 
Success in getting page: 949
Response code: 200
Encoding: utf-8

2022-03-24 03:10:49,580 
Success in getting page: 950
Response code: 200
Encoding: utf-8

2022-03-24 03:10:50,537 
Success in getting page: 951
Response code: 200
Encoding: utf-8

2022-03-24 03:10:51,345 
Success in getting page: 952
Response code: 200
Encoding: utf-8

2022-03-24 03:10:52,206 
Success in getting page: 953
Response code: 200
Encoding: utf-8

2022-03-24 03:10:52,968 
Success in getting page: 954
Response code: 200
Encoding: utf-8

2022-03-24 03:10:53,657 
Success in getting page: 955
Response code: 200
Encoding: utf-8

2022-03-24 03:10:54,401 
Success in getting page: 956
Response code: 200
Encoding: utf-8

2022-03-24 03:10:55,226 
Success in getting page: 957
Response code: 200
Encoding: utf-8

2022-03-24 03:10:55,955 
Success in getting page: 958
Response code: 200
Encoding: utf-8

2022-03-24 03:10:56,943 
Success in getting page: 959
Response code: 200
Encoding: utf-8

2022-03-24 03:10:58,025 
Success in getting page: 960
Response code: 200
Encoding: utf-8

2022-03-24 03:10:58,938 
Success in getting page: 961
Response code: 200
Encoding: utf-8

2022-03-24 03:10:59,653 
Success in getting page: 962
Response code: 200
Encoding: utf-8

2022-03-24 03:11:00,432 
Success in getting page: 963
Response code: 200
Encoding: utf-8

2022-03-24 03:11:01,371 
Success in getting page: 964
Response code: 200
Encoding: utf-8

2022-03-24 03:11:02,275 
Success in getting page: 965
Response code: 200
Encoding: utf-8

2022-03-24 03:11:03,116 
Success in getting page: 966
Response code: 200
Encoding: utf-8

2022-03-24 03:11:04,045 
Success in getting page: 967
Response code: 200
Encoding: utf-8

2022-03-24 03:11:05,053 
Success in getting page: 968
Response code: 200
Encoding: utf-8

2022-03-24 03:11:06,022 
Success in getting page: 969
Response code: 200
Encoding: utf-8

2022-03-24 03:11:06,819 
Success in getting page: 970
Response code: 200
Encoding: utf-8

2022-03-24 03:11:07,588 
Success in getting page: 971
Response code: 200
Encoding: utf-8

2022-03-24 03:11:08,693 
Success in getting page: 972
Response code: 200
Encoding: utf-8

2022-03-24 03:11:09,379 
Success in getting page: 973
Response code: 200
Encoding: utf-8

2022-03-24 03:11:10,170 
Success in getting page: 974
Response code: 200
Encoding: utf-8

2022-03-24 03:11:10,921 
Success in getting page: 975
Response code: 200
Encoding: utf-8

2022-03-24 03:11:11,959 
Success in getting page: 976
Response code: 200
Encoding: utf-8

2022-03-24 03:11:12,699 
Success in getting page: 977
Response code: 200
Encoding: utf-8

2022-03-24 03:11:13,433 
Success in getting page: 978
Response code: 200
Encoding: utf-8

2022-03-24 03:11:14,448 
Success in getting page: 979
Response code: 200
Encoding: utf-8

2022-03-24 03:11:15,242 
Success in getting page: 980
Response code: 200
Encoding: utf-8

2022-03-24 03:11:16,455 
Success in getting page: 981
Response code: 200
Encoding: utf-8

2022-03-24 03:11:17,275 
Success in getting page: 982
Response code: 200
Encoding: utf-8

2022-03-24 03:11:18,071 
Success in getting page: 983
Response code: 200
Encoding: utf-8

2022-03-24 03:11:18,889 
Success in getting page: 984
Response code: 200
Encoding: utf-8

2022-03-24 03:11:19,684 
Success in getting page: 985
Response code: 200
Encoding: utf-8

2022-03-24 03:11:20,492 
Success in getting page: 986
Response code: 200
Encoding: utf-8

2022-03-24 03:11:21,183 
Success in getting page: 987
Response code: 200
Encoding: utf-8

2022-03-24 03:11:22,206 
Success in getting page: 988
Response code: 200
Encoding: utf-8

2022-03-24 03:11:23,070 
Success in getting page: 989
Response code: 200
Encoding: utf-8

2022-03-24 03:11:23,843 
Success in getting page: 990
Response code: 200
Encoding: utf-8

2022-03-24 03:11:24,926 
Success in getting page: 991
Response code: 200
Encoding: utf-8

2022-03-24 03:11:25,685 
Success in getting page: 992
Response code: 200
Encoding: utf-8

2022-03-24 03:11:26,458 
Success in getting page: 993
Response code: 200
Encoding: utf-8

2022-03-24 03:11:27,267 
Success in getting page: 994
Response code: 200
Encoding: utf-8

2022-03-24 03:11:28,048 
Success in getting page: 995
Response code: 200
Encoding: utf-8

2022-03-24 03:11:29,032 
Success in getting page: 996
Response code: 200
Encoding: utf-8

2022-03-24 03:11:29,889 
Success in getting page: 997
Response code: 200
Encoding: utf-8

2022-03-24 03:11:31,322 
Success in getting page: 998
Response code: 200
Encoding: utf-8

2022-03-24 03:11:32,210 
Success in getting page: 999
Response code: 200
Encoding: utf-8

2022-03-24 03:11:32,984 
Success in getting page: 1000
Response code: 200
Encoding: utf-8

