2022-03-24 12:39:31,832 
--------------------------------------------------------------------------------Getting urls for addiction recovery from magazines
Pages 1-1000
--------------------------------------------------------------------------------
2022-03-24 12:39:32,792 
Success in getting page: 1
Response code: 200
Encoding: utf-8

2022-03-24 12:39:33,610 
Success in getting page: 2
Response code: 200
Encoding: utf-8

2022-03-24 12:39:34,382 
Success in getting page: 3
Response code: 200
Encoding: utf-8

2022-03-24 12:39:35,313 
Success in getting page: 4
Response code: 200
Encoding: utf-8

2022-03-24 12:39:36,150 
Success in getting page: 5
Response code: 200
Encoding: utf-8

2022-03-24 12:39:36,944 
Success in getting page: 6
Response code: 200
Encoding: utf-8

2022-03-24 12:39:37,911 
Success in getting page: 7
Response code: 200
Encoding: utf-8

2022-03-24 12:39:38,909 
Success in getting page: 8
Response code: 200
Encoding: utf-8

2022-03-24 12:39:39,925 
Success in getting page: 9
Response code: 200
Encoding: utf-8

2022-03-24 12:39:40,783 
Success in getting page: 10
Response code: 200
Encoding: utf-8

2022-03-24 12:39:41,550 
Success in getting page: 11
Response code: 200
Encoding: utf-8

2022-03-24 12:39:42,488 
Success in getting page: 12
Response code: 200
Encoding: utf-8

2022-03-24 12:39:43,295 
Success in getting page: 13
Response code: 200
Encoding: utf-8

2022-03-24 12:39:44,269 
Success in getting page: 14
Response code: 200
Encoding: utf-8

2022-03-24 12:39:45,141 
Success in getting page: 15
Response code: 200
Encoding: utf-8

2022-03-24 12:39:46,375 
Success in getting page: 16
Response code: 200
Encoding: utf-8

2022-03-24 12:39:47,225 
Success in getting page: 17
Response code: 200
Encoding: utf-8

2022-03-24 12:39:48,015 
Success in getting page: 18
Response code: 200
Encoding: utf-8

2022-03-24 12:39:48,895 
Success in getting page: 19
Response code: 200
Encoding: utf-8

2022-03-24 12:39:49,675 
Success in getting page: 20
Response code: 200
Encoding: utf-8

2022-03-24 12:39:50,537 
Success in getting page: 21
Response code: 200
Encoding: utf-8

2022-03-24 12:39:51,374 
Success in getting page: 22
Response code: 200
Encoding: utf-8

2022-03-24 12:39:52,223 
Success in getting page: 23
Response code: 200
Encoding: utf-8

2022-03-24 12:39:53,361 
Success in getting page: 24
Response code: 200
Encoding: utf-8

2022-03-24 12:39:54,296 
Success in getting page: 25
Response code: 200
Encoding: utf-8

2022-03-24 12:39:55,250 
Success in getting page: 26
Response code: 200
Encoding: utf-8

2022-03-24 12:39:56,132 
Success in getting page: 27
Response code: 200
Encoding: utf-8

2022-03-24 12:39:56,832 
Success in getting page: 28
Response code: 200
Encoding: utf-8

2022-03-24 12:39:57,658 
Success in getting page: 29
Response code: 200
Encoding: utf-8

2022-03-24 12:39:58,578 
Success in getting page: 30
Response code: 200
Encoding: utf-8

2022-03-24 12:39:59,365 
Success in getting page: 31
Response code: 200
Encoding: utf-8

2022-03-24 12:40:00,674 
Success in getting page: 32
Response code: 200
Encoding: utf-8

2022-03-24 12:40:01,525 
Success in getting page: 33
Response code: 200
Encoding: utf-8

2022-03-24 12:40:02,365 
Success in getting page: 34
Response code: 200
Encoding: utf-8

2022-03-24 12:40:03,256 
Success in getting page: 35
Response code: 200
Encoding: utf-8

2022-03-24 12:40:04,021 
Success in getting page: 36
Response code: 200
Encoding: utf-8

2022-03-24 12:40:05,161 
Success in getting page: 37
Response code: 200
Encoding: utf-8

2022-03-24 12:40:06,525 
Success in getting page: 38
Response code: 200
Encoding: utf-8

2022-03-24 12:40:07,494 
Success in getting page: 39
Response code: 200
Encoding: utf-8

2022-03-24 12:40:08,282 
Success in getting page: 40
Response code: 200
Encoding: utf-8

2022-03-24 12:40:09,085 
Success in getting page: 41
Response code: 200
Encoding: utf-8

2022-03-24 12:40:09,931 
Success in getting page: 42
Response code: 200
Encoding: utf-8

2022-03-24 12:40:10,713 
Success in getting page: 43
Response code: 200
Encoding: utf-8

2022-03-24 12:40:11,498 
Success in getting page: 44
Response code: 200
Encoding: utf-8

2022-03-24 12:40:12,304 
Success in getting page: 45
Response code: 200
Encoding: utf-8

2022-03-24 12:40:13,175 
Success in getting page: 46
Response code: 200
Encoding: utf-8

2022-03-24 12:40:14,282 
Success in getting page: 47
Response code: 200
Encoding: utf-8

2022-03-24 12:40:15,173 
Success in getting page: 48
Response code: 200
Encoding: utf-8

2022-03-24 12:40:15,927 
Success in getting page: 49
Response code: 200
Encoding: utf-8

2022-03-24 12:40:16,837 
Success in getting page: 50
Response code: 200
Encoding: utf-8

2022-03-24 12:40:17,642 
Success in getting page: 51
Response code: 200
Encoding: utf-8

2022-03-24 12:40:18,906 
Success in getting page: 52
Response code: 200
Encoding: utf-8

2022-03-24 12:40:19,645 
Success in getting page: 53
Response code: 200
Encoding: utf-8

2022-03-24 12:40:20,509 
Success in getting page: 54
Response code: 200
Encoding: utf-8

2022-03-24 12:40:22,016 
Success in getting page: 55
Response code: 200
Encoding: utf-8

2022-03-24 12:40:22,849 
Success in getting page: 56
Response code: 200
Encoding: utf-8

2022-03-24 12:40:23,685 
Success in getting page: 57
Response code: 200
Encoding: utf-8

2022-03-24 12:40:24,420 
Success in getting page: 58
Response code: 200
Encoding: utf-8

2022-03-24 12:40:25,474 
Success in getting page: 59
Response code: 200
Encoding: utf-8

2022-03-24 12:40:26,292 
Success in getting page: 60
Response code: 200
Encoding: utf-8

2022-03-24 12:40:27,134 
Success in getting page: 61
Response code: 200
Encoding: utf-8

2022-03-24 12:40:29,006 
Success in getting page: 62
Response code: 200
Encoding: utf-8

2022-03-24 12:40:29,857 
Success in getting page: 63
Response code: 200
Encoding: utf-8

2022-03-24 12:40:30,644 
Success in getting page: 64
Response code: 200
Encoding: utf-8

2022-03-24 12:40:31,457 
Success in getting page: 65
Response code: 200
Encoding: utf-8

2022-03-24 12:40:32,247 
Success in getting page: 66
Response code: 200
Encoding: utf-8

2022-03-24 12:40:33,034 
Success in getting page: 67
Response code: 200
Encoding: utf-8

2022-03-24 12:40:33,866 
Success in getting page: 68
Response code: 200
Encoding: utf-8

2022-03-24 12:40:34,651 
Success in getting page: 69
Response code: 200
Encoding: utf-8

2022-03-24 12:40:35,461 
Success in getting page: 70
Response code: 200
Encoding: utf-8

2022-03-24 12:40:36,330 
Success in getting page: 71
Response code: 200
Encoding: utf-8

2022-03-24 12:40:37,195 
Success in getting page: 72
Response code: 200
Encoding: utf-8

2022-03-24 12:40:37,975 
Success in getting page: 73
Response code: 200
Encoding: utf-8

2022-03-24 12:40:38,802 
Success in getting page: 74
Response code: 200
Encoding: utf-8

2022-03-24 12:40:39,916 
Success in getting page: 75
Response code: 200
Encoding: utf-8

2022-03-24 12:40:40,926 
Success in getting page: 76
Response code: 200
Encoding: utf-8

2022-03-24 12:40:41,732 
Success in getting page: 77
Response code: 200
Encoding: utf-8

2022-03-24 12:40:42,621 
Success in getting page: 78
Response code: 200
Encoding: utf-8

2022-03-24 12:40:43,554 
Success in getting page: 79
Response code: 200
Encoding: utf-8

2022-03-24 12:40:44,294 
Success in getting page: 80
Response code: 200
Encoding: utf-8

2022-03-24 12:40:45,070 
Success in getting page: 81
Response code: 200
Encoding: utf-8

2022-03-24 12:40:45,881 
Success in getting page: 82
Response code: 200
Encoding: utf-8

2022-03-24 12:40:46,663 
Success in getting page: 83
Response code: 200
Encoding: utf-8

2022-03-24 12:40:47,465 
Success in getting page: 84
Response code: 200
Encoding: utf-8

2022-03-24 12:40:48,369 
Success in getting page: 85
Response code: 200
Encoding: utf-8

2022-03-24 12:40:49,250 
Success in getting page: 86
Response code: 200
Encoding: utf-8

2022-03-24 12:40:50,035 
Success in getting page: 87
Response code: 200
Encoding: utf-8

2022-03-24 12:40:50,872 
Success in getting page: 88
Response code: 200
Encoding: utf-8

2022-03-24 12:40:51,681 
Success in getting page: 89
Response code: 200
Encoding: utf-8

2022-03-24 12:40:52,499 
Success in getting page: 90
Response code: 200
Encoding: utf-8

2022-03-24 12:40:53,464 
Success in getting page: 91
Response code: 200
Encoding: utf-8

2022-03-24 12:40:54,305 
Success in getting page: 92
Response code: 200
Encoding: utf-8

2022-03-24 12:40:55,127 
Success in getting page: 93
Response code: 200
Encoding: utf-8

2022-03-24 12:40:55,908 
Success in getting page: 94
Response code: 200
Encoding: utf-8

2022-03-24 12:40:56,727 
Success in getting page: 95
Response code: 200
Encoding: utf-8

2022-03-24 12:40:57,472 
Success in getting page: 96
Response code: 200
Encoding: utf-8

2022-03-24 12:40:58,284 
Success in getting page: 97
Response code: 200
Encoding: utf-8

2022-03-24 12:40:59,062 
Success in getting page: 98
Response code: 200
Encoding: utf-8

2022-03-24 12:40:59,868 
Success in getting page: 99
Response code: 200
Encoding: utf-8

2022-03-24 12:41:00,679 
Success in getting page: 100
Response code: 200
Encoding: utf-8

2022-03-24 12:41:03,150 
Success in getting page: 101
Response code: 200
Encoding: utf-8

2022-03-24 12:41:03,940 
Success in getting page: 102
Response code: 200
Encoding: utf-8

2022-03-24 12:41:04,903 
Success in getting page: 103
Response code: 200
Encoding: utf-8

2022-03-24 12:41:05,633 
Success in getting page: 104
Response code: 200
Encoding: utf-8

2022-03-24 12:41:07,509 
Success in getting page: 105
Response code: 200
Encoding: utf-8

2022-03-24 12:41:08,869 
Success in getting page: 106
Response code: 200
Encoding: utf-8

2022-03-24 12:41:09,765 
Success in getting page: 107
Response code: 200
Encoding: utf-8

2022-03-24 12:41:10,784 
Success in getting page: 108
Response code: 200
Encoding: utf-8

2022-03-24 12:41:12,023 
Success in getting page: 109
Response code: 200
Encoding: utf-8

2022-03-24 12:41:13,133 
Success in getting page: 110
Response code: 200
Encoding: utf-8

2022-03-24 12:41:14,693 
Success in getting page: 111
Response code: 200
Encoding: utf-8

2022-03-24 12:41:15,666 
Success in getting page: 112
Response code: 200
Encoding: utf-8

2022-03-24 12:41:16,783 
Success in getting page: 113
Response code: 200
Encoding: utf-8

2022-03-24 12:41:17,675 
Success in getting page: 114
Response code: 200
Encoding: utf-8

2022-03-24 12:41:18,440 
Success in getting page: 115
Response code: 200
Encoding: utf-8

2022-03-24 12:41:19,370 
Success in getting page: 116
Response code: 200
Encoding: utf-8

2022-03-24 12:41:20,158 
Success in getting page: 117
Response code: 200
Encoding: utf-8

2022-03-24 12:41:20,958 
Success in getting page: 118
Response code: 200
Encoding: utf-8

2022-03-24 12:41:21,821 
Success in getting page: 119
Response code: 200
Encoding: utf-8

2022-03-24 12:41:22,633 
Success in getting page: 120
Response code: 200
Encoding: utf-8

2022-03-24 12:41:23,756 
Success in getting page: 121
Response code: 200
Encoding: utf-8

2022-03-24 12:41:25,708 
Success in getting page: 122
Response code: 200
Encoding: utf-8

2022-03-24 12:41:26,687 
Success in getting page: 123
Response code: 200
Encoding: utf-8

2022-03-24 12:41:28,673 
Success in getting page: 124
Response code: 200
Encoding: utf-8

2022-03-24 12:41:29,434 
Success in getting page: 125
Response code: 200
Encoding: utf-8

2022-03-24 12:41:30,383 
Success in getting page: 126
Response code: 200
Encoding: utf-8

2022-03-24 12:41:31,722 
Success in getting page: 127
Response code: 200
Encoding: utf-8

2022-03-24 12:41:32,741 
Success in getting page: 128
Response code: 200
Encoding: utf-8

2022-03-24 12:41:33,492 
Success in getting page: 129
Response code: 200
Encoding: utf-8

2022-03-24 12:41:34,309 
Success in getting page: 130
Response code: 200
Encoding: utf-8

2022-03-24 12:41:35,464 
Success in getting page: 131
Response code: 200
Encoding: utf-8

2022-03-24 12:41:36,775 
Success in getting page: 132
Response code: 200
Encoding: utf-8

2022-03-24 12:41:37,584 
Success in getting page: 133
Response code: 200
Encoding: utf-8

2022-03-24 12:41:38,929 
Success in getting page: 134
Response code: 200
Encoding: utf-8

2022-03-24 12:41:39,731 
Success in getting page: 135
Response code: 200
Encoding: utf-8

2022-03-24 12:41:40,576 
Success in getting page: 136
Response code: 200
Encoding: utf-8

2022-03-24 12:41:41,679 
Success in getting page: 137
Response code: 200
Encoding: utf-8

2022-03-24 12:41:42,737 
Success in getting page: 138
Response code: 200
Encoding: utf-8

2022-03-24 12:41:43,617 
Success in getting page: 139
Response code: 200
Encoding: utf-8

2022-03-24 12:41:44,555 
Success in getting page: 140
Response code: 200
Encoding: utf-8

2022-03-24 12:41:45,305 
Success in getting page: 141
Response code: 200
Encoding: utf-8

2022-03-24 12:41:46,394 
Success in getting page: 142
Response code: 200
Encoding: utf-8

2022-03-24 12:41:47,711 
Success in getting page: 143
Response code: 200
Encoding: utf-8

2022-03-24 12:41:49,613 
Success in getting page: 144
Response code: 200
Encoding: utf-8

2022-03-24 12:41:50,461 
Success in getting page: 145
Response code: 200
Encoding: utf-8

2022-03-24 12:41:51,545 
Success in getting page: 146
Response code: 200
Encoding: utf-8

2022-03-24 12:41:52,581 
Success in getting page: 147
Response code: 200
Encoding: utf-8

2022-03-24 12:41:53,755 
Success in getting page: 148
Response code: 200
Encoding: utf-8

2022-03-24 12:41:55,053 
Success in getting page: 149
Response code: 200
Encoding: utf-8

2022-03-24 12:41:55,751 
Success in getting page: 150
Response code: 200
Encoding: utf-8

2022-03-24 12:41:56,555 
Success in getting page: 151
Response code: 200
Encoding: utf-8

2022-03-24 12:41:57,310 
Success in getting page: 152
Response code: 200
Encoding: utf-8

2022-03-24 12:41:58,107 
Success in getting page: 153
Response code: 200
Encoding: utf-8

2022-03-24 12:41:59,662 
Success in getting page: 154
Response code: 200
Encoding: utf-8

2022-03-24 12:42:00,676 
Success in getting page: 155
Response code: 200
Encoding: utf-8

2022-03-24 12:42:02,644 
Success in getting page: 156
Response code: 200
Encoding: utf-8

2022-03-24 12:42:06,929 
Success in getting page: 157
Response code: 200
Encoding: utf-8

2022-03-24 12:42:07,688 
Success in getting page: 158
Response code: 200
Encoding: utf-8

2022-03-24 12:42:09,010 
Success in getting page: 159
Response code: 200
Encoding: utf-8

2022-03-24 12:42:10,895 
Success in getting page: 160
Response code: 200
Encoding: utf-8

2022-03-24 12:42:11,824 
Success in getting page: 161
Response code: 200
Encoding: utf-8

2022-03-24 12:42:12,614 
Success in getting page: 162
Response code: 200
Encoding: utf-8

2022-03-24 12:42:13,414 
Success in getting page: 163
Response code: 200
Encoding: utf-8

2022-03-24 12:42:14,368 
Success in getting page: 164
Response code: 200
Encoding: utf-8

2022-03-24 12:42:16,539 
Success in getting page: 165
Response code: 200
Encoding: utf-8

2022-03-24 12:42:17,321 
Success in getting page: 166
Response code: 200
Encoding: utf-8

2022-03-24 12:42:18,827 
Success in getting page: 167
Response code: 200
Encoding: utf-8

2022-03-24 12:42:19,646 
Success in getting page: 168
Response code: 200
Encoding: utf-8

2022-03-24 12:42:20,891 
Success in getting page: 169
Response code: 200
Encoding: utf-8

2022-03-24 12:42:21,716 
Success in getting page: 170
Response code: 200
Encoding: utf-8

2022-03-24 12:42:22,551 
Success in getting page: 171
Response code: 200
Encoding: utf-8

2022-03-24 12:42:24,018 
Success in getting page: 172
Response code: 200
Encoding: utf-8

2022-03-24 12:42:26,001 
Success in getting page: 173
Response code: 200
Encoding: utf-8

2022-03-24 12:42:27,589 
Success in getting page: 174
Response code: 200
Encoding: utf-8

2022-03-24 12:42:29,863 
Success in getting page: 175
Response code: 200
Encoding: utf-8

2022-03-24 12:42:30,640 
Success in getting page: 176
Response code: 200
Encoding: utf-8

2022-03-24 12:42:31,380 
Success in getting page: 177
Response code: 200
Encoding: utf-8

2022-03-24 12:42:32,219 
Success in getting page: 178
Response code: 200
Encoding: utf-8

2022-03-24 12:42:32,997 
Success in getting page: 179
Response code: 200
Encoding: utf-8

2022-03-24 12:42:33,828 
Success in getting page: 180
Response code: 200
Encoding: utf-8

2022-03-24 12:42:34,844 
Success in getting page: 181
Response code: 200
Encoding: utf-8

2022-03-24 12:42:35,592 
Success in getting page: 182
Response code: 200
Encoding: utf-8

2022-03-24 12:42:36,359 
Success in getting page: 183
Response code: 200
Encoding: utf-8

2022-03-24 12:42:37,249 
Success in getting page: 184
Response code: 200
Encoding: utf-8

2022-03-24 12:42:38,195 
Success in getting page: 185
Response code: 200
Encoding: utf-8

2022-03-24 12:42:39,198 
Success in getting page: 186
Response code: 200
Encoding: utf-8

2022-03-24 12:42:40,434 
Success in getting page: 187
Response code: 200
Encoding: utf-8

2022-03-24 12:42:41,275 
Success in getting page: 188
Response code: 200
Encoding: utf-8

2022-03-24 12:42:42,057 
Success in getting page: 189
Response code: 200
Encoding: utf-8

2022-03-24 12:42:42,747 
Success in getting page: 190
Response code: 200
Encoding: utf-8

2022-03-24 12:42:43,853 
Success in getting page: 191
Response code: 200
Encoding: utf-8

2022-03-24 12:42:44,932 
Success in getting page: 192
Response code: 200
Encoding: utf-8

2022-03-24 12:42:46,141 
Success in getting page: 193
Response code: 200
Encoding: utf-8

2022-03-24 12:42:47,035 
Success in getting page: 194
Response code: 200
Encoding: utf-8

2022-03-24 12:42:48,510 
Success in getting page: 195
Response code: 200
Encoding: utf-8

2022-03-24 12:42:49,439 
Success in getting page: 196
Response code: 200
Encoding: utf-8

2022-03-24 12:42:50,392 
Success in getting page: 197
Response code: 200
Encoding: utf-8

2022-03-24 12:42:51,701 
Success in getting page: 198
Response code: 200
Encoding: utf-8

2022-03-24 12:42:52,413 
Success in getting page: 199
Response code: 200
Encoding: utf-8

2022-03-24 12:42:53,173 
Success in getting page: 200
Response code: 200
Encoding: utf-8

2022-03-24 12:42:53,896 
Success in getting page: 201
Response code: 200
Encoding: utf-8

2022-03-24 12:42:54,676 
Success in getting page: 202
Response code: 200
Encoding: utf-8

2022-03-24 12:42:55,467 
Success in getting page: 203
Response code: 200
Encoding: utf-8

2022-03-24 12:42:56,552 
Success in getting page: 204
Response code: 200
Encoding: utf-8

2022-03-24 12:42:57,335 
Success in getting page: 205
Response code: 200
Encoding: utf-8

2022-03-24 12:42:58,270 
Success in getting page: 206
Response code: 200
Encoding: utf-8

2022-03-24 12:42:59,110 
Success in getting page: 207
Response code: 200
Encoding: utf-8

2022-03-24 12:43:01,415 
Success in getting page: 208
Response code: 200
Encoding: utf-8

2022-03-24 12:43:02,241 
Success in getting page: 209
Response code: 200
Encoding: utf-8

2022-03-24 12:43:02,947 
Success in getting page: 210
Response code: 200
Encoding: utf-8

2022-03-24 12:43:03,822 
Success in getting page: 211
Response code: 200
Encoding: utf-8

2022-03-24 12:43:05,093 
Success in getting page: 212
Response code: 200
Encoding: utf-8

2022-03-24 12:43:05,886 
Success in getting page: 213
Response code: 200
Encoding: utf-8

2022-03-24 12:43:06,829 
Success in getting page: 214
Response code: 200
Encoding: utf-8

2022-03-24 12:43:07,573 
Success in getting page: 215
Response code: 200
Encoding: utf-8

2022-03-24 12:43:08,344 
Success in getting page: 216
Response code: 200
Encoding: utf-8

2022-03-24 12:43:09,759 
Success in getting page: 217
Response code: 200
Encoding: utf-8

2022-03-24 12:43:10,484 
Success in getting page: 218
Response code: 200
Encoding: utf-8

2022-03-24 12:43:11,319 
Success in getting page: 219
Response code: 200
Encoding: utf-8

2022-03-24 12:43:12,875 
Success in getting page: 220
Response code: 200
Encoding: utf-8

2022-03-24 12:43:13,716 
Success in getting page: 221
Response code: 200
Encoding: utf-8

2022-03-24 12:43:14,629 
Success in getting page: 222
Response code: 200
Encoding: utf-8

2022-03-24 12:43:15,491 
Success in getting page: 223
Response code: 200
Encoding: utf-8

2022-03-24 12:43:16,348 
Success in getting page: 224
Response code: 200
Encoding: utf-8

2022-03-24 12:43:17,198 
Success in getting page: 225
Response code: 200
Encoding: utf-8

2022-03-24 12:43:18,138 
Success in getting page: 226
Response code: 200
Encoding: utf-8

2022-03-24 12:43:20,280 
Success in getting page: 227
Response code: 200
Encoding: utf-8

2022-03-24 12:43:22,136 
Success in getting page: 228
Response code: 200
Encoding: utf-8

2022-03-24 12:43:22,991 
Success in getting page: 229
Response code: 200
Encoding: utf-8

2022-03-24 12:43:23,797 
Success in getting page: 230
Response code: 200
Encoding: utf-8

2022-03-24 12:43:26,218 
Success in getting page: 231
Response code: 200
Encoding: utf-8

2022-03-24 12:43:28,043 
Success in getting page: 232
Response code: 200
Encoding: utf-8

2022-03-24 12:43:29,882 
Success in getting page: 233
Response code: 200
Encoding: utf-8

2022-03-24 12:43:30,734 
Success in getting page: 234
Response code: 200
Encoding: utf-8

2022-03-24 12:43:31,603 
Success in getting page: 235
Response code: 200
Encoding: utf-8

2022-03-24 12:43:35,436 
Success in getting page: 236
Response code: 200
Encoding: utf-8

2022-03-24 12:43:36,215 
Success in getting page: 237
Response code: 200
Encoding: utf-8

2022-03-24 12:43:37,063 
Success in getting page: 238
Response code: 200
Encoding: utf-8

2022-03-24 12:43:37,983 
Success in getting page: 239
Response code: 200
Encoding: utf-8

2022-03-24 12:43:38,729 
Success in getting page: 240
Response code: 200
Encoding: utf-8

2022-03-24 12:43:39,543 
Success in getting page: 241
Response code: 200
Encoding: utf-8

2022-03-24 12:43:40,377 
Success in getting page: 242
Response code: 200
Encoding: utf-8

2022-03-24 12:43:41,106 
Success in getting page: 243
Response code: 200
Encoding: utf-8

2022-03-24 12:43:41,963 
Success in getting page: 244
Response code: 200
Encoding: utf-8

2022-03-24 12:43:42,842 
Success in getting page: 245
Response code: 200
Encoding: utf-8

2022-03-24 12:43:44,176 
Success in getting page: 246
Response code: 200
Encoding: utf-8

2022-03-24 12:43:44,950 
Success in getting page: 247
Response code: 200
Encoding: utf-8

2022-03-24 12:43:45,844 
Success in getting page: 248
Response code: 200
Encoding: utf-8

2022-03-24 12:43:46,685 
Success in getting page: 249
Response code: 200
Encoding: utf-8

2022-03-24 12:43:47,503 
Success in getting page: 250
Response code: 200
Encoding: utf-8

2022-03-24 12:43:48,456 
Success in getting page: 251
Response code: 200
Encoding: utf-8

2022-03-24 12:43:49,344 
Success in getting page: 252
Response code: 200
Encoding: utf-8

2022-03-24 12:43:50,143 
Success in getting page: 253
Response code: 200
Encoding: utf-8

2022-03-24 12:43:51,123 
Success in getting page: 254
Response code: 200
Encoding: utf-8

2022-03-24 12:43:52,097 
Success in getting page: 255
Response code: 200
Encoding: utf-8

2022-03-24 12:43:53,193 
Success in getting page: 256
Response code: 200
Encoding: utf-8

2022-03-24 12:43:54,071 
Success in getting page: 257
Response code: 200
Encoding: utf-8

2022-03-24 12:43:54,939 
Success in getting page: 258
Response code: 200
Encoding: utf-8

2022-03-24 12:43:55,829 
Success in getting page: 259
Response code: 200
Encoding: utf-8

2022-03-24 12:43:56,627 
Success in getting page: 260
Response code: 200
Encoding: utf-8

2022-03-24 12:43:57,512 
Success in getting page: 261
Response code: 200
Encoding: utf-8

2022-03-24 12:43:58,287 
Success in getting page: 262
Response code: 200
Encoding: utf-8

2022-03-24 12:43:58,998 
Success in getting page: 263
Response code: 200
Encoding: utf-8

2022-03-24 12:43:59,805 
Success in getting page: 264
Response code: 200
Encoding: utf-8

2022-03-24 12:44:00,731 
Success in getting page: 265
Response code: 200
Encoding: utf-8

2022-03-24 12:44:01,594 
Success in getting page: 266
Response code: 200
Encoding: utf-8

2022-03-24 12:44:02,404 
Success in getting page: 267
Response code: 200
Encoding: utf-8

2022-03-24 12:44:03,191 
Success in getting page: 268
Response code: 200
Encoding: utf-8

2022-03-24 12:44:04,045 
Success in getting page: 269
Response code: 200
Encoding: utf-8

2022-03-24 12:44:04,873 
Success in getting page: 270
Response code: 200
Encoding: utf-8

2022-03-24 12:44:05,737 
Success in getting page: 271
Response code: 200
Encoding: utf-8

2022-03-24 12:44:06,527 
Success in getting page: 272
Response code: 200
Encoding: utf-8

2022-03-24 12:44:07,287 
Success in getting page: 273
Response code: 200
Encoding: utf-8

2022-03-24 12:44:08,059 
Success in getting page: 274
Response code: 200
Encoding: utf-8

2022-03-24 12:44:11,062 
Success in getting page: 275
Response code: 200
Encoding: utf-8

2022-03-24 12:44:11,861 
Success in getting page: 276
Response code: 200
Encoding: utf-8

2022-03-24 12:44:12,600 
Success in getting page: 277
Response code: 200
Encoding: utf-8

2022-03-24 12:44:14,345 
Success in getting page: 278
Response code: 200
Encoding: utf-8

2022-03-24 12:44:15,611 
Success in getting page: 279
Response code: 200
Encoding: utf-8

2022-03-24 12:44:16,944 
Success in getting page: 280
Response code: 200
Encoding: utf-8

2022-03-24 12:44:17,733 
Success in getting page: 281
Response code: 200
Encoding: utf-8

2022-03-24 12:44:18,955 
Success in getting page: 282
Response code: 200
Encoding: utf-8

2022-03-24 12:44:20,025 
Success in getting page: 283
Response code: 200
Encoding: utf-8

2022-03-24 12:44:20,759 
Success in getting page: 284
Response code: 200
Encoding: utf-8

2022-03-24 12:44:22,748 
Success in getting page: 285
Response code: 200
Encoding: utf-8

2022-03-24 12:44:23,582 
Success in getting page: 286
Response code: 200
Encoding: utf-8

2022-03-24 12:44:24,620 
Success in getting page: 287
Response code: 200
Encoding: utf-8

2022-03-24 12:44:26,588 
Success in getting page: 288
Response code: 200
Encoding: utf-8

2022-03-24 12:44:27,898 
Success in getting page: 289
Response code: 200
Encoding: utf-8

2022-03-24 12:44:28,878 
Success in getting page: 290
Response code: 200
Encoding: utf-8

2022-03-24 12:44:29,852 
Success in getting page: 291
Response code: 200
Encoding: utf-8

2022-03-24 12:44:30,650 
Success in getting page: 292
Response code: 200
Encoding: utf-8

2022-03-24 12:44:31,446 
Success in getting page: 293
Response code: 200
Encoding: utf-8

2022-03-24 12:44:32,238 
Success in getting page: 294
Response code: 200
Encoding: utf-8

2022-03-24 12:44:33,070 
Success in getting page: 295
Response code: 200
Encoding: utf-8

2022-03-24 12:44:33,943 
Success in getting page: 296
Response code: 200
Encoding: utf-8

2022-03-24 12:44:34,676 
Success in getting page: 297
Response code: 200
Encoding: utf-8

2022-03-24 12:44:35,481 
Success in getting page: 298
Response code: 200
Encoding: utf-8

2022-03-24 12:44:36,273 
Success in getting page: 299
Response code: 200
Encoding: utf-8

2022-03-24 12:44:37,112 
Success in getting page: 300
Response code: 200
Encoding: utf-8

2022-03-24 12:44:37,896 
Success in getting page: 301
Response code: 200
Encoding: utf-8

2022-03-24 12:44:38,737 
Success in getting page: 302
Response code: 200
Encoding: utf-8

2022-03-24 12:44:39,546 
Success in getting page: 303
Response code: 200
Encoding: utf-8

2022-03-24 12:44:40,608 
Success in getting page: 304
Response code: 200
Encoding: utf-8

2022-03-24 12:44:41,373 
Success in getting page: 305
Response code: 200
Encoding: utf-8

2022-03-24 12:44:42,267 
Success in getting page: 306
Response code: 200
Encoding: utf-8

2022-03-24 12:44:43,045 
Success in getting page: 307
Response code: 200
Encoding: utf-8

2022-03-24 12:44:43,894 
Success in getting page: 308
Response code: 200
Encoding: utf-8

2022-03-24 12:44:44,717 
Success in getting page: 309
Response code: 200
Encoding: utf-8

2022-03-24 12:44:45,519 
Success in getting page: 310
Response code: 200
Encoding: utf-8

2022-03-24 12:44:46,443 
Success in getting page: 311
Response code: 200
Encoding: utf-8

2022-03-24 12:44:47,274 
Success in getting page: 312
Response code: 200
Encoding: utf-8

2022-03-24 12:44:48,113 
Success in getting page: 313
Response code: 200
Encoding: utf-8

2022-03-24 12:44:49,042 
Success in getting page: 314
Response code: 200
Encoding: utf-8

2022-03-24 12:44:49,936 
Success in getting page: 315
Response code: 200
Encoding: utf-8

2022-03-24 12:44:51,729 
Success in getting page: 316
Response code: 200
Encoding: utf-8

2022-03-24 12:44:53,586 
Success in getting page: 317
Response code: 200
Encoding: utf-8

2022-03-24 12:44:54,556 
Success in getting page: 318
Response code: 200
Encoding: utf-8

2022-03-24 12:44:55,281 
Success in getting page: 319
Response code: 200
Encoding: utf-8

2022-03-24 12:44:56,140 
Success in getting page: 320
Response code: 200
Encoding: utf-8

2022-03-24 12:44:56,977 
Success in getting page: 321
Response code: 200
Encoding: utf-8

2022-03-24 12:44:58,026 
Success in getting page: 322
Response code: 200
Encoding: utf-8

2022-03-24 12:44:58,871 
Success in getting page: 323
Response code: 200
Encoding: utf-8

2022-03-24 12:45:00,087 
Success in getting page: 324
Response code: 200
Encoding: utf-8

2022-03-24 12:45:00,973 
Success in getting page: 325
Response code: 200
Encoding: utf-8

2022-03-24 12:45:01,841 
Success in getting page: 326
Response code: 200
Encoding: utf-8

2022-03-24 12:45:02,699 
Success in getting page: 327
Response code: 200
Encoding: utf-8

2022-03-24 12:45:03,617 
Success in getting page: 328
Response code: 200
Encoding: utf-8

2022-03-24 12:45:04,407 
Success in getting page: 329
Response code: 200
Encoding: utf-8

2022-03-24 12:45:05,443 
Success in getting page: 330
Response code: 200
Encoding: utf-8

2022-03-24 12:45:06,294 
Success in getting page: 331
Response code: 200
Encoding: utf-8

2022-03-24 12:45:07,018 
Success in getting page: 332
Response code: 200
Encoding: utf-8

2022-03-24 12:45:07,874 
Success in getting page: 333
Response code: 200
Encoding: utf-8

2022-03-24 12:45:08,584 
Success in getting page: 334
Response code: 200
Encoding: utf-8

2022-03-24 12:45:09,499 
Success in getting page: 335
Response code: 200
Encoding: utf-8

2022-03-24 12:45:10,432 
Success in getting page: 336
Response code: 200
Encoding: utf-8

2022-03-24 12:45:11,803 
Success in getting page: 337
Response code: 200
Encoding: utf-8

2022-03-24 12:45:13,177 
Success in getting page: 338
Response code: 200
Encoding: utf-8

2022-03-24 12:45:13,993 
Success in getting page: 339
Response code: 200
Encoding: utf-8

2022-03-24 12:45:15,025 
Success in getting page: 340
Response code: 200
Encoding: utf-8

2022-03-24 12:45:16,091 
Success in getting page: 341
Response code: 200
Encoding: utf-8

2022-03-24 12:45:17,252 
Success in getting page: 342
Response code: 200
Encoding: utf-8

2022-03-24 12:45:18,446 
Success in getting page: 343
Response code: 200
Encoding: utf-8

2022-03-24 12:45:19,434 
Success in getting page: 344
Response code: 200
Encoding: utf-8

2022-03-24 12:45:20,777 
Success in getting page: 345
Response code: 200
Encoding: utf-8

2022-03-24 12:45:21,561 
Success in getting page: 346
Response code: 200
Encoding: utf-8

2022-03-24 12:45:22,820 
Success in getting page: 347
Response code: 200
Encoding: utf-8

2022-03-24 12:45:23,724 
Success in getting page: 348
Response code: 200
Encoding: utf-8

2022-03-24 12:45:24,540 
Success in getting page: 349
Response code: 200
Encoding: utf-8

2022-03-24 12:45:25,246 
Success in getting page: 350
Response code: 200
Encoding: utf-8

2022-03-24 12:45:26,225 
Success in getting page: 351
Response code: 200
Encoding: utf-8

2022-03-24 12:45:27,466 
Success in getting page: 352
Response code: 200
Encoding: utf-8

2022-03-24 12:45:28,391 
Success in getting page: 353
Response code: 200
Encoding: utf-8

2022-03-24 12:45:29,430 
Success in getting page: 354
Response code: 200
Encoding: utf-8

2022-03-24 12:45:31,067 
Success in getting page: 355
Response code: 200
Encoding: utf-8

2022-03-24 12:45:32,226 
Success in getting page: 356
Response code: 200
Encoding: utf-8

2022-03-24 12:45:34,017 
Success in getting page: 357
Response code: 200
Encoding: utf-8

2022-03-24 12:45:34,748 
Success in getting page: 358
Response code: 200
Encoding: utf-8

2022-03-24 12:45:35,482 
Success in getting page: 359
Response code: 200
Encoding: utf-8

2022-03-24 12:45:36,240 
Success in getting page: 360
Response code: 200
Encoding: utf-8

2022-03-24 12:45:37,158 
Success in getting page: 361
Response code: 200
Encoding: utf-8

2022-03-24 12:45:38,044 
Success in getting page: 362
Response code: 200
Encoding: utf-8

2022-03-24 12:45:39,009 
Success in getting page: 363
Response code: 200
Encoding: utf-8

2022-03-24 12:45:40,029 
Success in getting page: 364
Response code: 200
Encoding: utf-8

2022-03-24 12:45:40,817 
Success in getting page: 365
Response code: 200
Encoding: utf-8

2022-03-24 12:45:41,607 
Success in getting page: 366
Response code: 200
Encoding: utf-8

2022-03-24 12:45:42,518 
Success in getting page: 367
Response code: 200
Encoding: utf-8

2022-03-24 12:45:43,327 
Success in getting page: 368
Response code: 200
Encoding: utf-8

2022-03-24 12:45:44,147 
Success in getting page: 369
Response code: 200
Encoding: utf-8

2022-03-24 12:45:44,958 
Success in getting page: 370
Response code: 200
Encoding: utf-8

2022-03-24 12:45:45,822 
Success in getting page: 371
Response code: 200
Encoding: utf-8

2022-03-24 12:45:46,643 
Success in getting page: 372
Response code: 200
Encoding: utf-8

2022-03-24 12:45:47,439 
Success in getting page: 373
Response code: 200
Encoding: utf-8

2022-03-24 12:45:48,439 
Success in getting page: 374
Response code: 200
Encoding: utf-8

2022-03-24 12:45:49,254 
Success in getting page: 375
Response code: 200
Encoding: utf-8

2022-03-24 12:45:50,051 
Success in getting page: 376
Response code: 200
Encoding: utf-8

2022-03-24 12:45:50,836 
Success in getting page: 377
Response code: 200
Encoding: utf-8

2022-03-24 12:45:51,628 
Success in getting page: 378
Response code: 200
Encoding: utf-8

2022-03-24 12:45:52,645 
Success in getting page: 379
Response code: 200
Encoding: utf-8

2022-03-24 12:45:56,630 
Success in getting page: 380
Response code: 200
Encoding: utf-8

2022-03-24 12:45:57,340 
Success in getting page: 381
Response code: 200
Encoding: utf-8

2022-03-24 12:45:58,614 
Success in getting page: 382
Response code: 200
Encoding: utf-8

2022-03-24 12:45:59,690 
Success in getting page: 383
Response code: 200
Encoding: utf-8

2022-03-24 12:46:00,416 
Success in getting page: 384
Response code: 200
Encoding: utf-8

2022-03-24 12:46:01,106 
Success in getting page: 385
Response code: 200
Encoding: utf-8

2022-03-24 12:46:01,870 
Success in getting page: 386
Response code: 200
Encoding: utf-8

2022-03-24 12:46:05,812 
Success in getting page: 387
Response code: 200
Encoding: utf-8

2022-03-24 12:46:06,590 
Success in getting page: 388
Response code: 200
Encoding: utf-8

2022-03-24 12:46:08,063 
Success in getting page: 389
Response code: 200
Encoding: utf-8

2022-03-24 12:46:09,106 
Success in getting page: 390
Response code: 200
Encoding: utf-8

2022-03-24 12:46:10,491 
Success in getting page: 391
Response code: 200
Encoding: utf-8

2022-03-24 12:46:11,508 
Success in getting page: 392
Response code: 200
Encoding: utf-8

2022-03-24 12:46:12,410 
Success in getting page: 393
Response code: 200
Encoding: utf-8

2022-03-24 12:46:14,029 
Success in getting page: 394
Response code: 200
Encoding: utf-8

2022-03-24 12:46:15,012 
Success in getting page: 395
Response code: 200
Encoding: utf-8

2022-03-24 12:46:16,084 
Success in getting page: 396
Response code: 200
Encoding: utf-8

2022-03-24 12:46:17,135 
Success in getting page: 397
Response code: 200
Encoding: utf-8

2022-03-24 12:46:18,329 
Success in getting page: 398
Response code: 200
Encoding: utf-8

2022-03-24 12:46:19,007 
Success in getting page: 399
Response code: 200
Encoding: utf-8

2022-03-24 12:46:20,397 
Success in getting page: 400
Response code: 200
Encoding: utf-8

2022-03-24 12:46:21,172 
Success in getting page: 401
Response code: 200
Encoding: utf-8

2022-03-24 12:46:23,098 
Success in getting page: 402
Response code: 200
Encoding: utf-8

2022-03-24 12:46:24,393 
Success in getting page: 403
Response code: 200
Encoding: utf-8

2022-03-24 12:46:25,636 
Success in getting page: 404
Response code: 200
Encoding: utf-8

2022-03-24 12:46:26,469 
Success in getting page: 405
Response code: 200
Encoding: utf-8

2022-03-24 12:46:27,326 
Success in getting page: 406
Response code: 200
Encoding: utf-8

2022-03-24 12:46:28,739 
Success in getting page: 407
Response code: 200
Encoding: utf-8

2022-03-24 12:46:30,257 
Success in getting page: 408
Response code: 200
Encoding: utf-8

2022-03-24 12:46:32,273 
Success in getting page: 409
Response code: 200
Encoding: utf-8

2022-03-24 12:46:33,102 
Success in getting page: 410
Response code: 200
Encoding: utf-8

2022-03-24 12:46:34,041 
Success in getting page: 411
Response code: 200
Encoding: utf-8

2022-03-24 12:46:34,828 
Success in getting page: 412
Response code: 200
Encoding: utf-8

2022-03-24 12:46:35,628 
Success in getting page: 413
Response code: 200
Encoding: utf-8

2022-03-24 12:46:36,477 
Success in getting page: 414
Response code: 200
Encoding: utf-8

2022-03-24 12:46:37,290 
Success in getting page: 415
Response code: 200
Encoding: utf-8

2022-03-24 12:46:38,143 
Success in getting page: 416
Response code: 200
Encoding: utf-8

2022-03-24 12:46:38,865 
Success in getting page: 417
Response code: 200
Encoding: utf-8

2022-03-24 12:46:39,609 
Success in getting page: 418
Response code: 200
Encoding: utf-8

2022-03-24 12:46:40,382 
Success in getting page: 419
Response code: 200
Encoding: utf-8

2022-03-24 12:46:41,289 
Success in getting page: 420
Response code: 200
Encoding: utf-8

2022-03-24 12:46:42,036 
Success in getting page: 421
Response code: 200
Encoding: utf-8

2022-03-24 12:46:42,852 
Success in getting page: 422
Response code: 200
Encoding: utf-8

2022-03-24 12:46:43,637 
Success in getting page: 423
Response code: 200
Encoding: utf-8

2022-03-24 12:46:44,703 
Success in getting page: 424
Response code: 200
Encoding: utf-8

2022-03-24 12:46:45,506 
Success in getting page: 425
Response code: 200
Encoding: utf-8

2022-03-24 12:46:46,298 
Success in getting page: 426
Response code: 200
Encoding: utf-8

2022-03-24 12:46:47,062 
Success in getting page: 427
Response code: 200
Encoding: utf-8

2022-03-24 12:46:47,791 
Success in getting page: 428
Response code: 200
Encoding: utf-8

2022-03-24 12:46:48,515 
Success in getting page: 429
Response code: 200
Encoding: utf-8

2022-03-24 12:46:49,275 
Success in getting page: 430
Response code: 200
Encoding: utf-8

2022-03-24 12:46:50,057 
Success in getting page: 431
Response code: 200
Encoding: utf-8

2022-03-24 12:46:50,816 
Success in getting page: 432
Response code: 200
Encoding: utf-8

2022-03-24 12:46:51,659 
Success in getting page: 433
Response code: 200
Encoding: utf-8

2022-03-24 12:46:52,421 
Success in getting page: 434
Response code: 200
Encoding: utf-8

2022-03-24 12:46:53,225 
Success in getting page: 435
Response code: 200
Encoding: utf-8

2022-03-24 12:46:54,316 
Success in getting page: 436
Response code: 200
Encoding: utf-8

2022-03-24 12:46:55,165 
Success in getting page: 437
Response code: 200
Encoding: utf-8

2022-03-24 12:46:55,982 
Success in getting page: 438
Response code: 200
Encoding: utf-8

2022-03-24 12:46:56,756 
Success in getting page: 439
Response code: 200
Encoding: utf-8

2022-03-24 12:46:57,626 
Success in getting page: 440
Response code: 200
Encoding: utf-8

2022-03-24 12:46:58,458 
Success in getting page: 441
Response code: 200
Encoding: utf-8

2022-03-24 12:46:59,303 
Success in getting page: 442
Response code: 200
Encoding: utf-8

2022-03-24 12:47:00,128 
Success in getting page: 443
Response code: 200
Encoding: utf-8

2022-03-24 12:47:00,881 
Success in getting page: 444
Response code: 200
Encoding: utf-8

2022-03-24 12:47:01,737 
Success in getting page: 445
Response code: 200
Encoding: utf-8

2022-03-24 12:47:02,456 
Success in getting page: 446
Response code: 200
Encoding: utf-8

2022-03-24 12:47:03,293 
Success in getting page: 447
Response code: 200
Encoding: utf-8

2022-03-24 12:47:04,449 
Success in getting page: 448
Response code: 200
Encoding: utf-8

2022-03-24 12:47:05,279 
Success in getting page: 449
Response code: 200
Encoding: utf-8

2022-03-24 12:47:06,080 
Success in getting page: 450
Response code: 200
Encoding: utf-8

2022-03-24 12:47:06,924 
Success in getting page: 451
Response code: 200
Encoding: utf-8

2022-03-24 12:47:07,839 
Success in getting page: 452
Response code: 200
Encoding: utf-8

2022-03-24 12:47:08,896 
Success in getting page: 453
Response code: 200
Encoding: utf-8

2022-03-24 12:47:09,716 
Success in getting page: 454
Response code: 200
Encoding: utf-8

2022-03-24 12:47:10,563 
Success in getting page: 455
Response code: 200
Encoding: utf-8

2022-03-24 12:47:11,425 
Success in getting page: 456
Response code: 200
Encoding: utf-8

2022-03-24 12:47:12,617 
Success in getting page: 457
Response code: 200
Encoding: utf-8

2022-03-24 12:47:13,429 
Success in getting page: 458
Response code: 200
Encoding: utf-8

2022-03-24 12:47:14,300 
Success in getting page: 459
Response code: 200
Encoding: utf-8

2022-03-24 12:47:15,045 
Success in getting page: 460
Response code: 200
Encoding: utf-8

2022-03-24 12:47:15,998 
Success in getting page: 461
Response code: 200
Encoding: utf-8

2022-03-24 12:47:17,077 
Success in getting page: 462
Response code: 200
Encoding: utf-8

2022-03-24 12:47:17,902 
Success in getting page: 463
Response code: 200
Encoding: utf-8

2022-03-24 12:47:18,622 
Success in getting page: 464
Response code: 200
Encoding: utf-8

2022-03-24 12:47:19,518 
Success in getting page: 465
Response code: 200
Encoding: utf-8

2022-03-24 12:47:20,299 
Success in getting page: 466
Response code: 200
Encoding: utf-8

2022-03-24 12:47:21,460 
Success in getting page: 467
Response code: 200
Encoding: utf-8

2022-03-24 12:47:22,561 
Success in getting page: 468
Response code: 200
Encoding: utf-8

2022-03-24 12:47:23,836 
Success in getting page: 469
Response code: 200
Encoding: utf-8

2022-03-24 12:47:24,666 
Success in getting page: 470
Response code: 200
Encoding: utf-8

2022-03-24 12:47:25,513 
Success in getting page: 471
Response code: 200
Encoding: utf-8

2022-03-24 12:47:26,870 
Success in getting page: 472
Response code: 200
Encoding: utf-8

2022-03-24 12:47:27,743 
Success in getting page: 473
Response code: 200
Encoding: utf-8

2022-03-24 12:47:28,585 
Success in getting page: 474
Response code: 200
Encoding: utf-8

2022-03-24 12:47:29,427 
Success in getting page: 475
Response code: 200
Encoding: utf-8

2022-03-24 12:47:30,251 
Success in getting page: 476
Response code: 200
Encoding: utf-8

2022-03-24 12:47:31,095 
Success in getting page: 477
Response code: 200
Encoding: utf-8

2022-03-24 12:47:31,929 
Success in getting page: 478
Response code: 200
Encoding: utf-8

2022-03-24 12:47:32,877 
Success in getting page: 479
Response code: 200
Encoding: utf-8

2022-03-24 12:47:33,729 
Success in getting page: 480
Response code: 200
Encoding: utf-8

2022-03-24 12:47:34,491 
Success in getting page: 481
Response code: 200
Encoding: utf-8

2022-03-24 12:47:36,013 
Success in getting page: 482
Response code: 200
Encoding: utf-8

2022-03-24 12:47:36,793 
Success in getting page: 483
Response code: 200
Encoding: utf-8

2022-03-24 12:47:37,506 
Success in getting page: 484
Response code: 200
Encoding: utf-8

2022-03-24 12:47:38,272 
Success in getting page: 485
Response code: 200
Encoding: utf-8

2022-03-24 12:47:39,414 
Success in getting page: 486
Response code: 200
Encoding: utf-8

2022-03-24 12:47:40,314 
Success in getting page: 487
Response code: 200
Encoding: utf-8

2022-03-24 12:47:41,090 
Success in getting page: 488
Response code: 200
Encoding: utf-8

2022-03-24 12:47:41,907 
Success in getting page: 489
Response code: 200
Encoding: utf-8

2022-03-24 12:47:42,807 
Success in getting page: 490
Response code: 200
Encoding: utf-8

2022-03-24 12:47:43,674 
Success in getting page: 491
Response code: 200
Encoding: utf-8

2022-03-24 12:47:44,506 
Success in getting page: 492
Response code: 200
Encoding: utf-8

2022-03-24 12:47:45,283 
Success in getting page: 493
Response code: 200
Encoding: utf-8

2022-03-24 12:47:46,169 
Success in getting page: 494
Response code: 200
Encoding: utf-8

2022-03-24 12:47:47,012 
Success in getting page: 495
Response code: 200
Encoding: utf-8

2022-03-24 12:47:47,890 
Success in getting page: 496
Response code: 200
Encoding: utf-8

2022-03-24 12:47:48,817 
Success in getting page: 497
Response code: 200
Encoding: utf-8

2022-03-24 12:47:49,563 
Success in getting page: 498
Response code: 200
Encoding: utf-8

2022-03-24 12:47:50,417 
Success in getting page: 499
Response code: 200
Encoding: utf-8

2022-03-24 12:47:51,235 
Success in getting page: 500
Response code: 200
Encoding: utf-8

2022-03-24 12:47:52,097 
Success in getting page: 501
Response code: 200
Encoding: utf-8

2022-03-24 12:47:53,212 
Success in getting page: 502
Response code: 200
Encoding: utf-8

2022-03-24 12:47:54,081 
Success in getting page: 503
Response code: 200
Encoding: utf-8

2022-03-24 12:47:55,756 
Success in getting page: 504
Response code: 200
Encoding: utf-8

2022-03-24 12:47:57,825 
Success in getting page: 505
Response code: 200
Encoding: utf-8

2022-03-24 12:47:58,715 
Success in getting page: 506
Response code: 200
Encoding: utf-8

2022-03-24 12:48:00,638 
Success in getting page: 507
Response code: 200
Encoding: utf-8

2022-03-24 12:48:01,717 
Success in getting page: 508
Response code: 200
Encoding: utf-8

2022-03-24 12:48:02,959 
Success in getting page: 509
Response code: 200
Encoding: utf-8

2022-03-24 12:48:04,066 
Success in getting page: 510
Response code: 200
Encoding: utf-8

2022-03-24 12:48:05,045 
Success in getting page: 511
Response code: 200
Encoding: utf-8

2022-03-24 12:48:06,298 
Success in getting page: 512
Response code: 200
Encoding: utf-8

2022-03-24 12:48:07,060 
Success in getting page: 513
Response code: 200
Encoding: utf-8

2022-03-24 12:48:08,329 
Success in getting page: 514
Response code: 200
Encoding: utf-8

2022-03-24 12:48:09,109 
Success in getting page: 515
Response code: 200
Encoding: utf-8

2022-03-24 12:48:11,308 
Success in getting page: 516
Response code: 200
Encoding: utf-8

2022-03-24 12:48:12,274 
Success in getting page: 517
Response code: 200
Encoding: utf-8

2022-03-24 12:48:13,718 
Success in getting page: 518
Response code: 200
Encoding: utf-8

2022-03-24 12:48:14,939 
Success in getting page: 519
Response code: 200
Encoding: utf-8

2022-03-24 12:48:16,048 
Success in getting page: 520
Response code: 200
Encoding: utf-8

2022-03-24 12:48:18,073 
Success in getting page: 521
Response code: 200
Encoding: utf-8

2022-03-24 12:48:19,190 
Success in getting page: 522
Response code: 200
Encoding: utf-8

2022-03-24 12:48:19,926 
Success in getting page: 523
Response code: 200
Encoding: utf-8

2022-03-24 12:48:21,589 
Success in getting page: 524
Response code: 200
Encoding: utf-8

2022-03-24 12:48:22,953 
Success in getting page: 525
Response code: 200
Encoding: utf-8

2022-03-24 12:48:24,621 
Success in getting page: 526
Response code: 200
Encoding: utf-8

2022-03-24 12:48:25,479 
Success in getting page: 527
Response code: 200
Encoding: utf-8

2022-03-24 12:48:26,502 
Success in getting page: 528
Response code: 200
Encoding: utf-8

2022-03-24 12:48:27,437 
Success in getting page: 529
Response code: 200
Encoding: utf-8

2022-03-24 12:48:28,177 
Success in getting page: 530
Response code: 200
Encoding: utf-8

2022-03-24 12:48:29,107 
Success in getting page: 531
Response code: 200
Encoding: utf-8

2022-03-24 12:48:30,027 
Success in getting page: 532
Response code: 200
Encoding: utf-8

2022-03-24 12:48:30,916 
Success in getting page: 533
Response code: 200
Encoding: utf-8

2022-03-24 12:48:31,817 
Success in getting page: 534
Response code: 200
Encoding: utf-8

2022-03-24 12:48:32,803 
Success in getting page: 535
Response code: 200
Encoding: utf-8

2022-03-24 12:48:34,785 
Success in getting page: 536
Response code: 200
Encoding: utf-8

2022-03-24 12:48:35,901 
Success in getting page: 537
Response code: 200
Encoding: utf-8

2022-03-24 12:48:37,093 
Success in getting page: 538
Response code: 200
Encoding: utf-8

2022-03-24 12:48:38,807 
Success in getting page: 539
Response code: 200
Encoding: utf-8

2022-03-24 12:48:39,645 
Success in getting page: 540
Response code: 200
Encoding: utf-8

2022-03-24 12:48:40,490 
Success in getting page: 541
Response code: 200
Encoding: utf-8

2022-03-24 12:48:41,276 
Success in getting page: 542
Response code: 200
Encoding: utf-8

2022-03-24 12:48:42,126 
Success in getting page: 543
Response code: 200
Encoding: utf-8

2022-03-24 12:48:42,973 
Success in getting page: 544
Response code: 200
Encoding: utf-8

2022-03-24 12:48:44,040 
Success in getting page: 545
Response code: 200
Encoding: utf-8

2022-03-24 12:48:44,908 
Success in getting page: 546
Response code: 200
Encoding: utf-8

2022-03-24 12:48:45,677 
Success in getting page: 547
Response code: 200
Encoding: utf-8

2022-03-24 12:48:46,623 
Success in getting page: 548
Response code: 200
Encoding: utf-8

2022-03-24 12:48:47,375 
Success in getting page: 549
Response code: 200
Encoding: utf-8

2022-03-24 12:48:48,524 
Success in getting page: 550
Response code: 200
Encoding: utf-8

2022-03-24 12:48:49,351 
Success in getting page: 551
Response code: 200
Encoding: utf-8

2022-03-24 12:48:50,254 
Success in getting page: 552
Response code: 200
Encoding: utf-8

2022-03-24 12:48:51,214 
Success in getting page: 553
Response code: 200
Encoding: utf-8

2022-03-24 12:48:52,137 
Success in getting page: 554
Response code: 200
Encoding: utf-8

2022-03-24 12:48:52,925 
Success in getting page: 555
Response code: 200
Encoding: utf-8

2022-03-24 12:48:53,934 
Success in getting page: 556
Response code: 200
Encoding: utf-8

2022-03-24 12:48:54,765 
Success in getting page: 557
Response code: 200
Encoding: utf-8

2022-03-24 12:48:55,595 
Success in getting page: 558
Response code: 200
Encoding: utf-8

2022-03-24 12:48:56,326 
Success in getting page: 559
Response code: 200
Encoding: utf-8

2022-03-24 12:48:57,331 
Success in getting page: 560
Response code: 200
Encoding: utf-8

2022-03-24 12:48:58,171 
Success in getting page: 561
Response code: 200
Encoding: utf-8

2022-03-24 12:48:58,957 
Success in getting page: 562
Response code: 200
Encoding: utf-8

2022-03-24 12:49:00,038 
Success in getting page: 563
Response code: 200
Encoding: utf-8

2022-03-24 12:49:00,915 
Success in getting page: 564
Response code: 200
Encoding: utf-8

2022-03-24 12:49:02,065 
Success in getting page: 565
Response code: 200
Encoding: utf-8

2022-03-24 12:49:02,901 
Success in getting page: 566
Response code: 200
Encoding: utf-8

2022-03-24 12:49:03,665 
Success in getting page: 567
Response code: 200
Encoding: utf-8

2022-03-24 12:49:05,179 
Success in getting page: 568
Response code: 200
Encoding: utf-8

2022-03-24 12:49:06,111 
Success in getting page: 569
Response code: 200
Encoding: utf-8

2022-03-24 12:49:06,879 
Success in getting page: 570
Response code: 200
Encoding: utf-8

2022-03-24 12:49:07,669 
Success in getting page: 571
Response code: 200
Encoding: utf-8

2022-03-24 12:49:08,733 
Success in getting page: 572
Response code: 200
Encoding: utf-8

2022-03-24 12:49:12,755 
Success in getting page: 573
Response code: 200
Encoding: utf-8

2022-03-24 12:49:13,907 
Success in getting page: 574
Response code: 200
Encoding: utf-8

2022-03-24 12:49:14,715 
Success in getting page: 575
Response code: 200
Encoding: utf-8

2022-03-24 12:49:16,033 
Success in getting page: 576
Response code: 200
Encoding: utf-8

2022-03-24 12:49:24,543 
Success in getting page: 577
Response code: 200
Encoding: utf-8

2022-03-24 12:49:25,673 
Success in getting page: 578
Response code: 200
Encoding: utf-8

2022-03-24 12:49:26,480 
Success in getting page: 579
Response code: 200
Encoding: utf-8

2022-03-24 12:49:27,265 
Success in getting page: 580
Response code: 200
Encoding: utf-8

2022-03-24 12:49:28,098 
Success in getting page: 581
Response code: 200
Encoding: utf-8

2022-03-24 12:49:29,159 
Success in getting page: 582
Response code: 200
Encoding: utf-8

2022-03-24 12:49:30,108 
Success in getting page: 583
Response code: 200
Encoding: utf-8

2022-03-24 12:49:30,928 
Success in getting page: 584
Response code: 200
Encoding: utf-8

2022-03-24 12:49:31,666 
Success in getting page: 585
Response code: 200
Encoding: utf-8

2022-03-24 12:49:32,533 
Success in getting page: 586
Response code: 200
Encoding: utf-8

2022-03-24 12:49:33,478 
Success in getting page: 587
Response code: 200
Encoding: utf-8

2022-03-24 12:49:34,334 
Success in getting page: 588
Response code: 200
Encoding: utf-8

2022-03-24 12:49:35,102 
Success in getting page: 589
Response code: 200
Encoding: utf-8

2022-03-24 12:49:36,019 
Success in getting page: 590
Response code: 200
Encoding: utf-8

2022-03-24 12:49:37,125 
Success in getting page: 591
Response code: 200
Encoding: utf-8

2022-03-24 12:49:37,956 
Success in getting page: 592
Response code: 200
Encoding: utf-8

2022-03-24 12:49:38,788 
Success in getting page: 593
Response code: 200
Encoding: utf-8

2022-03-24 12:49:39,532 
Success in getting page: 594
Response code: 200
Encoding: utf-8

2022-03-24 12:49:41,353 
Success in getting page: 595
Response code: 200
Encoding: utf-8

2022-03-24 12:49:42,157 
Success in getting page: 596
Response code: 200
Encoding: utf-8

2022-03-24 12:49:42,912 
Success in getting page: 597
Response code: 200
Encoding: utf-8

2022-03-24 12:49:43,706 
Success in getting page: 598
Response code: 200
Encoding: utf-8

2022-03-24 12:49:44,453 
Success in getting page: 599
Response code: 200
Encoding: utf-8

2022-03-24 12:49:45,323 
Success in getting page: 600
Response code: 200
Encoding: utf-8

2022-03-24 12:49:46,195 
Success in getting page: 601
Response code: 200
Encoding: utf-8

2022-03-24 12:49:46,970 
Success in getting page: 602
Response code: 200
Encoding: utf-8

2022-03-24 12:49:47,764 
Success in getting page: 603
Response code: 200
Encoding: utf-8

2022-03-24 12:49:48,555 
Success in getting page: 604
Response code: 200
Encoding: utf-8

2022-03-24 12:49:49,346 
Success in getting page: 605
Response code: 200
Encoding: utf-8

2022-03-24 12:49:50,149 
Success in getting page: 606
Response code: 200
Encoding: utf-8

2022-03-24 12:49:50,922 
Success in getting page: 607
Response code: 200
Encoding: utf-8

2022-03-24 12:49:51,673 
Success in getting page: 608
Response code: 200
Encoding: utf-8

2022-03-24 12:49:52,418 
Success in getting page: 609
Response code: 200
Encoding: utf-8

2022-03-24 12:49:53,166 
Success in getting page: 610
Response code: 200
Encoding: utf-8

2022-03-24 12:49:53,935 
Success in getting page: 611
Response code: 200
Encoding: utf-8

2022-03-24 12:49:54,727 
Success in getting page: 612
Response code: 200
Encoding: utf-8

2022-03-24 12:49:55,552 
Success in getting page: 613
Response code: 200
Encoding: utf-8

2022-03-24 12:49:56,861 
Success in getting page: 614
Response code: 200
Encoding: utf-8

2022-03-24 12:49:57,666 
Success in getting page: 615
Response code: 200
Encoding: utf-8

2022-03-24 12:49:58,520 
Success in getting page: 616
Response code: 200
Encoding: utf-8

2022-03-24 12:49:59,261 
Success in getting page: 617
Response code: 200
Encoding: utf-8

2022-03-24 12:49:59,961 
Success in getting page: 618
Response code: 200
Encoding: utf-8

2022-03-24 12:50:00,757 
Success in getting page: 619
Response code: 200
Encoding: utf-8

2022-03-24 12:50:01,572 
Success in getting page: 620
Response code: 200
Encoding: utf-8

2022-03-24 12:50:02,877 
Success in getting page: 621
Response code: 200
Encoding: utf-8

2022-03-24 12:50:04,145 
Success in getting page: 622
Response code: 200
Encoding: utf-8

2022-03-24 12:50:04,934 
Success in getting page: 623
Response code: 200
Encoding: utf-8

2022-03-24 12:50:05,769 
Success in getting page: 624
Response code: 200
Encoding: utf-8

2022-03-24 12:50:06,600 
Success in getting page: 625
Response code: 200
Encoding: utf-8

2022-03-24 12:50:07,320 
Success in getting page: 626
Response code: 200
Encoding: utf-8

2022-03-24 12:50:08,080 
Success in getting page: 627
Response code: 200
Encoding: utf-8

2022-03-24 12:50:08,887 
Success in getting page: 628
Response code: 200
Encoding: utf-8

2022-03-24 12:50:10,096 
Success in getting page: 629
Response code: 200
Encoding: utf-8

2022-03-24 12:50:11,036 
Success in getting page: 630
Response code: 200
Encoding: utf-8

2022-03-24 12:50:11,843 
Success in getting page: 631
Response code: 200
Encoding: utf-8

2022-03-24 12:50:12,871 
Success in getting page: 632
Response code: 200
Encoding: utf-8

2022-03-24 12:50:14,271 
Success in getting page: 633
Response code: 200
Encoding: utf-8

2022-03-24 12:50:15,099 
Success in getting page: 634
Response code: 200
Encoding: utf-8

2022-03-24 12:50:15,878 
Success in getting page: 635
Response code: 200
Encoding: utf-8

2022-03-24 12:50:16,596 
Success in getting page: 636
Response code: 200
Encoding: utf-8

2022-03-24 12:50:17,473 
Success in getting page: 637
Response code: 200
Encoding: utf-8

2022-03-24 12:50:18,278 
Success in getting page: 638
Response code: 200
Encoding: utf-8

2022-03-24 12:50:19,577 
Success in getting page: 639
Response code: 200
Encoding: utf-8

2022-03-24 12:50:20,367 
Success in getting page: 640
Response code: 200
Encoding: utf-8

2022-03-24 12:50:21,105 
Success in getting page: 641
Response code: 200
Encoding: utf-8

2022-03-24 12:50:21,855 
Success in getting page: 642
Response code: 200
Encoding: utf-8

2022-03-24 12:50:23,271 
Success in getting page: 643
Response code: 200
Encoding: utf-8

2022-03-24 12:50:24,065 
Success in getting page: 644
Response code: 200
Encoding: utf-8

2022-03-24 12:50:25,213 
Success in getting page: 645
Response code: 200
Encoding: utf-8

2022-03-24 12:50:26,037 
Success in getting page: 646
Response code: 200
Encoding: utf-8

2022-03-24 12:50:26,953 
Success in getting page: 647
Response code: 200
Encoding: utf-8

2022-03-24 12:50:27,823 
Success in getting page: 648
Response code: 200
Encoding: utf-8

2022-03-24 12:50:29,206 
Success in getting page: 649
Response code: 200
Encoding: utf-8

2022-03-24 12:50:29,948 
Success in getting page: 650
Response code: 200
Encoding: utf-8

2022-03-24 12:50:30,867 
Success in getting page: 651
Response code: 200
Encoding: utf-8

2022-03-24 12:50:31,704 
Success in getting page: 652
Response code: 200
Encoding: utf-8

2022-03-24 12:50:32,540 
Success in getting page: 653
Response code: 200
Encoding: utf-8

2022-03-24 12:50:33,368 
Success in getting page: 654
Response code: 200
Encoding: utf-8

2022-03-24 12:50:34,188 
Success in getting page: 655
Response code: 200
Encoding: utf-8

2022-03-24 12:50:35,093 
Success in getting page: 656
Response code: 200
Encoding: utf-8

2022-03-24 12:50:38,015 
Success in getting page: 657
Response code: 200
Encoding: utf-8

2022-03-24 12:50:38,857 
Success in getting page: 658
Response code: 200
Encoding: utf-8

2022-03-24 12:50:39,686 
Success in getting page: 659
Response code: 200
Encoding: utf-8

2022-03-24 12:50:40,569 
Success in getting page: 660
Response code: 200
Encoding: utf-8

2022-03-24 12:50:41,332 
Success in getting page: 661
Response code: 200
Encoding: utf-8

2022-03-24 12:50:42,143 
Success in getting page: 662
Response code: 200
Encoding: utf-8

2022-03-24 12:50:42,974 
Success in getting page: 663
Response code: 200
Encoding: utf-8

2022-03-24 12:50:43,796 
Success in getting page: 664
Response code: 200
Encoding: utf-8

2022-03-24 12:50:45,003 
Success in getting page: 665
Response code: 200
Encoding: utf-8

2022-03-24 12:50:45,785 
Success in getting page: 666
Response code: 200
Encoding: utf-8

2022-03-24 12:50:46,588 
Success in getting page: 667
Response code: 200
Encoding: utf-8

2022-03-24 12:50:47,380 
Success in getting page: 668
Response code: 200
Encoding: utf-8

2022-03-24 12:50:48,270 
Success in getting page: 669
Response code: 200
Encoding: utf-8

2022-03-24 12:50:49,045 
Success in getting page: 670
Response code: 200
Encoding: utf-8

2022-03-24 12:50:49,854 
Success in getting page: 671
Response code: 200
Encoding: utf-8

2022-03-24 12:50:50,620 
Success in getting page: 672
Response code: 200
Encoding: utf-8

2022-03-24 12:50:51,398 
Success in getting page: 673
Response code: 200
Encoding: utf-8

2022-03-24 12:50:52,217 
Success in getting page: 674
Response code: 200
Encoding: utf-8

2022-03-24 12:50:53,029 
Success in getting page: 675
Response code: 200
Encoding: utf-8

2022-03-24 12:50:53,830 
Success in getting page: 676
Response code: 200
Encoding: utf-8

2022-03-24 12:50:54,617 
Success in getting page: 677
Response code: 200
Encoding: utf-8

2022-03-24 12:50:55,425 
Success in getting page: 678
Response code: 200
Encoding: utf-8

2022-03-24 12:50:56,132 
Success in getting page: 679
Response code: 200
Encoding: utf-8

2022-03-24 12:50:56,930 
Success in getting page: 680
Response code: 200
Encoding: utf-8

2022-03-24 12:50:57,750 
Success in getting page: 681
Response code: 200
Encoding: utf-8

2022-03-24 12:50:58,475 
Success in getting page: 682
Response code: 200
Encoding: utf-8

2022-03-24 12:50:59,257 
Success in getting page: 683
Response code: 200
Encoding: utf-8

2022-03-24 12:51:00,073 
Success in getting page: 684
Response code: 200
Encoding: utf-8

2022-03-24 12:51:00,833 
Success in getting page: 685
Response code: 200
Encoding: utf-8

2022-03-24 12:51:01,649 
Success in getting page: 686
Response code: 200
Encoding: utf-8

2022-03-24 12:51:02,448 
Success in getting page: 687
Response code: 200
Encoding: utf-8

2022-03-24 12:51:03,233 
Success in getting page: 688
Response code: 200
Encoding: utf-8

2022-03-24 12:51:04,045 
Success in getting page: 689
Response code: 200
Encoding: utf-8

2022-03-24 12:51:04,957 
Success in getting page: 690
Response code: 200
Encoding: utf-8

2022-03-24 12:51:05,807 
Success in getting page: 691
Response code: 200
Encoding: utf-8

2022-03-24 12:51:06,642 
Success in getting page: 692
Response code: 200
Encoding: utf-8

2022-03-24 12:51:07,426 
Success in getting page: 693
Response code: 200
Encoding: utf-8

2022-03-24 12:51:08,170 
Success in getting page: 694
Response code: 200
Encoding: utf-8

2022-03-24 12:51:09,011 
Success in getting page: 695
Response code: 200
Encoding: utf-8

2022-03-24 12:51:09,826 
Success in getting page: 696
Response code: 200
Encoding: utf-8

2022-03-24 12:51:10,739 
Success in getting page: 697
Response code: 200
Encoding: utf-8

2022-03-24 12:51:11,516 
Success in getting page: 698
Response code: 200
Encoding: utf-8

2022-03-24 12:51:12,313 
Success in getting page: 699
Response code: 200
Encoding: utf-8

2022-03-24 12:51:13,143 
Success in getting page: 700
Response code: 200
Encoding: utf-8

2022-03-24 12:51:13,911 
Success in getting page: 701
Response code: 200
Encoding: utf-8

2022-03-24 12:51:14,673 
Success in getting page: 702
Response code: 200
Encoding: utf-8

2022-03-24 12:51:15,396 
Success in getting page: 703
Response code: 200
Encoding: utf-8

2022-03-24 12:51:16,117 
Success in getting page: 704
Response code: 200
Encoding: utf-8

2022-03-24 12:51:16,906 
Success in getting page: 705
Response code: 200
Encoding: utf-8

2022-03-24 12:51:17,693 
Success in getting page: 706
Response code: 200
Encoding: utf-8

2022-03-24 12:51:18,429 
Success in getting page: 707
Response code: 200
Encoding: utf-8

2022-03-24 12:51:19,223 
Success in getting page: 708
Response code: 200
Encoding: utf-8

2022-03-24 12:51:20,023 
Success in getting page: 709
Response code: 200
Encoding: utf-8

2022-03-24 12:51:21,291 
Success in getting page: 710
Response code: 200
Encoding: utf-8

2022-03-24 12:51:22,220 
Success in getting page: 711
Response code: 200
Encoding: utf-8

2022-03-24 12:51:22,961 
Success in getting page: 712
Response code: 200
Encoding: utf-8

2022-03-24 12:51:24,357 
Success in getting page: 713
Response code: 200
Encoding: utf-8

2022-03-24 12:51:25,625 
Success in getting page: 714
Response code: 200
Encoding: utf-8

2022-03-24 12:51:26,493 
Success in getting page: 715
Response code: 200
Encoding: utf-8

2022-03-24 12:51:27,363 
Success in getting page: 716
Response code: 200
Encoding: utf-8

2022-03-24 12:51:28,120 
Success in getting page: 717
Response code: 200
Encoding: utf-8

2022-03-24 12:51:29,030 
Success in getting page: 718
Response code: 200
Encoding: utf-8

2022-03-24 12:51:29,826 
Success in getting page: 719
Response code: 200
Encoding: utf-8

2022-03-24 12:51:30,737 
Success in getting page: 720
Response code: 200
Encoding: utf-8

2022-03-24 12:51:33,012 
Success in getting page: 721
Response code: 200
Encoding: utf-8

2022-03-24 12:52:05,298 
Success in getting page: 722
Response code: 200
Encoding: utf-8

2022-03-24 12:52:08,116 
Success in getting page: 723
Response code: 200
Encoding: utf-8

2022-03-24 12:52:08,903 
Success in getting page: 724
Response code: 200
Encoding: utf-8

2022-03-24 12:52:10,224 
Success in getting page: 725
Response code: 200
Encoding: utf-8

2022-03-24 12:52:11,003 
Success in getting page: 726
Response code: 200
Encoding: utf-8

2022-03-24 12:52:12,004 
Success in getting page: 727
Response code: 200
Encoding: utf-8

2022-03-24 12:52:12,909 
Success in getting page: 728
Response code: 200
Encoding: utf-8

2022-03-24 12:52:13,609 
Success in getting page: 729
Response code: 200
Encoding: utf-8

2022-03-24 12:52:14,348 
Success in getting page: 730
Response code: 200
Encoding: utf-8

2022-03-24 12:52:15,287 
Success in getting page: 731
Response code: 200
Encoding: utf-8

2022-03-24 12:52:15,981 
Success in getting page: 732
Response code: 200
Encoding: utf-8

2022-03-24 12:52:16,961 
Success in getting page: 733
Response code: 200
Encoding: utf-8

2022-03-24 12:52:17,692 
Success in getting page: 734
Response code: 200
Encoding: utf-8

2022-03-24 12:52:18,731 
Success in getting page: 735
Response code: 200
Encoding: utf-8

2022-03-24 12:52:20,007 
Success in getting page: 736
Response code: 200
Encoding: utf-8

2022-03-24 12:52:21,667 
Success in getting page: 737
Response code: 200
Encoding: utf-8

2022-03-24 12:52:22,450 
Success in getting page: 738
Response code: 200
Encoding: utf-8

2022-03-24 12:52:23,129 
Success in getting page: 739
Response code: 200
Encoding: utf-8

2022-03-24 12:52:24,427 
Success in getting page: 740
Response code: 200
Encoding: utf-8

2022-03-24 12:52:25,567 
Success in getting page: 741
Response code: 200
Encoding: utf-8

2022-03-24 12:52:26,350 
Success in getting page: 742
Response code: 200
Encoding: utf-8

2022-03-24 12:52:27,520 
Success in getting page: 743
Response code: 200
Encoding: utf-8

2022-03-24 12:52:28,325 
Success in getting page: 744
Response code: 200
Encoding: utf-8

2022-03-24 12:52:29,094 
Success in getting page: 745
Response code: 200
Encoding: utf-8

2022-03-24 12:52:29,914 
Success in getting page: 746
Response code: 200
Encoding: utf-8

2022-03-24 12:52:30,704 
Success in getting page: 747
Response code: 200
Encoding: utf-8

2022-03-24 12:52:31,441 
Success in getting page: 748
Response code: 200
Encoding: utf-8

2022-03-24 12:52:32,307 
Success in getting page: 749
Response code: 200
Encoding: utf-8

2022-03-24 12:52:33,169 
Success in getting page: 750
Response code: 200
Encoding: utf-8

2022-03-24 12:52:34,069 
Success in getting page: 751
Response code: 200
Encoding: utf-8

2022-03-24 12:52:34,899 
Success in getting page: 752
Response code: 200
Encoding: utf-8

2022-03-24 12:52:35,626 
Success in getting page: 753
Response code: 200
Encoding: utf-8

2022-03-24 12:52:36,802 
Success in getting page: 754
Response code: 200
Encoding: utf-8

2022-03-24 12:52:37,610 
Success in getting page: 755
Response code: 200
Encoding: utf-8

2022-03-24 12:52:38,376 
Success in getting page: 756
Response code: 200
Encoding: utf-8

2022-03-24 12:52:39,158 
Success in getting page: 757
Response code: 200
Encoding: utf-8

2022-03-24 12:52:40,065 
Success in getting page: 758
Response code: 200
Encoding: utf-8

2022-03-24 12:52:40,911 
Success in getting page: 759
Response code: 200
Encoding: utf-8

2022-03-24 12:52:41,745 
Success in getting page: 760
Response code: 200
Encoding: utf-8

2022-03-24 12:52:42,606 
Success in getting page: 761
Response code: 200
Encoding: utf-8

2022-03-24 12:52:43,847 
Success in getting page: 762
Response code: 200
Encoding: utf-8

2022-03-24 12:52:44,618 
Success in getting page: 763
Response code: 200
Encoding: utf-8

2022-03-24 12:52:45,564 
Success in getting page: 764
Response code: 200
Encoding: utf-8

2022-03-24 12:52:46,440 
Success in getting page: 765
Response code: 200
Encoding: utf-8

2022-03-24 12:52:47,243 
Success in getting page: 766
Response code: 200
Encoding: utf-8

2022-03-24 12:52:48,098 
Success in getting page: 767
Response code: 200
Encoding: utf-8

2022-03-24 12:52:48,848 
Success in getting page: 768
Response code: 200
Encoding: utf-8

2022-03-24 12:52:49,653 
Success in getting page: 769
Response code: 200
Encoding: utf-8

2022-03-24 12:52:50,513 
Success in getting page: 770
Response code: 200
Encoding: utf-8

2022-03-24 12:52:51,363 
Success in getting page: 771
Response code: 200
Encoding: utf-8

2022-03-24 12:52:52,145 
Success in getting page: 772
Response code: 200
Encoding: utf-8

2022-03-24 12:52:53,509 
Success in getting page: 773
Response code: 200
Encoding: utf-8

2022-03-24 12:52:54,342 
Success in getting page: 774
Response code: 200
Encoding: utf-8

2022-03-24 12:52:55,174 
Success in getting page: 775
Response code: 200
Encoding: utf-8

2022-03-24 12:52:55,992 
Success in getting page: 776
Response code: 200
Encoding: utf-8

2022-03-24 12:52:56,737 
Success in getting page: 777
Response code: 200
Encoding: utf-8

2022-03-24 12:52:57,648 
Success in getting page: 778
Response code: 200
Encoding: utf-8

2022-03-24 12:52:58,469 
Success in getting page: 779
Response code: 200
Encoding: utf-8

2022-03-24 12:52:59,268 
Success in getting page: 780
Response code: 200
Encoding: utf-8

2022-03-24 12:53:00,165 
Success in getting page: 781
Response code: 200
Encoding: utf-8

2022-03-24 12:53:01,052 
Success in getting page: 782
Response code: 200
Encoding: utf-8

2022-03-24 12:53:01,921 
Success in getting page: 783
Response code: 200
Encoding: utf-8

2022-03-24 12:53:02,632 
Success in getting page: 784
Response code: 200
Encoding: utf-8

2022-03-24 12:53:03,430 
Success in getting page: 785
Response code: 200
Encoding: utf-8

2022-03-24 12:53:04,230 
Success in getting page: 786
Response code: 200
Encoding: utf-8

2022-03-24 12:53:05,079 
Success in getting page: 787
Response code: 200
Encoding: utf-8

2022-03-24 12:53:05,818 
Success in getting page: 788
Response code: 200
Encoding: utf-8

2022-03-24 12:53:06,597 
Success in getting page: 789
Response code: 200
Encoding: utf-8

2022-03-24 12:53:07,476 
Success in getting page: 790
Response code: 200
Encoding: utf-8

2022-03-24 12:53:08,434 
Success in getting page: 791
Response code: 200
Encoding: utf-8

2022-03-24 12:53:09,363 
Success in getting page: 792
Response code: 200
Encoding: utf-8

2022-03-24 12:53:10,146 
Success in getting page: 793
Response code: 200
Encoding: utf-8

2022-03-24 12:53:11,021 
Success in getting page: 794
Response code: 200
Encoding: utf-8

2022-03-24 12:53:11,785 
Success in getting page: 795
Response code: 200
Encoding: utf-8

2022-03-24 12:53:12,634 
Success in getting page: 796
Response code: 200
Encoding: utf-8

2022-03-24 12:53:16,194 
Success in getting page: 797
Response code: 200
Encoding: utf-8

2022-03-24 12:53:17,032 
Success in getting page: 798
Response code: 200
Encoding: utf-8

2022-03-24 12:53:17,868 
Success in getting page: 799
Response code: 200
Encoding: utf-8

2022-03-24 12:53:18,681 
Success in getting page: 800
Response code: 200
Encoding: utf-8

2022-03-24 12:53:19,533 
Success in getting page: 801
Response code: 200
Encoding: utf-8

2022-03-24 12:53:20,284 
Success in getting page: 802
Response code: 200
Encoding: utf-8

2022-03-24 12:53:21,032 
Success in getting page: 803
Response code: 200
Encoding: utf-8

2022-03-24 12:53:21,807 
Success in getting page: 804
Response code: 200
Encoding: utf-8

2022-03-24 12:53:22,525 
Success in getting page: 805
Response code: 200
Encoding: utf-8

2022-03-24 12:53:23,344 
Success in getting page: 806
Response code: 200
Encoding: utf-8

2022-03-24 12:53:24,490 
Success in getting page: 807
Response code: 200
Encoding: utf-8

2022-03-24 12:53:25,447 
Success in getting page: 808
Response code: 200
Encoding: utf-8

2022-03-24 12:53:26,234 
Success in getting page: 809
Response code: 200
Encoding: utf-8

2022-03-24 12:53:27,298 
Success in getting page: 810
Response code: 200
Encoding: utf-8

2022-03-24 12:53:28,035 
Success in getting page: 811
Response code: 200
Encoding: utf-8

2022-03-24 12:53:28,901 
Success in getting page: 812
Response code: 200
Encoding: utf-8

2022-03-24 12:53:29,663 
Success in getting page: 813
Response code: 200
Encoding: utf-8

2022-03-24 12:53:30,505 
Success in getting page: 814
Response code: 200
Encoding: utf-8

2022-03-24 12:53:31,471 
Success in getting page: 815
Response code: 200
Encoding: utf-8

2022-03-24 12:53:32,199 
Success in getting page: 816
Response code: 200
Encoding: utf-8

2022-03-24 12:53:32,949 
Success in getting page: 817
Response code: 200
Encoding: utf-8

2022-03-24 12:53:33,797 
Success in getting page: 818
Response code: 200
Encoding: utf-8

2022-03-24 12:53:34,528 
Success in getting page: 819
Response code: 200
Encoding: utf-8

2022-03-24 12:53:35,401 
Success in getting page: 820
Response code: 200
Encoding: utf-8

2022-03-24 12:53:36,425 
Success in getting page: 821
Response code: 200
Encoding: utf-8

2022-03-24 12:53:37,365 
Success in getting page: 822
Response code: 200
Encoding: utf-8

2022-03-24 12:53:38,115 
Success in getting page: 823
Response code: 200
Encoding: utf-8

2022-03-24 12:53:38,974 
Success in getting page: 824
Response code: 200
Encoding: utf-8

2022-03-24 12:53:39,813 
Success in getting page: 825
Response code: 200
Encoding: utf-8

2022-03-24 12:53:40,556 
Success in getting page: 826
Response code: 200
Encoding: utf-8

2022-03-24 12:53:41,436 
Success in getting page: 827
Response code: 200
Encoding: utf-8

2022-03-24 12:53:42,223 
Success in getting page: 828
Response code: 200
Encoding: utf-8

2022-03-24 12:53:42,931 
Success in getting page: 829
Response code: 200
Encoding: utf-8

2022-03-24 12:53:44,321 
Success in getting page: 830
Response code: 200
Encoding: utf-8

2022-03-24 12:53:45,086 
Success in getting page: 831
Response code: 200
Encoding: utf-8

2022-03-24 12:53:46,011 
Success in getting page: 832
Response code: 200
Encoding: utf-8

2022-03-24 12:53:46,838 
Success in getting page: 833
Response code: 200
Encoding: utf-8

2022-03-24 12:53:47,717 
Success in getting page: 834
Response code: 200
Encoding: utf-8

2022-03-24 12:53:48,588 
Success in getting page: 835
Response code: 200
Encoding: utf-8

2022-03-24 12:53:49,455 
Success in getting page: 836
Response code: 200
Encoding: utf-8

2022-03-24 12:53:50,316 
Success in getting page: 837
Response code: 200
Encoding: utf-8

2022-03-24 12:53:51,375 
Success in getting page: 838
Response code: 200
Encoding: utf-8

2022-03-24 12:53:52,202 
Success in getting page: 839
Response code: 200
Encoding: utf-8

2022-03-24 12:53:52,986 
Success in getting page: 840
Response code: 200
Encoding: utf-8

2022-03-24 12:53:53,752 
Success in getting page: 841
Response code: 200
Encoding: utf-8

2022-03-24 12:53:54,531 
Success in getting page: 842
Response code: 200
Encoding: utf-8

2022-03-24 12:53:55,345 
Success in getting page: 843
Response code: 200
Encoding: utf-8

2022-03-24 12:53:56,169 
Success in getting page: 844
Response code: 200
Encoding: utf-8

2022-03-24 12:53:57,488 
Success in getting page: 845
Response code: 200
Encoding: utf-8

2022-03-24 12:53:58,443 
Success in getting page: 846
Response code: 200
Encoding: utf-8

2022-03-24 12:53:59,253 
Success in getting page: 847
Response code: 200
Encoding: utf-8

2022-03-24 12:54:00,686 
Success in getting page: 848
Response code: 200
Encoding: utf-8

2022-03-24 12:54:01,436 
Success in getting page: 849
Response code: 200
Encoding: utf-8

2022-03-24 12:54:02,555 
Success in getting page: 850
Response code: 200
Encoding: utf-8

2022-03-24 12:54:03,596 
Success in getting page: 851
Response code: 200
Encoding: utf-8

2022-03-24 12:54:07,918 
Success in getting page: 852
Response code: 200
Encoding: utf-8

2022-03-24 12:54:09,865 
Success in getting page: 853
Response code: 200
Encoding: utf-8

2022-03-24 12:54:10,529 
Success in getting page: 854
Response code: 200
Encoding: utf-8

2022-03-24 12:54:11,324 
Success in getting page: 855
Response code: 200
Encoding: utf-8

2022-03-24 12:54:12,021 
Success in getting page: 856
Response code: 200
Encoding: utf-8

2022-03-24 12:54:12,942 
Success in getting page: 857
Response code: 200
Encoding: utf-8

2022-03-24 12:54:13,706 
Success in getting page: 858
Response code: 200
Encoding: utf-8

2022-03-24 12:54:14,442 
Success in getting page: 859
Response code: 200
Encoding: utf-8

2022-03-24 12:54:15,409 
Success in getting page: 860
Response code: 200
Encoding: utf-8

2022-03-24 12:54:16,539 
Success in getting page: 861
Response code: 200
Encoding: utf-8

2022-03-24 12:54:17,621 
Success in getting page: 862
Response code: 200
Encoding: utf-8

2022-03-24 12:54:18,380 
Success in getting page: 863
Response code: 200
Encoding: utf-8

2022-03-24 12:54:19,158 
Success in getting page: 864
Response code: 200
Encoding: utf-8

2022-03-24 12:54:19,962 
Success in getting page: 865
Response code: 200
Encoding: utf-8

2022-03-24 12:54:20,802 
Success in getting page: 866
Response code: 200
Encoding: utf-8

2022-03-24 12:54:21,641 
Success in getting page: 867
Response code: 200
Encoding: utf-8

2022-03-24 12:54:22,608 
Success in getting page: 868
Response code: 200
Encoding: utf-8

2022-03-24 12:54:23,512 
Success in getting page: 869
Response code: 200
Encoding: utf-8

2022-03-24 12:54:24,309 
Success in getting page: 870
Response code: 200
Encoding: utf-8

2022-03-24 12:54:25,457 
Success in getting page: 871
Response code: 200
Encoding: utf-8

2022-03-24 12:54:26,637 
Success in getting page: 872
Response code: 200
Encoding: utf-8

2022-03-24 12:54:27,353 
Success in getting page: 873
Response code: 200
Encoding: utf-8

2022-03-24 12:54:28,154 
Success in getting page: 874
Response code: 200
Encoding: utf-8

2022-03-24 12:54:28,889 
Success in getting page: 875
Response code: 200
Encoding: utf-8

2022-03-24 12:54:29,702 
Success in getting page: 876
Response code: 200
Encoding: utf-8

2022-03-24 12:54:30,490 
Success in getting page: 877
Response code: 200
Encoding: utf-8

2022-03-24 12:54:31,206 
Success in getting page: 878
Response code: 200
Encoding: utf-8

2022-03-24 12:54:32,350 
Success in getting page: 879
Response code: 200
Encoding: utf-8

2022-03-24 12:54:33,142 
Success in getting page: 880
Response code: 200
Encoding: utf-8

2022-03-24 12:54:33,972 
Success in getting page: 881
Response code: 200
Encoding: utf-8

2022-03-24 12:54:34,925 
Success in getting page: 882
Response code: 200
Encoding: utf-8

2022-03-24 12:54:35,680 
Success in getting page: 883
Response code: 200
Encoding: utf-8

2022-03-24 12:54:38,637 
Success in getting page: 884
Response code: 200
Encoding: utf-8

2022-03-24 12:54:39,392 
Success in getting page: 885
Response code: 200
Encoding: utf-8

2022-03-24 12:54:40,242 
Success in getting page: 886
Response code: 200
Encoding: utf-8

2022-03-24 12:54:41,018 
Success in getting page: 887
Response code: 200
Encoding: utf-8

2022-03-24 12:54:41,729 
Success in getting page: 888
Response code: 200
Encoding: utf-8

2022-03-24 12:54:42,505 
Success in getting page: 889
Response code: 200
Encoding: utf-8

2022-03-24 12:54:43,352 
Success in getting page: 890
Response code: 200
Encoding: utf-8

2022-03-24 12:54:44,164 
Success in getting page: 891
Response code: 200
Encoding: utf-8

2022-03-24 12:54:44,935 
Success in getting page: 892
Response code: 200
Encoding: utf-8

2022-03-24 12:54:45,643 
Success in getting page: 893
Response code: 200
Encoding: utf-8

2022-03-24 12:54:46,425 
Success in getting page: 894
Response code: 200
Encoding: utf-8

2022-03-24 12:54:47,164 
Success in getting page: 895
Response code: 200
Encoding: utf-8

2022-03-24 12:54:47,968 
Success in getting page: 896
Response code: 200
Encoding: utf-8

2022-03-24 12:54:48,746 
Success in getting page: 897
Response code: 200
Encoding: utf-8

2022-03-24 12:54:49,803 
Success in getting page: 898
Response code: 200
Encoding: utf-8

2022-03-24 12:54:50,562 
Success in getting page: 899
Response code: 200
Encoding: utf-8

2022-03-24 12:54:51,311 
Success in getting page: 900
Response code: 200
Encoding: utf-8

2022-03-24 12:54:52,049 
Success in getting page: 901
Response code: 200
Encoding: utf-8

2022-03-24 12:54:52,756 
Success in getting page: 902
Response code: 200
Encoding: utf-8

2022-03-24 12:54:53,494 
Success in getting page: 903
Response code: 200
Encoding: utf-8

2022-03-24 12:54:54,252 
Success in getting page: 904
Response code: 200
Encoding: utf-8

2022-03-24 12:54:56,038 
Success in getting page: 905
Response code: 200
Encoding: utf-8

2022-03-24 12:54:56,835 
Success in getting page: 906
Response code: 200
Encoding: utf-8

2022-03-24 12:54:57,656 
Success in getting page: 907
Response code: 200
Encoding: utf-8

2022-03-24 12:54:58,412 
Success in getting page: 908
Response code: 200
Encoding: utf-8

2022-03-24 12:54:59,227 
Success in getting page: 909
Response code: 200
Encoding: utf-8

2022-03-24 12:54:59,990 
Success in getting page: 910
Response code: 200
Encoding: utf-8

2022-03-24 12:55:00,821 
Success in getting page: 911
Response code: 200
Encoding: utf-8

2022-03-24 12:55:01,661 
Success in getting page: 912
Response code: 200
Encoding: utf-8

2022-03-24 12:55:02,344 
Success in getting page: 913
Response code: 200
Encoding: utf-8

2022-03-24 12:55:03,058 
Success in getting page: 914
Response code: 200
Encoding: utf-8

2022-03-24 12:55:03,813 
Success in getting page: 915
Response code: 200
Encoding: utf-8

2022-03-24 12:55:04,710 
Success in getting page: 916
Response code: 200
Encoding: utf-8

2022-03-24 12:55:05,455 
Success in getting page: 917
Response code: 200
Encoding: utf-8

2022-03-24 12:55:06,169 
Success in getting page: 918
Response code: 200
Encoding: utf-8

2022-03-24 12:55:06,913 
Success in getting page: 919
Response code: 200
Encoding: utf-8

2022-03-24 12:55:07,751 
Success in getting page: 920
Response code: 200
Encoding: utf-8

2022-03-24 12:55:08,514 
Success in getting page: 921
Response code: 200
Encoding: utf-8

2022-03-24 12:55:09,326 
Success in getting page: 922
Response code: 200
Encoding: utf-8

2022-03-24 12:55:10,132 
Success in getting page: 923
Response code: 200
Encoding: utf-8

2022-03-24 12:55:10,963 
Success in getting page: 924
Response code: 200
Encoding: utf-8

2022-03-24 12:55:11,754 
Success in getting page: 925
Response code: 200
Encoding: utf-8

2022-03-24 12:55:12,533 
Success in getting page: 926
Response code: 200
Encoding: utf-8

2022-03-24 12:55:13,436 
Success in getting page: 927
Response code: 200
Encoding: utf-8

2022-03-24 12:55:14,257 
Success in getting page: 928
Response code: 200
Encoding: utf-8

2022-03-24 12:55:15,047 
Success in getting page: 929
Response code: 200
Encoding: utf-8

2022-03-24 12:55:15,863 
Success in getting page: 930
Response code: 200
Encoding: utf-8

2022-03-24 12:55:16,765 
Success in getting page: 931
Response code: 200
Encoding: utf-8

2022-03-24 12:55:17,555 
Success in getting page: 932
Response code: 200
Encoding: utf-8

2022-03-24 12:55:18,579 
Success in getting page: 933
Response code: 200
Encoding: utf-8

2022-03-24 12:55:19,570 
Success in getting page: 934
Response code: 200
Encoding: utf-8

2022-03-24 12:55:20,355 
Success in getting page: 935
Response code: 200
Encoding: utf-8

2022-03-24 12:55:21,351 
Success in getting page: 936
Response code: 200
Encoding: utf-8

2022-03-24 12:55:22,184 
Success in getting page: 937
Response code: 200
Encoding: utf-8

2022-03-24 12:55:22,898 
Success in getting page: 938
Response code: 200
Encoding: utf-8

2022-03-24 12:55:23,696 
Success in getting page: 939
Response code: 200
Encoding: utf-8

2022-03-24 12:55:24,510 
Success in getting page: 940
Response code: 200
Encoding: utf-8

2022-03-24 12:55:25,385 
Success in getting page: 941
Response code: 200
Encoding: utf-8

2022-03-24 12:55:26,144 
Success in getting page: 942
Response code: 200
Encoding: utf-8

2022-03-24 12:55:26,878 
Success in getting page: 943
Response code: 200
Encoding: utf-8

2022-03-24 12:55:28,240 
Success in getting page: 944
Response code: 200
Encoding: utf-8

2022-03-24 12:55:29,047 
Success in getting page: 945
Response code: 200
Encoding: utf-8

2022-03-24 12:55:29,910 
Success in getting page: 946
Response code: 200
Encoding: utf-8

2022-03-24 12:55:30,699 
Success in getting page: 947
Response code: 200
Encoding: utf-8

2022-03-24 12:55:31,399 
Success in getting page: 948
Response code: 200
Encoding: utf-8

2022-03-24 12:55:32,202 
Success in getting page: 949
Response code: 200
Encoding: utf-8

2022-03-24 12:55:33,020 
Success in getting page: 950
Response code: 200
Encoding: utf-8

2022-03-24 12:55:33,852 
Success in getting page: 951
Response code: 200
Encoding: utf-8

2022-03-24 12:55:34,750 
Success in getting page: 952
Response code: 200
Encoding: utf-8

2022-03-24 12:55:35,601 
Success in getting page: 953
Response code: 200
Encoding: utf-8

2022-03-24 12:55:36,357 
Success in getting page: 954
Response code: 200
Encoding: utf-8

2022-03-24 12:55:38,922 
Success in getting page: 955
Response code: 200
Encoding: utf-8

2022-03-24 12:55:39,756 
Success in getting page: 956
Response code: 200
Encoding: utf-8

2022-03-24 12:55:40,526 
Success in getting page: 957
Response code: 200
Encoding: utf-8

2022-03-24 12:55:41,688 
Success in getting page: 958
Response code: 200
Encoding: utf-8

2022-03-24 12:55:42,653 
Success in getting page: 959
Response code: 200
Encoding: utf-8

2022-03-24 12:55:43,474 
Success in getting page: 960
Response code: 200
Encoding: utf-8

2022-03-24 12:55:44,781 
Success in getting page: 961
Response code: 200
Encoding: utf-8

2022-03-24 12:55:45,582 
Success in getting page: 962
Response code: 200
Encoding: utf-8

2022-03-24 12:55:49,572 
Success in getting page: 963
Response code: 200
Encoding: utf-8

2022-03-24 12:55:50,373 
Success in getting page: 964
Response code: 200
Encoding: utf-8

2022-03-24 12:55:51,399 
Success in getting page: 965
Response code: 200
Encoding: utf-8

2022-03-24 12:55:52,596 
Success in getting page: 966
Response code: 200
Encoding: utf-8

2022-03-24 12:55:53,380 
Success in getting page: 967
Response code: 200
Encoding: utf-8

2022-03-24 12:55:54,186 
Success in getting page: 968
Response code: 200
Encoding: utf-8

2022-03-24 12:55:54,906 
Success in getting page: 969
Response code: 200
Encoding: utf-8

2022-03-24 12:55:55,862 
Success in getting page: 970
Response code: 200
Encoding: utf-8

2022-03-24 12:55:56,804 
Success in getting page: 971
Response code: 200
Encoding: utf-8

2022-03-24 12:56:00,806 
Success in getting page: 972
Response code: 200
Encoding: utf-8

2022-03-24 12:56:02,784 
Success in getting page: 973
Response code: 200
Encoding: utf-8

2022-03-24 12:56:03,711 
Success in getting page: 974
Response code: 200
Encoding: utf-8

2022-03-24 12:56:04,601 
Success in getting page: 975
Response code: 200
Encoding: utf-8

2022-03-24 12:56:05,406 
Success in getting page: 976
Response code: 200
Encoding: utf-8

2022-03-24 12:56:06,210 
Success in getting page: 977
Response code: 200
Encoding: utf-8

2022-03-24 12:56:07,023 
Success in getting page: 978
Response code: 200
Encoding: utf-8

2022-03-24 12:56:07,800 
Success in getting page: 979
Response code: 200
Encoding: utf-8

2022-03-24 12:56:08,622 
Success in getting page: 980
Response code: 200
Encoding: utf-8

2022-03-24 12:56:09,389 
Success in getting page: 981
Response code: 200
Encoding: utf-8

2022-03-24 12:56:10,217 
Success in getting page: 982
Response code: 200
Encoding: utf-8

2022-03-24 12:56:11,020 
Success in getting page: 983
Response code: 200
Encoding: utf-8

2022-03-24 12:56:11,902 
Success in getting page: 984
Response code: 200
Encoding: utf-8

2022-03-24 12:56:12,689 
Success in getting page: 985
Response code: 200
Encoding: utf-8

2022-03-24 12:56:13,402 
Success in getting page: 986
Response code: 200
Encoding: utf-8

2022-03-24 12:56:14,099 
Success in getting page: 987
Response code: 200
Encoding: utf-8

2022-03-24 12:56:14,819 
Success in getting page: 988
Response code: 200
Encoding: utf-8

2022-03-24 12:56:15,609 
Success in getting page: 989
Response code: 200
Encoding: utf-8

2022-03-24 12:56:17,101 
Success in getting page: 990
Response code: 200
Encoding: utf-8

2022-03-24 12:56:17,955 
Success in getting page: 991
Response code: 200
Encoding: utf-8

2022-03-24 12:56:18,786 
Success in getting page: 992
Response code: 200
Encoding: utf-8

2022-03-24 12:56:19,624 
Success in getting page: 993
Response code: 200
Encoding: utf-8

2022-03-24 12:56:20,362 
Success in getting page: 994
Response code: 200
Encoding: utf-8

2022-03-24 12:56:21,082 
Success in getting page: 995
Response code: 200
Encoding: utf-8

2022-03-24 12:56:21,898 
Success in getting page: 996
Response code: 200
Encoding: utf-8

2022-03-24 12:56:22,689 
Success in getting page: 997
Response code: 200
Encoding: utf-8

2022-03-24 12:56:23,488 
Success in getting page: 998
Response code: 200
Encoding: utf-8

2022-03-24 12:56:24,378 
Success in getting page: 999
Response code: 200
Encoding: utf-8

2022-03-24 12:56:25,365 
Success in getting page: 1000
Response code: 200
Encoding: utf-8

